[0.061s] Invoking command in '/home/jeff/interbotix_ws/build/moveit_visual_tools': CMAKE_PREFIX_PATH=${CMAKE_PREFIX_PATH}:/home/jeff/interbotix_ws/install/px100_test:/home/jeff/interbotix_ws/install/interbotix_xs_modules:/home/jeff/interbotix_ws/install/interbotix_perception_modules:/home/jeff/interbotix_ws/install/interbotix_common_modules:/home/jeff/ws_moveit/install/moveit_configs_utils:/home/jeff/ws_moveit/install/launch_param_builder:/home/jeff/turtlebot3_ws/install/turtlebot3_teleop:/home/jeff/turtlebot3_ws/install/turtlebot3_example:/opt/ros/humble /usr/bin/cmake --build /home/jeff/interbotix_ws/build/moveit_visual_tools -- -j4 -l4
[0.307s] [ 66%] Built target moveit_visual_tools
[0.400s] [100%] Built target moveit_visual_tools_demo
[0.825s] Invoked command in '/home/jeff/interbotix_ws/build/moveit_visual_tools' returned '0': CMAKE_PREFIX_PATH=${CMAKE_PREFIX_PATH}:/home/jeff/interbotix_ws/install/px100_test:/home/jeff/interbotix_ws/install/interbotix_xs_modules:/home/jeff/interbotix_ws/install/interbotix_perception_modules:/home/jeff/interbotix_ws/install/interbotix_common_modules:/home/jeff/ws_moveit/install/moveit_configs_utils:/home/jeff/ws_moveit/install/launch_param_builder:/home/jeff/turtlebot3_ws/install/turtlebot3_teleop:/home/jeff/turtlebot3_ws/install/turtlebot3_example:/opt/ros/humble /usr/bin/cmake --build /home/jeff/interbotix_ws/build/moveit_visual_tools -- -j4 -l4
[0.826s] Invoking command in '/home/jeff/interbotix_ws/build/moveit_visual_tools': CMAKE_PREFIX_PATH=${CMAKE_PREFIX_PATH}:/home/jeff/interbotix_ws/install/px100_test:/home/jeff/interbotix_ws/install/interbotix_xs_modules:/home/jeff/interbotix_ws/install/interbotix_perception_modules:/home/jeff/interbotix_ws/install/interbotix_common_modules:/home/jeff/ws_moveit/install/moveit_configs_utils:/home/jeff/ws_moveit/install/launch_param_builder:/home/jeff/turtlebot3_ws/install/turtlebot3_teleop:/home/jeff/turtlebot3_ws/install/turtlebot3_example:/opt/ros/humble /usr/bin/cmake --install /home/jeff/interbotix_ws/build/moveit_visual_tools
[0.854s] -- Install configuration: "Release"
[0.855s] -- Up-to-date: /home/jeff/interbotix_ws/install/moveit_visual_tools/share/moveit_visual_tools/environment/library_path.sh
[0.857s] -- Up-to-date: /home/jeff/interbotix_ws/install/moveit_visual_tools/share/moveit_visual_tools/environment/library_path.dsv
[0.857s] -- Up-to-date: /home/jeff/interbotix_ws/install/moveit_visual_tools/lib/libmoveit_visual_tools.so
[0.857s] -- Up-to-date: /home/jeff/interbotix_ws/install/moveit_visual_tools/lib/moveit_visual_tools/moveit_visual_tools_demo
[0.857s] -- Up-to-date: /home/jeff/interbotix_ws/install/moveit_visual_tools/include
[0.857s] -- Up-to-date: /home/jeff/interbotix_ws/install/moveit_visual_tools/include/moveit_visual_tools
[0.857s] -- Up-to-date: /home/jeff/interbotix_ws/install/moveit_visual_tools/include/moveit_visual_tools/moveit_visual_tools.h
[0.858s] -- Up-to-date: /home/jeff/interbotix_ws/install/moveit_visual_tools/include/moveit_visual_tools/imarker_end_effector.h
[0.860s] -- Up-to-date: /home/jeff/interbotix_ws/install/moveit_visual_tools/include/moveit_visual_tools/imarker_robot_state.h
[0.861s] -- Up-to-date: /home/jeff/interbotix_ws/install/moveit_visual_tools/share/moveit_visual_tools/launch
[0.861s] -- Up-to-date: /home/jeff/interbotix_ws/install/moveit_visual_tools/share/moveit_visual_tools/launch/demo.rviz
[0.861s] -- Up-to-date: /home/jeff/interbotix_ws/install/moveit_visual_tools/share/moveit_visual_tools/launch/demo_rviz.launch.py
[0.861s] -- Up-to-date: /home/jeff/interbotix_ws/install/moveit_visual_tools/share/moveit_visual_tools/resources
[0.861s] -- Up-to-date: /home/jeff/interbotix_ws/install/moveit_visual_tools/share/moveit_visual_tools/resources/rrbot.srdf
[0.862s] -- Up-to-date: /home/jeff/interbotix_ws/install/moveit_visual_tools/share/moveit_visual_tools/resources/rrbot.urdf
[0.862s] -- Up-to-date: /home/jeff/interbotix_ws/install/moveit_visual_tools/share/moveit_visual_tools/resources/demo_mesh.stl
[0.862s] -- Up-to-date: /home/jeff/interbotix_ws/install/moveit_visual_tools/share/moveit_visual_tools/resources/screenshot.png
[0.862s] -- Up-to-date: /home/jeff/interbotix_ws/install/moveit_visual_tools/share/moveit_visual_tools/resources/demo.png
[0.862s] -- Up-to-date: /home/jeff/interbotix_ws/install/moveit_visual_tools/share/ament_index/resource_index/package_run_dependencies/moveit_visual_tools
[0.862s] -- Up-to-date: /home/jeff/interbotix_ws/install/moveit_visual_tools/share/ament_index/resource_index/parent_prefix_path/moveit_visual_tools
[0.862s] -- Up-to-date: /home/jeff/interbotix_ws/install/moveit_visual_tools/share/moveit_visual_tools/environment/ament_prefix_path.sh
[0.862s] -- Up-to-date: /home/jeff/interbotix_ws/install/moveit_visual_tools/share/moveit_visual_tools/environment/ament_prefix_path.dsv
[0.863s] -- Up-to-date: /home/jeff/interbotix_ws/install/moveit_visual_tools/share/moveit_visual_tools/environment/path.sh
[0.864s] -- Up-to-date: /home/jeff/interbotix_ws/install/moveit_visual_tools/share/moveit_visual_tools/environment/path.dsv
[0.864s] -- Up-to-date: /home/jeff/interbotix_ws/install/moveit_visual_tools/share/moveit_visual_tools/local_setup.bash
[0.864s] -- Up-to-date: /home/jeff/interbotix_ws/install/moveit_visual_tools/share/moveit_visual_tools/local_setup.sh
[0.864s] -- Up-to-date: /home/jeff/interbotix_ws/install/moveit_visual_tools/share/moveit_visual_tools/local_setup.zsh
[0.869s] -- Up-to-date: /home/jeff/interbotix_ws/install/moveit_visual_tools/share/moveit_visual_tools/local_setup.dsv
[0.870s] -- Installing: /home/jeff/interbotix_ws/install/moveit_visual_tools/share/moveit_visual_tools/package.dsv
[0.870s] -- Up-to-date: /home/jeff/interbotix_ws/install/moveit_visual_tools/share/ament_index/resource_index/packages/moveit_visual_tools
[0.870s] -- Up-to-date: /home/jeff/interbotix_ws/install/moveit_visual_tools/share/moveit_visual_tools/cmake/export_moveit_visual_toolsExport.cmake
[0.870s] -- Up-to-date: /home/jeff/interbotix_ws/install/moveit_visual_tools/share/moveit_visual_tools/cmake/export_moveit_visual_toolsExport-release.cmake
[0.870s] -- Up-to-date: /home/jeff/interbotix_ws/install/moveit_visual_tools/share/moveit_visual_tools/cmake/ament_cmake_export_targets-extras.cmake
[0.870s] -- Up-to-date: /home/jeff/interbotix_ws/install/moveit_visual_tools/share/moveit_visual_tools/cmake/ament_cmake_export_dependencies-extras.cmake
[0.870s] -- Up-to-date: /home/jeff/interbotix_ws/install/moveit_visual_tools/share/moveit_visual_tools/cmake/moveit_visual_toolsConfig.cmake
[0.870s] -- Up-to-date: /home/jeff/interbotix_ws/install/moveit_visual_tools/share/moveit_visual_tools/cmake/moveit_visual_toolsConfig-version.cmake
[0.870s] -- Up-to-date: /home/jeff/interbotix_ws/install/moveit_visual_tools/share/moveit_visual_tools/package.xml
[0.936s] Invoked command in '/home/jeff/interbotix_ws/build/moveit_visual_tools' returned '0': CMAKE_PREFIX_PATH=${CMAKE_PREFIX_PATH}:/home/jeff/interbotix_ws/install/px100_test:/home/jeff/interbotix_ws/install/interbotix_xs_modules:/home/jeff/interbotix_ws/install/interbotix_perception_modules:/home/jeff/interbotix_ws/install/interbotix_common_modules:/home/jeff/ws_moveit/install/moveit_configs_utils:/home/jeff/ws_moveit/install/launch_param_builder:/home/jeff/turtlebot3_ws/install/turtlebot3_teleop:/home/jeff/turtlebot3_ws/install/turtlebot3_example:/opt/ros/humble /usr/bin/cmake --install /home/jeff/interbotix_ws/build/moveit_visual_tools
