[0.012s] Invoking command in '/home/jeff/interbotix_ws/build/interbotix_moveit_interface_msgs': CMAKE_PREFIX_PATH=${CMAKE_PREFIX_PATH}:/home/jeff/ws_moveit/install/moveit_configs_utils:/home/jeff/ws_moveit/install/launch_param_builder:/home/jeff/turtlebot3_ws/install/turtlebot3_teleop:/home/jeff/turtlebot3_ws/install/turtlebot3_example:/opt/ros/humble /usr/bin/cmake /home/jeff/interbotix_ws/src/interbotix_ros_toolboxes/interbotix_common_toolbox/interbotix_moveit_interface_msgs -DCMAKE_INSTALL_PREFIX=/home/jeff/interbotix_ws/install/interbotix_moveit_interface_msgs
[0.066s] -- The C compiler identification is GNU 11.4.0
[0.115s] -- The CXX compiler identification is GNU 11.4.0
[0.122s] -- Detecting C compiler ABI info
[0.194s] -- Detecting C compiler ABI info - done
[0.200s] -- Check for working C compiler: /usr/bin/cc - skipped
[0.200s] -- Detecting C compile features
[0.200s] -- Detecting C compile features - done
[0.201s] -- Detecting CXX compiler ABI info
[0.277s] -- Detecting CXX compiler ABI info - done
[0.282s] -- Check for working CXX compiler: /usr/bin/c++ - skipped
[0.282s] -- Detecting CXX compile features
[0.282s] -- Detecting CXX compile features - done
[0.287s] -- Found rosidl_default_generators: 1.2.0 (/opt/ros/humble/share/rosidl_default_generators/cmake)
[0.293s] -- Found ament_cmake_core: 1.3.11 (/opt/ros/humble/share/ament_cmake_core/cmake)
[0.401s] -- Found Python3: /usr/bin/python3 (found version "3.10.12") found components: Interpreter 
[0.465s] -- Using all available rosidl_typesupport_c: rosidl_typesupport_fastrtps_c;rosidl_typesupport_introspection_c
[0.494s] -- Found rosidl_adapter: 3.1.6 (/opt/ros/humble/share/rosidl_adapter/cmake)
[0.649s] -- Using all available rosidl_typesupport_cpp: rosidl_typesupport_fastrtps_cpp;rosidl_typesupport_introspection_cpp
[0.700s] -- Found std_msgs: 4.8.0 (/opt/ros/humble/share/std_msgs/cmake)
[0.730s] -- Found geometry_msgs: 4.8.0 (/opt/ros/humble/share/geometry_msgs/cmake)
[0.987s] -- Found ament_cmake_ros: 0.10.0 (/opt/ros/humble/share/ament_cmake_ros/cmake)
[1.288s] -- Using all available rosidl_typesupport_c: rosidl_typesupport_fastrtps_c;rosidl_typesupport_introspection_c
[1.627s] -- Using all available rosidl_typesupport_cpp: rosidl_typesupport_fastrtps_cpp;rosidl_typesupport_introspection_cpp
[1.663s] -- Found PythonInterp: /usr/bin/python3 (found suitable version "3.10.12", minimum required is "3.6") 
[1.674s] -- Found python_cmake_module: 0.10.0 (/opt/ros/humble/share/python_cmake_module/cmake)
[1.707s] -- Found PythonLibs: /usr/lib/x86_64-linux-gnu/libpython3.10.so (found suitable version "3.10.12", minimum required is "3.5") 
[1.707s] -- Using PYTHON_EXECUTABLE: /usr/bin/python3
[1.707s] -- Using PYTHON_INCLUDE_DIRS: /usr/include/python3.10
[1.707s] -- Using PYTHON_LIBRARIES: /usr/lib/x86_64-linux-gnu/libpython3.10.so
[1.724s] -- Found PythonExtra: .so  
[1.864s] -- Found ament_lint_auto: 0.12.12 (/opt/ros/humble/share/ament_lint_auto/cmake)
[1.890s] -- Configuring done
[1.931s] -- Generating done
[1.944s] -- Build files have been written to: /home/jeff/interbotix_ws/build/interbotix_moveit_interface_msgs
[1.954s] Invoked command in '/home/jeff/interbotix_ws/build/interbotix_moveit_interface_msgs' returned '0': CMAKE_PREFIX_PATH=${CMAKE_PREFIX_PATH}:/home/jeff/ws_moveit/install/moveit_configs_utils:/home/jeff/ws_moveit/install/launch_param_builder:/home/jeff/turtlebot3_ws/install/turtlebot3_teleop:/home/jeff/turtlebot3_ws/install/turtlebot3_example:/opt/ros/humble /usr/bin/cmake /home/jeff/interbotix_ws/src/interbotix_ros_toolboxes/interbotix_common_toolbox/interbotix_moveit_interface_msgs -DCMAKE_INSTALL_PREFIX=/home/jeff/interbotix_ws/install/interbotix_moveit_interface_msgs
[1.955s] Invoking command in '/home/jeff/interbotix_ws/build/interbotix_moveit_interface_msgs': CMAKE_PREFIX_PATH=${CMAKE_PREFIX_PATH}:/home/jeff/ws_moveit/install/moveit_configs_utils:/home/jeff/ws_moveit/install/launch_param_builder:/home/jeff/turtlebot3_ws/install/turtlebot3_teleop:/home/jeff/turtlebot3_ws/install/turtlebot3_example:/opt/ros/humble /usr/bin/cmake --build /home/jeff/interbotix_ws/build/interbotix_moveit_interface_msgs -- -j4 -l4
[2.056s] [  3%] [34m[1mGenerating C code for ROS interfaces[0m
[2.066s] [  6%] [34m[1mGenerating C++ code for ROS interfaces[0m
[2.109s] [  6%] Built target ament_cmake_python_copy_interbotix_moveit_interface_msgs
[2.497s] running egg_info
[2.498s] creating interbotix_moveit_interface_msgs.egg-info
[2.499s] writing interbotix_moveit_interface_msgs.egg-info/PKG-INFO
[2.499s] writing dependency_links to interbotix_moveit_interface_msgs.egg-info/dependency_links.txt
[2.499s] writing top-level names to interbotix_moveit_interface_msgs.egg-info/top_level.txt
[2.504s] writing manifest file 'interbotix_moveit_interface_msgs.egg-info/SOURCES.txt'
[2.506s] reading manifest file 'interbotix_moveit_interface_msgs.egg-info/SOURCES.txt'
[2.506s] writing manifest file 'interbotix_moveit_interface_msgs.egg-info/SOURCES.txt'
[2.522s] [  6%] Built target interbotix_moveit_interface_msgs__cpp
[2.524s] [  9%] [32mBuilding C object CMakeFiles/interbotix_moveit_interface_msgs__rosidl_generator_c.dir/rosidl_generator_c/interbotix_moveit_interface_msgs/srv/detail/move_it_plan__functions.c.o[0m
[2.545s] [ 12%] [34m[1mGenerating C++ type support dispatch for ROS interfaces[0m
[2.549s] [ 16%] [34m[1mGenerating C++ type support for eProsima Fast-RTPS[0m
[2.565s] [ 16%] Built target ament_cmake_python_build_interbotix_moveit_interface_msgs_egg
[2.598s] [ 19%] [34m[1mGenerating C++ introspection for ROS interfaces[0m
[2.650s] [ 22%] [32m[1mLinking C shared library libinterbotix_moveit_interface_msgs__rosidl_generator_c.so[0m
[2.759s] [ 22%] Built target interbotix_moveit_interface_msgs__rosidl_generator_c
[2.788s] [ 25%] [34m[1mGenerating C type support for eProsima Fast-RTPS[0m
[3.160s] [ 29%] [32mBuilding CXX object CMakeFiles/interbotix_moveit_interface_msgs__rosidl_typesupport_introspection_cpp.dir/rosidl_typesupport_introspection_cpp/interbotix_moveit_interface_msgs/srv/detail/move_it_plan__type_support.cpp.o[0m
[3.167s] [ 32%] [32mBuilding CXX object CMakeFiles/interbotix_moveit_interface_msgs__rosidl_typesupport_cpp.dir/rosidl_typesupport_cpp/interbotix_moveit_interface_msgs/srv/move_it_plan__type_support.cpp.o[0m
[3.234s] [ 35%] [32mBuilding CXX object CMakeFiles/interbotix_moveit_interface_msgs__rosidl_typesupport_fastrtps_cpp.dir/rosidl_typesupport_fastrtps_cpp/interbotix_moveit_interface_msgs/srv/detail/dds_fastrtps/move_it_plan__type_support.cpp.o[0m
[3.454s] [ 38%] [32mBuilding CXX object CMakeFiles/interbotix_moveit_interface_msgs__rosidl_typesupport_fastrtps_c.dir/rosidl_typesupport_fastrtps_c/interbotix_moveit_interface_msgs/srv/detail/move_it_plan__type_support_c.cpp.o[0m
[3.693s] [ 41%] [32m[1mLinking CXX shared library libinterbotix_moveit_interface_msgs__rosidl_typesupport_cpp.so[0m
[3.844s] [ 41%] Built target interbotix_moveit_interface_msgs__rosidl_typesupport_cpp
[3.880s] [ 45%] [34m[1mGenerating C introspection for ROS interfaces[0m
[4.004s] [ 48%] [32m[1mLinking CXX shared library libinterbotix_moveit_interface_msgs__rosidl_typesupport_introspection_cpp.so[0m
[4.067s] [ 51%] [32m[1mLinking CXX shared library libinterbotix_moveit_interface_msgs__rosidl_typesupport_fastrtps_c.so[0m
[4.136s] [ 54%] [32m[1mLinking CXX shared library libinterbotix_moveit_interface_msgs__rosidl_typesupport_fastrtps_cpp.so[0m
[4.170s] [ 54%] Built target interbotix_moveit_interface_msgs__rosidl_typesupport_introspection_cpp
[4.213s] [ 58%] [34m[1mGenerating C type support dispatch for ROS interfaces[0m
[4.275s] [ 58%] Built target interbotix_moveit_interface_msgs__rosidl_typesupport_fastrtps_cpp
[4.295s] [ 58%] Built target interbotix_moveit_interface_msgs__rosidl_typesupport_fastrtps_c
[4.546s] [ 61%] [32mBuilding C object CMakeFiles/interbotix_moveit_interface_msgs__rosidl_typesupport_introspection_c.dir/rosidl_typesupport_introspection_c/interbotix_moveit_interface_msgs/srv/detail/move_it_plan__type_support.c.o[0m
[4.622s] [ 64%] [32m[1mLinking C shared library libinterbotix_moveit_interface_msgs__rosidl_typesupport_introspection_c.so[0m
[4.689s] [ 64%] Built target interbotix_moveit_interface_msgs__rosidl_typesupport_introspection_c
[4.777s] [ 67%] [32mBuilding CXX object CMakeFiles/interbotix_moveit_interface_msgs__rosidl_typesupport_c.dir/rosidl_typesupport_c/interbotix_moveit_interface_msgs/srv/move_it_plan__type_support.cpp.o[0m
[4.848s] [ 70%] [32m[1mLinking CXX shared library libinterbotix_moveit_interface_msgs__rosidl_typesupport_c.so[0m
[4.951s] [ 70%] Built target interbotix_moveit_interface_msgs__rosidl_typesupport_c
[5.022s] [ 70%] Built target interbotix_moveit_interface_msgs
[5.100s] [ 74%] [34m[1mGenerating Python code for ROS interfaces[0m
[5.878s] [ 74%] Built target interbotix_moveit_interface_msgs__py
[5.932s] [ 77%] [32mBuilding C object CMakeFiles/interbotix_moveit_interface_msgs__rosidl_generator_py.dir/rosidl_generator_py/interbotix_moveit_interface_msgs/srv/_move_it_plan_s.c.o[0m
[6.081s] [ 80%] [32m[1mLinking C shared library rosidl_generator_py/interbotix_moveit_interface_msgs/libinterbotix_moveit_interface_msgs__rosidl_generator_py.so[0m
[6.166s] [ 80%] Built target interbotix_moveit_interface_msgs__rosidl_generator_py
[6.236s] [ 83%] [32mBuilding C object CMakeFiles/interbotix_moveit_interface_msgs__rosidl_typesupport_c__pyext.dir/rosidl_generator_py/interbotix_moveit_interface_msgs/_interbotix_moveit_interface_msgs_s.ep.rosidl_typesupport_c.c.o[0m
[6.249s] [ 87%] [32mBuilding C object CMakeFiles/interbotix_moveit_interface_msgs__rosidl_typesupport_introspection_c__pyext.dir/rosidl_generator_py/interbotix_moveit_interface_msgs/_interbotix_moveit_interface_msgs_s.ep.rosidl_typesupport_introspection_c.c.o[0m
[6.259s] [ 90%] [32mBuilding C object CMakeFiles/interbotix_moveit_interface_msgs__rosidl_typesupport_fastrtps_c__pyext.dir/rosidl_generator_py/interbotix_moveit_interface_msgs/_interbotix_moveit_interface_msgs_s.ep.rosidl_typesupport_fastrtps_c.c.o[0m
[6.388s] [ 93%] [32m[1mLinking C shared library rosidl_generator_py/interbotix_moveit_interface_msgs/interbotix_moveit_interface_msgs_s__rosidl_typesupport_c.cpython-310-x86_64-linux-gnu.so[0m
[6.446s] [ 96%] [32m[1mLinking C shared library rosidl_generator_py/interbotix_moveit_interface_msgs/interbotix_moveit_interface_msgs_s__rosidl_typesupport_fastrtps_c.cpython-310-x86_64-linux-gnu.so[0m
[6.475s] [100%] [32m[1mLinking C shared library rosidl_generator_py/interbotix_moveit_interface_msgs/interbotix_moveit_interface_msgs_s__rosidl_typesupport_introspection_c.cpython-310-x86_64-linux-gnu.so[0m
[6.476s] [100%] Built target interbotix_moveit_interface_msgs__rosidl_typesupport_c__pyext
[6.551s] [100%] Built target interbotix_moveit_interface_msgs__rosidl_typesupport_introspection_c__pyext
[6.561s] [100%] Built target interbotix_moveit_interface_msgs__rosidl_typesupport_fastrtps_c__pyext
[6.590s] Invoked command in '/home/jeff/interbotix_ws/build/interbotix_moveit_interface_msgs' returned '0': CMAKE_PREFIX_PATH=${CMAKE_PREFIX_PATH}:/home/jeff/ws_moveit/install/moveit_configs_utils:/home/jeff/ws_moveit/install/launch_param_builder:/home/jeff/turtlebot3_ws/install/turtlebot3_teleop:/home/jeff/turtlebot3_ws/install/turtlebot3_example:/opt/ros/humble /usr/bin/cmake --build /home/jeff/interbotix_ws/build/interbotix_moveit_interface_msgs -- -j4 -l4
[6.591s] Invoking command in '/home/jeff/interbotix_ws/build/interbotix_moveit_interface_msgs': CMAKE_PREFIX_PATH=${CMAKE_PREFIX_PATH}:/home/jeff/ws_moveit/install/moveit_configs_utils:/home/jeff/ws_moveit/install/launch_param_builder:/home/jeff/turtlebot3_ws/install/turtlebot3_teleop:/home/jeff/turtlebot3_ws/install/turtlebot3_example:/opt/ros/humble /usr/bin/cmake --install /home/jeff/interbotix_ws/build/interbotix_moveit_interface_msgs
[6.612s] -- Install configuration: ""
[6.612s] -- Installing: /home/jeff/interbotix_ws/install/interbotix_moveit_interface_msgs/share/ament_index/resource_index/rosidl_interfaces/interbotix_moveit_interface_msgs
[6.612s] -- Installing: /home/jeff/interbotix_ws/install/interbotix_moveit_interface_msgs/include/interbotix_moveit_interface_msgs/interbotix_moveit_interface_msgs
[6.612s] -- Installing: /home/jeff/interbotix_ws/install/interbotix_moveit_interface_msgs/include/interbotix_moveit_interface_msgs/interbotix_moveit_interface_msgs/msg
[6.612s] -- Installing: /home/jeff/interbotix_ws/install/interbotix_moveit_interface_msgs/include/interbotix_moveit_interface_msgs/interbotix_moveit_interface_msgs/msg/rosidl_generator_c__visibility_control.h
[6.612s] -- Installing: /home/jeff/interbotix_ws/install/interbotix_moveit_interface_msgs/include/interbotix_moveit_interface_msgs/interbotix_moveit_interface_msgs/srv
[6.612s] -- Installing: /home/jeff/interbotix_ws/install/interbotix_moveit_interface_msgs/include/interbotix_moveit_interface_msgs/interbotix_moveit_interface_msgs/srv/move_it_plan.h
[6.612s] -- Installing: /home/jeff/interbotix_ws/install/interbotix_moveit_interface_msgs/include/interbotix_moveit_interface_msgs/interbotix_moveit_interface_msgs/srv/detail
[6.612s] -- Installing: /home/jeff/interbotix_ws/install/interbotix_moveit_interface_msgs/include/interbotix_moveit_interface_msgs/interbotix_moveit_interface_msgs/srv/detail/move_it_plan__functions.c
[6.612s] -- Installing: /home/jeff/interbotix_ws/install/interbotix_moveit_interface_msgs/include/interbotix_moveit_interface_msgs/interbotix_moveit_interface_msgs/srv/detail/move_it_plan__functions.h
[6.613s] -- Installing: /home/jeff/interbotix_ws/install/interbotix_moveit_interface_msgs/include/interbotix_moveit_interface_msgs/interbotix_moveit_interface_msgs/srv/detail/move_it_plan__type_support.h
[6.613s] -- Installing: /home/jeff/interbotix_ws/install/interbotix_moveit_interface_msgs/include/interbotix_moveit_interface_msgs/interbotix_moveit_interface_msgs/srv/detail/move_it_plan__struct.h
[6.613s] -- Installing: /home/jeff/interbotix_ws/install/interbotix_moveit_interface_msgs/share/interbotix_moveit_interface_msgs/environment/library_path.sh
[6.613s] -- Installing: /home/jeff/interbotix_ws/install/interbotix_moveit_interface_msgs/share/interbotix_moveit_interface_msgs/environment/library_path.dsv
[6.613s] -- Installing: /home/jeff/interbotix_ws/install/interbotix_moveit_interface_msgs/lib/libinterbotix_moveit_interface_msgs__rosidl_generator_c.so
[6.613s] -- Set runtime path of "/home/jeff/interbotix_ws/install/interbotix_moveit_interface_msgs/lib/libinterbotix_moveit_interface_msgs__rosidl_generator_c.so" to ""
[6.613s] -- Up-to-date: /home/jeff/interbotix_ws/install/interbotix_moveit_interface_msgs/include/interbotix_moveit_interface_msgs/interbotix_moveit_interface_msgs
[6.613s] -- Up-to-date: /home/jeff/interbotix_ws/install/interbotix_moveit_interface_msgs/include/interbotix_moveit_interface_msgs/interbotix_moveit_interface_msgs/msg
[6.613s] -- Installing: /home/jeff/interbotix_ws/install/interbotix_moveit_interface_msgs/include/interbotix_moveit_interface_msgs/interbotix_moveit_interface_msgs/msg/rosidl_typesupport_fastrtps_c__visibility_control.h
[6.613s] -- Up-to-date: /home/jeff/interbotix_ws/install/interbotix_moveit_interface_msgs/include/interbotix_moveit_interface_msgs/interbotix_moveit_interface_msgs/srv
[6.613s] -- Up-to-date: /home/jeff/interbotix_ws/install/interbotix_moveit_interface_msgs/include/interbotix_moveit_interface_msgs/interbotix_moveit_interface_msgs/srv/detail
[6.613s] -- Installing: /home/jeff/interbotix_ws/install/interbotix_moveit_interface_msgs/include/interbotix_moveit_interface_msgs/interbotix_moveit_interface_msgs/srv/detail/move_it_plan__rosidl_typesupport_fastrtps_c.h
[6.613s] -- Installing: /home/jeff/interbotix_ws/install/interbotix_moveit_interface_msgs/lib/libinterbotix_moveit_interface_msgs__rosidl_typesupport_fastrtps_c.so
[6.614s] -- Set runtime path of "/home/jeff/interbotix_ws/install/interbotix_moveit_interface_msgs/lib/libinterbotix_moveit_interface_msgs__rosidl_typesupport_fastrtps_c.so" to ""
[6.615s] -- Up-to-date: /home/jeff/interbotix_ws/install/interbotix_moveit_interface_msgs/include/interbotix_moveit_interface_msgs/interbotix_moveit_interface_msgs
[6.615s] -- Up-to-date: /home/jeff/interbotix_ws/install/interbotix_moveit_interface_msgs/include/interbotix_moveit_interface_msgs/interbotix_moveit_interface_msgs/msg
[6.615s] -- Installing: /home/jeff/interbotix_ws/install/interbotix_moveit_interface_msgs/include/interbotix_moveit_interface_msgs/interbotix_moveit_interface_msgs/msg/rosidl_typesupport_introspection_c__visibility_control.h
[6.615s] -- Up-to-date: /home/jeff/interbotix_ws/install/interbotix_moveit_interface_msgs/include/interbotix_moveit_interface_msgs/interbotix_moveit_interface_msgs/srv
[6.615s] -- Up-to-date: /home/jeff/interbotix_ws/install/interbotix_moveit_interface_msgs/include/interbotix_moveit_interface_msgs/interbotix_moveit_interface_msgs/srv/detail
[6.615s] -- Installing: /home/jeff/interbotix_ws/install/interbotix_moveit_interface_msgs/include/interbotix_moveit_interface_msgs/interbotix_moveit_interface_msgs/srv/detail/move_it_plan__rosidl_typesupport_introspection_c.h
[6.615s] -- Installing: /home/jeff/interbotix_ws/install/interbotix_moveit_interface_msgs/include/interbotix_moveit_interface_msgs/interbotix_moveit_interface_msgs/srv/detail/move_it_plan__type_support.c
[6.616s] -- Installing: /home/jeff/interbotix_ws/install/interbotix_moveit_interface_msgs/lib/libinterbotix_moveit_interface_msgs__rosidl_typesupport_introspection_c.so
[6.618s] -- Set runtime path of "/home/jeff/interbotix_ws/install/interbotix_moveit_interface_msgs/lib/libinterbotix_moveit_interface_msgs__rosidl_typesupport_introspection_c.so" to ""
[6.618s] -- Installing: /home/jeff/interbotix_ws/install/interbotix_moveit_interface_msgs/lib/libinterbotix_moveit_interface_msgs__rosidl_typesupport_c.so
[6.618s] -- Set runtime path of "/home/jeff/interbotix_ws/install/interbotix_moveit_interface_msgs/lib/libinterbotix_moveit_interface_msgs__rosidl_typesupport_c.so" to ""
[6.618s] -- Up-to-date: /home/jeff/interbotix_ws/install/interbotix_moveit_interface_msgs/include/interbotix_moveit_interface_msgs/interbotix_moveit_interface_msgs
[6.618s] -- Up-to-date: /home/jeff/interbotix_ws/install/interbotix_moveit_interface_msgs/include/interbotix_moveit_interface_msgs/interbotix_moveit_interface_msgs/msg
[6.618s] -- Installing: /home/jeff/interbotix_ws/install/interbotix_moveit_interface_msgs/include/interbotix_moveit_interface_msgs/interbotix_moveit_interface_msgs/msg/rosidl_generator_cpp__visibility_control.hpp
[6.618s] -- Up-to-date: /home/jeff/interbotix_ws/install/interbotix_moveit_interface_msgs/include/interbotix_moveit_interface_msgs/interbotix_moveit_interface_msgs/srv
[6.618s] -- Installing: /home/jeff/interbotix_ws/install/interbotix_moveit_interface_msgs/include/interbotix_moveit_interface_msgs/interbotix_moveit_interface_msgs/srv/move_it_plan.hpp
[6.618s] -- Up-to-date: /home/jeff/interbotix_ws/install/interbotix_moveit_interface_msgs/include/interbotix_moveit_interface_msgs/interbotix_moveit_interface_msgs/srv/detail
[6.618s] -- Installing: /home/jeff/interbotix_ws/install/interbotix_moveit_interface_msgs/include/interbotix_moveit_interface_msgs/interbotix_moveit_interface_msgs/srv/detail/move_it_plan__traits.hpp
[6.618s] -- Installing: /home/jeff/interbotix_ws/install/interbotix_moveit_interface_msgs/include/interbotix_moveit_interface_msgs/interbotix_moveit_interface_msgs/srv/detail/move_it_plan__type_support.hpp
[6.619s] -- Installing: /home/jeff/interbotix_ws/install/interbotix_moveit_interface_msgs/include/interbotix_moveit_interface_msgs/interbotix_moveit_interface_msgs/srv/detail/move_it_plan__builder.hpp
[6.619s] -- Installing: /home/jeff/interbotix_ws/install/interbotix_moveit_interface_msgs/include/interbotix_moveit_interface_msgs/interbotix_moveit_interface_msgs/srv/detail/move_it_plan__struct.hpp
[6.620s] -- Up-to-date: /home/jeff/interbotix_ws/install/interbotix_moveit_interface_msgs/include/interbotix_moveit_interface_msgs/interbotix_moveit_interface_msgs
[6.620s] -- Up-to-date: /home/jeff/interbotix_ws/install/interbotix_moveit_interface_msgs/include/interbotix_moveit_interface_msgs/interbotix_moveit_interface_msgs/msg
[6.620s] -- Installing: /home/jeff/interbotix_ws/install/interbotix_moveit_interface_msgs/include/interbotix_moveit_interface_msgs/interbotix_moveit_interface_msgs/msg/rosidl_typesupport_fastrtps_cpp__visibility_control.h
[6.620s] -- Up-to-date: /home/jeff/interbotix_ws/install/interbotix_moveit_interface_msgs/include/interbotix_moveit_interface_msgs/interbotix_moveit_interface_msgs/srv
[6.620s] -- Up-to-date: /home/jeff/interbotix_ws/install/interbotix_moveit_interface_msgs/include/interbotix_moveit_interface_msgs/interbotix_moveit_interface_msgs/srv/detail
[6.620s] -- Installing: /home/jeff/interbotix_ws/install/interbotix_moveit_interface_msgs/include/interbotix_moveit_interface_msgs/interbotix_moveit_interface_msgs/srv/detail/move_it_plan__rosidl_typesupport_fastrtps_cpp.hpp
[6.620s] -- Installing: /home/jeff/interbotix_ws/install/interbotix_moveit_interface_msgs/include/interbotix_moveit_interface_msgs/interbotix_moveit_interface_msgs/srv/detail/dds_fastrtps
[6.625s] -- Installing: /home/jeff/interbotix_ws/install/interbotix_moveit_interface_msgs/lib/libinterbotix_moveit_interface_msgs__rosidl_typesupport_fastrtps_cpp.so
[6.625s] -- Set runtime path of "/home/jeff/interbotix_ws/install/interbotix_moveit_interface_msgs/lib/libinterbotix_moveit_interface_msgs__rosidl_typesupport_fastrtps_cpp.so" to ""
[6.625s] -- Up-to-date: /home/jeff/interbotix_ws/install/interbotix_moveit_interface_msgs/include/interbotix_moveit_interface_msgs/interbotix_moveit_interface_msgs
[6.625s] -- Up-to-date: /home/jeff/interbotix_ws/install/interbotix_moveit_interface_msgs/include/interbotix_moveit_interface_msgs/interbotix_moveit_interface_msgs/srv
[6.625s] -- Up-to-date: /home/jeff/interbotix_ws/install/interbotix_moveit_interface_msgs/include/interbotix_moveit_interface_msgs/interbotix_moveit_interface_msgs/srv/detail
[6.625s] -- Installing: /home/jeff/interbotix_ws/install/interbotix_moveit_interface_msgs/include/interbotix_moveit_interface_msgs/interbotix_moveit_interface_msgs/srv/detail/move_it_plan__rosidl_typesupport_introspection_cpp.hpp
[6.625s] -- Installing: /home/jeff/interbotix_ws/install/interbotix_moveit_interface_msgs/include/interbotix_moveit_interface_msgs/interbotix_moveit_interface_msgs/srv/detail/move_it_plan__type_support.cpp
[6.625s] -- Installing: /home/jeff/interbotix_ws/install/interbotix_moveit_interface_msgs/lib/libinterbotix_moveit_interface_msgs__rosidl_typesupport_introspection_cpp.so
[6.625s] -- Set runtime path of "/home/jeff/interbotix_ws/install/interbotix_moveit_interface_msgs/lib/libinterbotix_moveit_interface_msgs__rosidl_typesupport_introspection_cpp.so" to ""
[6.625s] -- Installing: /home/jeff/interbotix_ws/install/interbotix_moveit_interface_msgs/lib/libinterbotix_moveit_interface_msgs__rosidl_typesupport_cpp.so
[6.625s] -- Set runtime path of "/home/jeff/interbotix_ws/install/interbotix_moveit_interface_msgs/lib/libinterbotix_moveit_interface_msgs__rosidl_typesupport_cpp.so" to ""
[6.625s] -- Installing: /home/jeff/interbotix_ws/install/interbotix_moveit_interface_msgs/share/interbotix_moveit_interface_msgs/environment/pythonpath.sh
[6.626s] -- Installing: /home/jeff/interbotix_ws/install/interbotix_moveit_interface_msgs/share/interbotix_moveit_interface_msgs/environment/pythonpath.dsv
[6.626s] -- Installing: /home/jeff/interbotix_ws/install/interbotix_moveit_interface_msgs/local/lib/python3.10/dist-packages/interbotix_moveit_interface_msgs-0.0.0-py3.10.egg-info
[6.626s] -- Installing: /home/jeff/interbotix_ws/install/interbotix_moveit_interface_msgs/local/lib/python3.10/dist-packages/interbotix_moveit_interface_msgs-0.0.0-py3.10.egg-info/top_level.txt
[6.626s] -- Installing: /home/jeff/interbotix_ws/install/interbotix_moveit_interface_msgs/local/lib/python3.10/dist-packages/interbotix_moveit_interface_msgs-0.0.0-py3.10.egg-info/SOURCES.txt
[6.626s] -- Installing: /home/jeff/interbotix_ws/install/interbotix_moveit_interface_msgs/local/lib/python3.10/dist-packages/interbotix_moveit_interface_msgs-0.0.0-py3.10.egg-info/dependency_links.txt
[6.626s] -- Installing: /home/jeff/interbotix_ws/install/interbotix_moveit_interface_msgs/local/lib/python3.10/dist-packages/interbotix_moveit_interface_msgs-0.0.0-py3.10.egg-info/PKG-INFO
[6.626s] -- Installing: /home/jeff/interbotix_ws/install/interbotix_moveit_interface_msgs/local/lib/python3.10/dist-packages/interbotix_moveit_interface_msgs
[6.626s] -- Installing: /home/jeff/interbotix_ws/install/interbotix_moveit_interface_msgs/local/lib/python3.10/dist-packages/interbotix_moveit_interface_msgs/interbotix_moveit_interface_msgs_s__rosidl_typesupport_introspection_c.cpython-310-x86_64-linux-gnu.so
[6.627s] -- Installing: /home/jeff/interbotix_ws/install/interbotix_moveit_interface_msgs/local/lib/python3.10/dist-packages/interbotix_moveit_interface_msgs/libinterbotix_moveit_interface_msgs__rosidl_generator_py.so
[6.627s] -- Installing: /home/jeff/interbotix_ws/install/interbotix_moveit_interface_msgs/local/lib/python3.10/dist-packages/interbotix_moveit_interface_msgs/_interbotix_moveit_interface_msgs_s.ep.rosidl_typesupport_fastrtps_c.c
[6.627s] -- Installing: /home/jeff/interbotix_ws/install/interbotix_moveit_interface_msgs/local/lib/python3.10/dist-packages/interbotix_moveit_interface_msgs/_interbotix_moveit_interface_msgs_s.ep.rosidl_typesupport_c.c
[6.627s] -- Installing: /home/jeff/interbotix_ws/install/interbotix_moveit_interface_msgs/local/lib/python3.10/dist-packages/interbotix_moveit_interface_msgs/srv
[6.627s] -- Installing: /home/jeff/interbotix_ws/install/interbotix_moveit_interface_msgs/local/lib/python3.10/dist-packages/interbotix_moveit_interface_msgs/srv/_move_it_plan.py
[6.627s] -- Installing: /home/jeff/interbotix_ws/install/interbotix_moveit_interface_msgs/local/lib/python3.10/dist-packages/interbotix_moveit_interface_msgs/srv/_move_it_plan_s.c
[6.627s] -- Installing: /home/jeff/interbotix_ws/install/interbotix_moveit_interface_msgs/local/lib/python3.10/dist-packages/interbotix_moveit_interface_msgs/srv/__init__.py
[6.627s] -- Installing: /home/jeff/interbotix_ws/install/interbotix_moveit_interface_msgs/local/lib/python3.10/dist-packages/interbotix_moveit_interface_msgs/interbotix_moveit_interface_msgs_s__rosidl_typesupport_fastrtps_c.cpython-310-x86_64-linux-gnu.so
[6.627s] -- Installing: /home/jeff/interbotix_ws/install/interbotix_moveit_interface_msgs/local/lib/python3.10/dist-packages/interbotix_moveit_interface_msgs/interbotix_moveit_interface_msgs_s__rosidl_typesupport_c.cpython-310-x86_64-linux-gnu.so
[6.627s] -- Installing: /home/jeff/interbotix_ws/install/interbotix_moveit_interface_msgs/local/lib/python3.10/dist-packages/interbotix_moveit_interface_msgs/__init__.py
[6.627s] -- Installing: /home/jeff/interbotix_ws/install/interbotix_moveit_interface_msgs/local/lib/python3.10/dist-packages/interbotix_moveit_interface_msgs/_interbotix_moveit_interface_msgs_s.ep.rosidl_typesupport_introspection_c.c
[6.690s] Listing '/home/jeff/interbotix_ws/install/interbotix_moveit_interface_msgs/local/lib/python3.10/dist-packages/interbotix_moveit_interface_msgs'...
[6.690s] Compiling '/home/jeff/interbotix_ws/install/interbotix_moveit_interface_msgs/local/lib/python3.10/dist-packages/interbotix_moveit_interface_msgs/__init__.py'...
[6.690s] Listing '/home/jeff/interbotix_ws/install/interbotix_moveit_interface_msgs/local/lib/python3.10/dist-packages/interbotix_moveit_interface_msgs/srv'...
[6.690s] Compiling '/home/jeff/interbotix_ws/install/interbotix_moveit_interface_msgs/local/lib/python3.10/dist-packages/interbotix_moveit_interface_msgs/srv/__init__.py'...
[6.691s] Compiling '/home/jeff/interbotix_ws/install/interbotix_moveit_interface_msgs/local/lib/python3.10/dist-packages/interbotix_moveit_interface_msgs/srv/_move_it_plan.py'...
[6.695s] -- Installing: /home/jeff/interbotix_ws/install/interbotix_moveit_interface_msgs/local/lib/python3.10/dist-packages/interbotix_moveit_interface_msgs/interbotix_moveit_interface_msgs_s__rosidl_typesupport_fastrtps_c.cpython-310-x86_64-linux-gnu.so
[6.696s] -- Set runtime path of "/home/jeff/interbotix_ws/install/interbotix_moveit_interface_msgs/local/lib/python3.10/dist-packages/interbotix_moveit_interface_msgs/interbotix_moveit_interface_msgs_s__rosidl_typesupport_fastrtps_c.cpython-310-x86_64-linux-gnu.so" to ""
[6.696s] -- Installing: /home/jeff/interbotix_ws/install/interbotix_moveit_interface_msgs/local/lib/python3.10/dist-packages/interbotix_moveit_interface_msgs/interbotix_moveit_interface_msgs_s__rosidl_typesupport_introspection_c.cpython-310-x86_64-linux-gnu.so
[6.696s] -- Set runtime path of "/home/jeff/interbotix_ws/install/interbotix_moveit_interface_msgs/local/lib/python3.10/dist-packages/interbotix_moveit_interface_msgs/interbotix_moveit_interface_msgs_s__rosidl_typesupport_introspection_c.cpython-310-x86_64-linux-gnu.so" to ""
[6.696s] -- Installing: /home/jeff/interbotix_ws/install/interbotix_moveit_interface_msgs/local/lib/python3.10/dist-packages/interbotix_moveit_interface_msgs/interbotix_moveit_interface_msgs_s__rosidl_typesupport_c.cpython-310-x86_64-linux-gnu.so
[6.696s] -- Set runtime path of "/home/jeff/interbotix_ws/install/interbotix_moveit_interface_msgs/local/lib/python3.10/dist-packages/interbotix_moveit_interface_msgs/interbotix_moveit_interface_msgs_s__rosidl_typesupport_c.cpython-310-x86_64-linux-gnu.so" to ""
[6.697s] -- Installing: /home/jeff/interbotix_ws/install/interbotix_moveit_interface_msgs/lib/libinterbotix_moveit_interface_msgs__rosidl_generator_py.so
[6.698s] -- Set runtime path of "/home/jeff/interbotix_ws/install/interbotix_moveit_interface_msgs/lib/libinterbotix_moveit_interface_msgs__rosidl_generator_py.so" to ""
[6.698s] -- Installing: /home/jeff/interbotix_ws/install/interbotix_moveit_interface_msgs/share/interbotix_moveit_interface_msgs/srv/MoveItPlan.idl
[6.699s] -- Installing: /home/jeff/interbotix_ws/install/interbotix_moveit_interface_msgs/share/interbotix_moveit_interface_msgs/srv/MoveItPlan.srv
[6.699s] -- Installing: /home/jeff/interbotix_ws/install/interbotix_moveit_interface_msgs/share/interbotix_moveit_interface_msgs/srv/MoveItPlan_Request.msg
[6.699s] -- Installing: /home/jeff/interbotix_ws/install/interbotix_moveit_interface_msgs/share/interbotix_moveit_interface_msgs/srv/MoveItPlan_Response.msg
[6.701s] -- Installing: /home/jeff/interbotix_ws/install/interbotix_moveit_interface_msgs/share/ament_index/resource_index/package_run_dependencies/interbotix_moveit_interface_msgs
[6.704s] -- Installing: /home/jeff/interbotix_ws/install/interbotix_moveit_interface_msgs/share/ament_index/resource_index/parent_prefix_path/interbotix_moveit_interface_msgs
[6.704s] -- Installing: /home/jeff/interbotix_ws/install/interbotix_moveit_interface_msgs/share/interbotix_moveit_interface_msgs/environment/ament_prefix_path.sh
[6.704s] -- Installing: /home/jeff/interbotix_ws/install/interbotix_moveit_interface_msgs/share/interbotix_moveit_interface_msgs/environment/ament_prefix_path.dsv
[6.704s] -- Installing: /home/jeff/interbotix_ws/install/interbotix_moveit_interface_msgs/share/interbotix_moveit_interface_msgs/environment/path.sh
[6.704s] -- Installing: /home/jeff/interbotix_ws/install/interbotix_moveit_interface_msgs/share/interbotix_moveit_interface_msgs/environment/path.dsv
[6.704s] -- Installing: /home/jeff/interbotix_ws/install/interbotix_moveit_interface_msgs/share/interbotix_moveit_interface_msgs/local_setup.bash
[6.704s] -- Installing: /home/jeff/interbotix_ws/install/interbotix_moveit_interface_msgs/share/interbotix_moveit_interface_msgs/local_setup.sh
[6.704s] -- Installing: /home/jeff/interbotix_ws/install/interbotix_moveit_interface_msgs/share/interbotix_moveit_interface_msgs/local_setup.zsh
[6.704s] -- Installing: /home/jeff/interbotix_ws/install/interbotix_moveit_interface_msgs/share/interbotix_moveit_interface_msgs/local_setup.dsv
[6.704s] -- Installing: /home/jeff/interbotix_ws/install/interbotix_moveit_interface_msgs/share/interbotix_moveit_interface_msgs/package.dsv
[6.705s] -- Installing: /home/jeff/interbotix_ws/install/interbotix_moveit_interface_msgs/share/ament_index/resource_index/packages/interbotix_moveit_interface_msgs
[6.705s] -- Installing: /home/jeff/interbotix_ws/install/interbotix_moveit_interface_msgs/share/interbotix_moveit_interface_msgs/cmake/export_interbotix_moveit_interface_msgs__rosidl_generator_cExport.cmake
[6.705s] -- Installing: /home/jeff/interbotix_ws/install/interbotix_moveit_interface_msgs/share/interbotix_moveit_interface_msgs/cmake/export_interbotix_moveit_interface_msgs__rosidl_generator_cExport-noconfig.cmake
[6.705s] -- Installing: /home/jeff/interbotix_ws/install/interbotix_moveit_interface_msgs/share/interbotix_moveit_interface_msgs/cmake/export_interbotix_moveit_interface_msgs__rosidl_typesupport_fastrtps_cExport.cmake
[6.705s] -- Installing: /home/jeff/interbotix_ws/install/interbotix_moveit_interface_msgs/share/interbotix_moveit_interface_msgs/cmake/export_interbotix_moveit_interface_msgs__rosidl_typesupport_fastrtps_cExport-noconfig.cmake
[6.705s] -- Installing: /home/jeff/interbotix_ws/install/interbotix_moveit_interface_msgs/share/interbotix_moveit_interface_msgs/cmake/interbotix_moveit_interface_msgs__rosidl_typesupport_introspection_cExport.cmake
[6.705s] -- Installing: /home/jeff/interbotix_ws/install/interbotix_moveit_interface_msgs/share/interbotix_moveit_interface_msgs/cmake/interbotix_moveit_interface_msgs__rosidl_typesupport_introspection_cExport-noconfig.cmake
[6.705s] -- Installing: /home/jeff/interbotix_ws/install/interbotix_moveit_interface_msgs/share/interbotix_moveit_interface_msgs/cmake/interbotix_moveit_interface_msgs__rosidl_typesupport_cExport.cmake
[6.705s] -- Installing: /home/jeff/interbotix_ws/install/interbotix_moveit_interface_msgs/share/interbotix_moveit_interface_msgs/cmake/interbotix_moveit_interface_msgs__rosidl_typesupport_cExport-noconfig.cmake
[6.705s] -- Installing: /home/jeff/interbotix_ws/install/interbotix_moveit_interface_msgs/share/interbotix_moveit_interface_msgs/cmake/export_interbotix_moveit_interface_msgs__rosidl_generator_cppExport.cmake
[6.705s] -- Installing: /home/jeff/interbotix_ws/install/interbotix_moveit_interface_msgs/share/interbotix_moveit_interface_msgs/cmake/export_interbotix_moveit_interface_msgs__rosidl_typesupport_fastrtps_cppExport.cmake
[6.705s] -- Installing: /home/jeff/interbotix_ws/install/interbotix_moveit_interface_msgs/share/interbotix_moveit_interface_msgs/cmake/export_interbotix_moveit_interface_msgs__rosidl_typesupport_fastrtps_cppExport-noconfig.cmake
[6.705s] -- Installing: /home/jeff/interbotix_ws/install/interbotix_moveit_interface_msgs/share/interbotix_moveit_interface_msgs/cmake/interbotix_moveit_interface_msgs__rosidl_typesupport_introspection_cppExport.cmake
[6.705s] -- Installing: /home/jeff/interbotix_ws/install/interbotix_moveit_interface_msgs/share/interbotix_moveit_interface_msgs/cmake/interbotix_moveit_interface_msgs__rosidl_typesupport_introspection_cppExport-noconfig.cmake
[6.705s] -- Installing: /home/jeff/interbotix_ws/install/interbotix_moveit_interface_msgs/share/interbotix_moveit_interface_msgs/cmake/interbotix_moveit_interface_msgs__rosidl_typesupport_cppExport.cmake
[6.705s] -- Installing: /home/jeff/interbotix_ws/install/interbotix_moveit_interface_msgs/share/interbotix_moveit_interface_msgs/cmake/interbotix_moveit_interface_msgs__rosidl_typesupport_cppExport-noconfig.cmake
[6.705s] -- Installing: /home/jeff/interbotix_ws/install/interbotix_moveit_interface_msgs/share/interbotix_moveit_interface_msgs/cmake/export_interbotix_moveit_interface_msgs__rosidl_generator_pyExport.cmake
[6.705s] -- Installing: /home/jeff/interbotix_ws/install/interbotix_moveit_interface_msgs/share/interbotix_moveit_interface_msgs/cmake/export_interbotix_moveit_interface_msgs__rosidl_generator_pyExport-noconfig.cmake
[6.707s] -- Installing: /home/jeff/interbotix_ws/install/interbotix_moveit_interface_msgs/share/interbotix_moveit_interface_msgs/cmake/rosidl_cmake-extras.cmake
[6.707s] -- Installing: /home/jeff/interbotix_ws/install/interbotix_moveit_interface_msgs/share/interbotix_moveit_interface_msgs/cmake/ament_cmake_export_dependencies-extras.cmake
[6.709s] -- Installing: /home/jeff/interbotix_ws/install/interbotix_moveit_interface_msgs/share/interbotix_moveit_interface_msgs/cmake/ament_cmake_export_include_directories-extras.cmake
[6.709s] -- Installing: /home/jeff/interbotix_ws/install/interbotix_moveit_interface_msgs/share/interbotix_moveit_interface_msgs/cmake/ament_cmake_export_libraries-extras.cmake
[6.709s] -- Installing: /home/jeff/interbotix_ws/install/interbotix_moveit_interface_msgs/share/interbotix_moveit_interface_msgs/cmake/ament_cmake_export_targets-extras.cmake
[6.709s] -- Installing: /home/jeff/interbotix_ws/install/interbotix_moveit_interface_msgs/share/interbotix_moveit_interface_msgs/cmake/rosidl_cmake_export_typesupport_targets-extras.cmake
[6.709s] -- Installing: /home/jeff/interbotix_ws/install/interbotix_moveit_interface_msgs/share/interbotix_moveit_interface_msgs/cmake/rosidl_cmake_export_typesupport_libraries-extras.cmake
[6.709s] -- Installing: /home/jeff/interbotix_ws/install/interbotix_moveit_interface_msgs/share/interbotix_moveit_interface_msgs/cmake/interbotix_moveit_interface_msgsConfig.cmake
[6.709s] -- Installing: /home/jeff/interbotix_ws/install/interbotix_moveit_interface_msgs/share/interbotix_moveit_interface_msgs/cmake/interbotix_moveit_interface_msgsConfig-version.cmake
[6.710s] -- Installing: /home/jeff/interbotix_ws/install/interbotix_moveit_interface_msgs/share/interbotix_moveit_interface_msgs/package.xml
[6.711s] Invoked command in '/home/jeff/interbotix_ws/build/interbotix_moveit_interface_msgs' returned '0': CMAKE_PREFIX_PATH=${CMAKE_PREFIX_PATH}:/home/jeff/ws_moveit/install/moveit_configs_utils:/home/jeff/ws_moveit/install/launch_param_builder:/home/jeff/turtlebot3_ws/install/turtlebot3_teleop:/home/jeff/turtlebot3_ws/install/turtlebot3_example:/opt/ros/humble /usr/bin/cmake --install /home/jeff/interbotix_ws/build/interbotix_moveit_interface_msgs
