[0.409s] Invoking command in '/home/jeff/interbotix_ws/src/interbotix_ros_toolboxes/interbotix_xs_toolbox/interbotix_xs_modules': AMENT_PREFIX_PATH=/home/jeff/interbotix_ws/install/interbotix_xs_sdk:/home/jeff/interbotix_ws/install/interbotix_xs_driver:/home/jeff/interbotix_ws/install/interbotix_xs_msgs:/home/jeff/interbotix_ws/install/interbotix_common_modules:/home/jeff/interbotix_ws/install/dynamixel_workbench_toolbox:${AMENT_PREFIX_PATH} CMAKE_PREFIX_PATH=/home/jeff/interbotix_ws/install/interbotix_xs_sdk:/home/jeff/interbotix_ws/install/interbotix_xs_driver:/home/jeff/interbotix_ws/install/interbotix_xs_msgs:/home/jeff/interbotix_ws/install/dynamixel_workbench_toolbox:${CMAKE_PREFIX_PATH} LD_LIBRARY_PATH=/home/jeff/interbotix_ws/install/interbotix_xs_driver/lib:/home/jeff/interbotix_ws/install/interbotix_xs_msgs/lib:/home/jeff/interbotix_ws/install/dynamixel_workbench_toolbox/lib:/home/jeff/apriltag_ws/install/apriltag_ros/lib:/home/jeff/ws_moveit/install/pilz_industrial_motion_planner_testutils/lib:/home/jeff/ws_moveit/install/pilz_industrial_motion_planner/lib:/home/jeff/ws_moveit/install/moveit_visual_tools/lib:/home/jeff/ws_moveit/install/moveit_task_constructor_visualization/lib:/home/jeff/ws_moveit/install/moveit_task_constructor_demo/lib:/home/jeff/ws_moveit/install/moveit_task_constructor_capabilities/lib:/home/jeff/ws_moveit/install/moveit_task_constructor_core/lib:/home/jeff/ws_moveit/install/moveit_ros_control_interface/lib:/home/jeff/ws_moveit/install/moveit_simple_controller_manager/lib:/home/jeff/ws_moveit/install/moveit_setup_assistant/lib:/home/jeff/ws_moveit/install/moveit_setup_srdf_plugins/lib:/home/jeff/ws_moveit/install/moveit_setup_core_plugins/lib:/home/jeff/ws_moveit/install/moveit_setup_controllers/lib:/home/jeff/ws_moveit/install/moveit_setup_app_plugins/lib:/home/jeff/ws_moveit/install/moveit_setup_framework/lib:/home/jeff/ws_moveit/install/moveit_servo/lib:/home/jeff/ws_moveit/install/moveit_ros_visualization/lib:/home/jeff/ws_moveit/install/moveit_hybrid_planning/lib:/home/jeff/ws_moveit/install/moveit_ros_planning_interface/lib:/home/jeff/ws_moveit/install/moveit_ros_benchmarks/lib:/home/jeff/ws_moveit/install/moveit_ros_warehouse/lib:/home/jeff/ws_moveit/install/moveit_ros_robot_interaction/lib:/home/jeff/ws_moveit/install/moveit_ros_perception/lib:/home/jeff/ws_moveit/install/moveit_ros_move_group/lib:/home/jeff/ws_moveit/install/moveit_planners_ompl/lib:/home/jeff/ws_moveit/install/moveit_ros_planning/lib:/home/jeff/ws_moveit/install/moveit_ros_occupancy_map_monitor/lib:/home/jeff/ws_moveit/install/moveit_resources_prbt_ikfast_manipulator_plugin/lib:/home/jeff/ws_moveit/install/moveit_planners_chomp/lib:/home/jeff/ws_moveit/install/moveit_kinematics/lib:/home/jeff/ws_moveit/install/moveit_chomp_optimizer_adapter/lib:/home/jeff/ws_moveit/install/chomp_motion_planner/lib:/home/jeff/ws_moveit/install/moveit_core/lib:/home/jeff/ws_moveit/install/srdfdom/lib:/home/jeff/ws_moveit/install/rviz_marker_tools/lib:/home/jeff/ws_moveit/install/rosparam_shortcuts/lib:/home/jeff/ws_moveit/install/moveit_task_constructor_msgs/lib:/home/jeff/turtlebot3_ws/install/turtlebot3_msgs/lib:/home/jeff/turtlebot3_ws/install/dynamixel_sdk_custom_interfaces/lib:/home/jeff/turtlebot3_ws/install/dynamixel_sdk/lib:/usr/lib/x86_64-linux-gnu/gazebo-11/plugins:/opt/ros/humble/opt/rviz_ogre_vendor/lib:/opt/ros/humble/lib/x86_64-linux-gnu:/opt/ros/humble/lib:/usr/lib/x86_64-linux-gnu/gazebo-11/plugins PYTHONPATH=/home/jeff/interbotix_ws/build/interbotix_xs_modules/prefix_override:/usr/lib/python3/dist-packages/colcon_core/task/python/colcon_distutils_commands:/home/jeff/interbotix_ws/install/interbotix_xs_modules/lib/python3.10/site-packages:/home/jeff/interbotix_ws/install/interbotix_xs_msgs/local/lib/python3.10/dist-packages:/home/jeff/interbotix_ws/install/interbotix_common_modules/lib/python3.10/site-packages:${PYTHONPATH} /usr/bin/python3 -W ignore:setup.py install is deprecated -W ignore:easy_install command is deprecated setup.py egg_info --egg-base ../../../../build/interbotix_xs_modules build --build-base /home/jeff/interbotix_ws/build/interbotix_xs_modules/build install --record /home/jeff/interbotix_ws/build/interbotix_xs_modules/install.log --single-version-externally-managed install_data
[0.549s] running egg_info
[0.550s] creating ../../../../build/interbotix_xs_modules/interbotix_xs_modules.egg-info
[0.550s] writing ../../../../build/interbotix_xs_modules/interbotix_xs_modules.egg-info/PKG-INFO
[0.550s] writing dependency_links to ../../../../build/interbotix_xs_modules/interbotix_xs_modules.egg-info/dependency_links.txt
[0.550s] writing entry points to ../../../../build/interbotix_xs_modules/interbotix_xs_modules.egg-info/entry_points.txt
[0.550s] writing requirements to ../../../../build/interbotix_xs_modules/interbotix_xs_modules.egg-info/requires.txt
[0.550s] writing top-level names to ../../../../build/interbotix_xs_modules/interbotix_xs_modules.egg-info/top_level.txt
[0.550s] writing manifest file '../../../../build/interbotix_xs_modules/interbotix_xs_modules.egg-info/SOURCES.txt'
[0.551s] reading manifest file '../../../../build/interbotix_xs_modules/interbotix_xs_modules.egg-info/SOURCES.txt'
[0.551s] writing manifest file '../../../../build/interbotix_xs_modules/interbotix_xs_modules.egg-info/SOURCES.txt'
[0.551s] running build
[0.552s] running build_py
[0.552s] creating /home/jeff/interbotix_ws/build/interbotix_xs_modules/build
[0.552s] creating /home/jeff/interbotix_ws/build/interbotix_xs_modules/build/lib
[0.552s] creating /home/jeff/interbotix_ws/build/interbotix_xs_modules/build/lib/interbotix_xs_modules
[0.552s] copying interbotix_xs_modules/__init__.py -> /home/jeff/interbotix_ws/build/interbotix_xs_modules/build/lib/interbotix_xs_modules
[0.554s] creating /home/jeff/interbotix_ws/build/interbotix_xs_modules/build/lib/interbotix_xs_modules/xs_launch
[0.554s] copying interbotix_xs_modules/xs_launch/xs_launch.py -> /home/jeff/interbotix_ws/build/interbotix_xs_modules/build/lib/interbotix_xs_modules/xs_launch
[0.554s] copying interbotix_xs_modules/xs_launch/__init__.py -> /home/jeff/interbotix_ws/build/interbotix_xs_modules/build/lib/interbotix_xs_modules/xs_launch
[0.554s] creating /home/jeff/interbotix_ws/build/interbotix_xs_modules/build/lib/interbotix_xs_modules/xs_common
[0.554s] copying interbotix_xs_modules/xs_common/__init__.py -> /home/jeff/interbotix_ws/build/interbotix_xs_modules/build/lib/interbotix_xs_modules/xs_common
[0.554s] copying interbotix_xs_modules/xs_common/xs_common.py -> /home/jeff/interbotix_ws/build/interbotix_xs_modules/build/lib/interbotix_xs_modules/xs_common
[0.554s] creating /home/jeff/interbotix_ws/build/interbotix_xs_modules/build/lib/interbotix_xs_modules/xs_robot
[0.554s] copying interbotix_xs_modules/xs_robot/mobile_base.py -> /home/jeff/interbotix_ws/build/interbotix_xs_modules/build/lib/interbotix_xs_modules/xs_robot
[0.554s] copying interbotix_xs_modules/xs_robot/create3.py -> /home/jeff/interbotix_ws/build/interbotix_xs_modules/build/lib/interbotix_xs_modules/xs_robot
[0.554s] copying interbotix_xs_modules/xs_robot/arm.py -> /home/jeff/interbotix_ws/build/interbotix_xs_modules/build/lib/interbotix_xs_modules/xs_robot
[0.554s] copying interbotix_xs_modules/xs_robot/gravity_compensation.py -> /home/jeff/interbotix_ws/build/interbotix_xs_modules/build/lib/interbotix_xs_modules/xs_robot
[0.555s] copying interbotix_xs_modules/xs_robot/hexapod.py -> /home/jeff/interbotix_ws/build/interbotix_xs_modules/build/lib/interbotix_xs_modules/xs_robot
[0.555s] copying interbotix_xs_modules/xs_robot/gripper.py -> /home/jeff/interbotix_ws/build/interbotix_xs_modules/build/lib/interbotix_xs_modules/xs_robot
[0.555s] copying interbotix_xs_modules/xs_robot/locobot.py -> /home/jeff/interbotix_ws/build/interbotix_xs_modules/build/lib/interbotix_xs_modules/xs_robot
[0.555s] copying interbotix_xs_modules/xs_robot/kobuki.py -> /home/jeff/interbotix_ws/build/interbotix_xs_modules/build/lib/interbotix_xs_modules/xs_robot
[0.555s] copying interbotix_xs_modules/xs_robot/core.py -> /home/jeff/interbotix_ws/build/interbotix_xs_modules/build/lib/interbotix_xs_modules/xs_robot
[0.555s] copying interbotix_xs_modules/xs_robot/turret.py -> /home/jeff/interbotix_ws/build/interbotix_xs_modules/build/lib/interbotix_xs_modules/xs_robot
[0.555s] copying interbotix_xs_modules/xs_robot/__init__.py -> /home/jeff/interbotix_ws/build/interbotix_xs_modules/build/lib/interbotix_xs_modules/xs_robot
[0.555s] copying interbotix_xs_modules/xs_robot/mr_descriptions.py -> /home/jeff/interbotix_ws/build/interbotix_xs_modules/build/lib/interbotix_xs_modules/xs_robot
[0.555s] copying interbotix_xs_modules/xs_robot/slate.py -> /home/jeff/interbotix_ws/build/interbotix_xs_modules/build/lib/interbotix_xs_modules/xs_robot
[0.555s] running install
[0.555s] running install_lib
[0.555s] creating /home/jeff/interbotix_ws/install/interbotix_xs_modules/lib/python3.10/site-packages/interbotix_xs_modules
[0.555s] creating /home/jeff/interbotix_ws/install/interbotix_xs_modules/lib/python3.10/site-packages/interbotix_xs_modules/xs_launch
[0.555s] copying /home/jeff/interbotix_ws/build/interbotix_xs_modules/build/lib/interbotix_xs_modules/xs_launch/xs_launch.py -> /home/jeff/interbotix_ws/install/interbotix_xs_modules/lib/python3.10/site-packages/interbotix_xs_modules/xs_launch
[0.555s] copying /home/jeff/interbotix_ws/build/interbotix_xs_modules/build/lib/interbotix_xs_modules/xs_launch/__init__.py -> /home/jeff/interbotix_ws/install/interbotix_xs_modules/lib/python3.10/site-packages/interbotix_xs_modules/xs_launch
[0.555s] creating /home/jeff/interbotix_ws/install/interbotix_xs_modules/lib/python3.10/site-packages/interbotix_xs_modules/xs_common
[0.555s] copying /home/jeff/interbotix_ws/build/interbotix_xs_modules/build/lib/interbotix_xs_modules/xs_common/__init__.py -> /home/jeff/interbotix_ws/install/interbotix_xs_modules/lib/python3.10/site-packages/interbotix_xs_modules/xs_common
[0.555s] copying /home/jeff/interbotix_ws/build/interbotix_xs_modules/build/lib/interbotix_xs_modules/xs_common/xs_common.py -> /home/jeff/interbotix_ws/install/interbotix_xs_modules/lib/python3.10/site-packages/interbotix_xs_modules/xs_common
[0.558s] creating /home/jeff/interbotix_ws/install/interbotix_xs_modules/lib/python3.10/site-packages/interbotix_xs_modules/xs_robot
[0.558s] copying /home/jeff/interbotix_ws/build/interbotix_xs_modules/build/lib/interbotix_xs_modules/xs_robot/mobile_base.py -> /home/jeff/interbotix_ws/install/interbotix_xs_modules/lib/python3.10/site-packages/interbotix_xs_modules/xs_robot
[0.558s] copying /home/jeff/interbotix_ws/build/interbotix_xs_modules/build/lib/interbotix_xs_modules/xs_robot/create3.py -> /home/jeff/interbotix_ws/install/interbotix_xs_modules/lib/python3.10/site-packages/interbotix_xs_modules/xs_robot
[0.558s] copying /home/jeff/interbotix_ws/build/interbotix_xs_modules/build/lib/interbotix_xs_modules/xs_robot/arm.py -> /home/jeff/interbotix_ws/install/interbotix_xs_modules/lib/python3.10/site-packages/interbotix_xs_modules/xs_robot
[0.558s] copying /home/jeff/interbotix_ws/build/interbotix_xs_modules/build/lib/interbotix_xs_modules/xs_robot/gravity_compensation.py -> /home/jeff/interbotix_ws/install/interbotix_xs_modules/lib/python3.10/site-packages/interbotix_xs_modules/xs_robot
[0.558s] copying /home/jeff/interbotix_ws/build/interbotix_xs_modules/build/lib/interbotix_xs_modules/xs_robot/hexapod.py -> /home/jeff/interbotix_ws/install/interbotix_xs_modules/lib/python3.10/site-packages/interbotix_xs_modules/xs_robot
[0.558s] copying /home/jeff/interbotix_ws/build/interbotix_xs_modules/build/lib/interbotix_xs_modules/xs_robot/gripper.py -> /home/jeff/interbotix_ws/install/interbotix_xs_modules/lib/python3.10/site-packages/interbotix_xs_modules/xs_robot
[0.558s] copying /home/jeff/interbotix_ws/build/interbotix_xs_modules/build/lib/interbotix_xs_modules/xs_robot/locobot.py -> /home/jeff/interbotix_ws/install/interbotix_xs_modules/lib/python3.10/site-packages/interbotix_xs_modules/xs_robot
[0.558s] copying /home/jeff/interbotix_ws/build/interbotix_xs_modules/build/lib/interbotix_xs_modules/xs_robot/kobuki.py -> /home/jeff/interbotix_ws/install/interbotix_xs_modules/lib/python3.10/site-packages/interbotix_xs_modules/xs_robot
[0.558s] copying /home/jeff/interbotix_ws/build/interbotix_xs_modules/build/lib/interbotix_xs_modules/xs_robot/core.py -> /home/jeff/interbotix_ws/install/interbotix_xs_modules/lib/python3.10/site-packages/interbotix_xs_modules/xs_robot
[0.558s] copying /home/jeff/interbotix_ws/build/interbotix_xs_modules/build/lib/interbotix_xs_modules/xs_robot/turret.py -> /home/jeff/interbotix_ws/install/interbotix_xs_modules/lib/python3.10/site-packages/interbotix_xs_modules/xs_robot
[0.558s] copying /home/jeff/interbotix_ws/build/interbotix_xs_modules/build/lib/interbotix_xs_modules/xs_robot/__init__.py -> /home/jeff/interbotix_ws/install/interbotix_xs_modules/lib/python3.10/site-packages/interbotix_xs_modules/xs_robot
[0.558s] copying /home/jeff/interbotix_ws/build/interbotix_xs_modules/build/lib/interbotix_xs_modules/xs_robot/mr_descriptions.py -> /home/jeff/interbotix_ws/install/interbotix_xs_modules/lib/python3.10/site-packages/interbotix_xs_modules/xs_robot
[0.558s] copying /home/jeff/interbotix_ws/build/interbotix_xs_modules/build/lib/interbotix_xs_modules/xs_robot/slate.py -> /home/jeff/interbotix_ws/install/interbotix_xs_modules/lib/python3.10/site-packages/interbotix_xs_modules/xs_robot
[0.558s] copying /home/jeff/interbotix_ws/build/interbotix_xs_modules/build/lib/interbotix_xs_modules/__init__.py -> /home/jeff/interbotix_ws/install/interbotix_xs_modules/lib/python3.10/site-packages/interbotix_xs_modules
[0.558s] byte-compiling /home/jeff/interbotix_ws/install/interbotix_xs_modules/lib/python3.10/site-packages/interbotix_xs_modules/xs_launch/xs_launch.py to xs_launch.cpython-310.pyc
[0.558s] byte-compiling /home/jeff/interbotix_ws/install/interbotix_xs_modules/lib/python3.10/site-packages/interbotix_xs_modules/xs_launch/__init__.py to __init__.cpython-310.pyc
[0.558s] byte-compiling /home/jeff/interbotix_ws/install/interbotix_xs_modules/lib/python3.10/site-packages/interbotix_xs_modules/xs_common/__init__.py to __init__.cpython-310.pyc
[0.558s] byte-compiling /home/jeff/interbotix_ws/install/interbotix_xs_modules/lib/python3.10/site-packages/interbotix_xs_modules/xs_common/xs_common.py to xs_common.cpython-310.pyc
[0.558s] byte-compiling /home/jeff/interbotix_ws/install/interbotix_xs_modules/lib/python3.10/site-packages/interbotix_xs_modules/xs_robot/mobile_base.py to mobile_base.cpython-310.pyc
[0.558s] byte-compiling /home/jeff/interbotix_ws/install/interbotix_xs_modules/lib/python3.10/site-packages/interbotix_xs_modules/xs_robot/create3.py to create3.cpython-310.pyc
[0.559s] byte-compiling /home/jeff/interbotix_ws/install/interbotix_xs_modules/lib/python3.10/site-packages/interbotix_xs_modules/xs_robot/arm.py to arm.cpython-310.pyc
[0.560s] byte-compiling /home/jeff/interbotix_ws/install/interbotix_xs_modules/lib/python3.10/site-packages/interbotix_xs_modules/xs_robot/gravity_compensation.py to gravity_compensation.cpython-310.pyc
[0.560s] byte-compiling /home/jeff/interbotix_ws/install/interbotix_xs_modules/lib/python3.10/site-packages/interbotix_xs_modules/xs_robot/hexapod.py to hexapod.cpython-310.pyc
[0.563s] byte-compiling /home/jeff/interbotix_ws/install/interbotix_xs_modules/lib/python3.10/site-packages/interbotix_xs_modules/xs_robot/gripper.py to gripper.cpython-310.pyc
[0.563s] byte-compiling /home/jeff/interbotix_ws/install/interbotix_xs_modules/lib/python3.10/site-packages/interbotix_xs_modules/xs_robot/locobot.py to locobot.cpython-310.pyc
[0.564s] byte-compiling /home/jeff/interbotix_ws/install/interbotix_xs_modules/lib/python3.10/site-packages/interbotix_xs_modules/xs_robot/kobuki.py to kobuki.cpython-310.pyc
[0.564s] byte-compiling /home/jeff/interbotix_ws/install/interbotix_xs_modules/lib/python3.10/site-packages/interbotix_xs_modules/xs_robot/core.py to core.cpython-310.pyc
[0.565s] byte-compiling /home/jeff/interbotix_ws/install/interbotix_xs_modules/lib/python3.10/site-packages/interbotix_xs_modules/xs_robot/turret.py to turret.cpython-310.pyc
[0.566s] byte-compiling /home/jeff/interbotix_ws/install/interbotix_xs_modules/lib/python3.10/site-packages/interbotix_xs_modules/xs_robot/__init__.py to __init__.cpython-310.pyc
[0.566s] byte-compiling /home/jeff/interbotix_ws/install/interbotix_xs_modules/lib/python3.10/site-packages/interbotix_xs_modules/xs_robot/mr_descriptions.py to mr_descriptions.cpython-310.pyc
[0.567s] byte-compiling /home/jeff/interbotix_ws/install/interbotix_xs_modules/lib/python3.10/site-packages/interbotix_xs_modules/xs_robot/slate.py to slate.cpython-310.pyc
[0.567s] byte-compiling /home/jeff/interbotix_ws/install/interbotix_xs_modules/lib/python3.10/site-packages/interbotix_xs_modules/__init__.py to __init__.cpython-310.pyc
[0.567s] running install_data
[0.568s] creating /home/jeff/interbotix_ws/install/interbotix_xs_modules/share/ament_index
[0.568s] creating /home/jeff/interbotix_ws/install/interbotix_xs_modules/share/ament_index/resource_index
[0.568s] creating /home/jeff/interbotix_ws/install/interbotix_xs_modules/share/ament_index/resource_index/packages
[0.568s] copying resource/interbotix_xs_modules -> /home/jeff/interbotix_ws/install/interbotix_xs_modules/share/ament_index/resource_index/packages
[0.568s] copying package.xml -> /home/jeff/interbotix_ws/install/interbotix_xs_modules/share/interbotix_xs_modules
[0.568s] running install_egg_info
[0.568s] Copying ../../../../build/interbotix_xs_modules/interbotix_xs_modules.egg-info to /home/jeff/interbotix_ws/install/interbotix_xs_modules/lib/python3.10/site-packages/interbotix_xs_modules-0.0.0-py3.10.egg-info
[0.569s] running install_scripts
[0.583s] writing list of installed files to '/home/jeff/interbotix_ws/build/interbotix_xs_modules/install.log'
[0.600s] Invoked command in '/home/jeff/interbotix_ws/src/interbotix_ros_toolboxes/interbotix_xs_toolbox/interbotix_xs_modules' returned '0': AMENT_PREFIX_PATH=/home/jeff/interbotix_ws/install/interbotix_xs_sdk:/home/jeff/interbotix_ws/install/interbotix_xs_driver:/home/jeff/interbotix_ws/install/interbotix_xs_msgs:/home/jeff/interbotix_ws/install/interbotix_common_modules:/home/jeff/interbotix_ws/install/dynamixel_workbench_toolbox:${AMENT_PREFIX_PATH} CMAKE_PREFIX_PATH=/home/jeff/interbotix_ws/install/interbotix_xs_sdk:/home/jeff/interbotix_ws/install/interbotix_xs_driver:/home/jeff/interbotix_ws/install/interbotix_xs_msgs:/home/jeff/interbotix_ws/install/dynamixel_workbench_toolbox:${CMAKE_PREFIX_PATH} LD_LIBRARY_PATH=/home/jeff/interbotix_ws/install/interbotix_xs_driver/lib:/home/jeff/interbotix_ws/install/interbotix_xs_msgs/lib:/home/jeff/interbotix_ws/install/dynamixel_workbench_toolbox/lib:/home/jeff/apriltag_ws/install/apriltag_ros/lib:/home/jeff/ws_moveit/install/pilz_industrial_motion_planner_testutils/lib:/home/jeff/ws_moveit/install/pilz_industrial_motion_planner/lib:/home/jeff/ws_moveit/install/moveit_visual_tools/lib:/home/jeff/ws_moveit/install/moveit_task_constructor_visualization/lib:/home/jeff/ws_moveit/install/moveit_task_constructor_demo/lib:/home/jeff/ws_moveit/install/moveit_task_constructor_capabilities/lib:/home/jeff/ws_moveit/install/moveit_task_constructor_core/lib:/home/jeff/ws_moveit/install/moveit_ros_control_interface/lib:/home/jeff/ws_moveit/install/moveit_simple_controller_manager/lib:/home/jeff/ws_moveit/install/moveit_setup_assistant/lib:/home/jeff/ws_moveit/install/moveit_setup_srdf_plugins/lib:/home/jeff/ws_moveit/install/moveit_setup_core_plugins/lib:/home/jeff/ws_moveit/install/moveit_setup_controllers/lib:/home/jeff/ws_moveit/install/moveit_setup_app_plugins/lib:/home/jeff/ws_moveit/install/moveit_setup_framework/lib:/home/jeff/ws_moveit/install/moveit_servo/lib:/home/jeff/ws_moveit/install/moveit_ros_visualization/lib:/home/jeff/ws_moveit/install/moveit_hybrid_planning/lib:/home/jeff/ws_moveit/install/moveit_ros_planning_interface/lib:/home/jeff/ws_moveit/install/moveit_ros_benchmarks/lib:/home/jeff/ws_moveit/install/moveit_ros_warehouse/lib:/home/jeff/ws_moveit/install/moveit_ros_robot_interaction/lib:/home/jeff/ws_moveit/install/moveit_ros_perception/lib:/home/jeff/ws_moveit/install/moveit_ros_move_group/lib:/home/jeff/ws_moveit/install/moveit_planners_ompl/lib:/home/jeff/ws_moveit/install/moveit_ros_planning/lib:/home/jeff/ws_moveit/install/moveit_ros_occupancy_map_monitor/lib:/home/jeff/ws_moveit/install/moveit_resources_prbt_ikfast_manipulator_plugin/lib:/home/jeff/ws_moveit/install/moveit_planners_chomp/lib:/home/jeff/ws_moveit/install/moveit_kinematics/lib:/home/jeff/ws_moveit/install/moveit_chomp_optimizer_adapter/lib:/home/jeff/ws_moveit/install/chomp_motion_planner/lib:/home/jeff/ws_moveit/install/moveit_core/lib:/home/jeff/ws_moveit/install/srdfdom/lib:/home/jeff/ws_moveit/install/rviz_marker_tools/lib:/home/jeff/ws_moveit/install/rosparam_shortcuts/lib:/home/jeff/ws_moveit/install/moveit_task_constructor_msgs/lib:/home/jeff/turtlebot3_ws/install/turtlebot3_msgs/lib:/home/jeff/turtlebot3_ws/install/dynamixel_sdk_custom_interfaces/lib:/home/jeff/turtlebot3_ws/install/dynamixel_sdk/lib:/usr/lib/x86_64-linux-gnu/gazebo-11/plugins:/opt/ros/humble/opt/rviz_ogre_vendor/lib:/opt/ros/humble/lib/x86_64-linux-gnu:/opt/ros/humble/lib:/usr/lib/x86_64-linux-gnu/gazebo-11/plugins PYTHONPATH=/home/jeff/interbotix_ws/build/interbotix_xs_modules/prefix_override:/usr/lib/python3/dist-packages/colcon_core/task/python/colcon_distutils_commands:/home/jeff/interbotix_ws/install/interbotix_xs_modules/lib/python3.10/site-packages:/home/jeff/interbotix_ws/install/interbotix_xs_msgs/local/lib/python3.10/dist-packages:/home/jeff/interbotix_ws/install/interbotix_common_modules/lib/python3.10/site-packages:${PYTHONPATH} /usr/bin/python3 -W ignore:setup.py install is deprecated -W ignore:easy_install command is deprecated setup.py egg_info --egg-base ../../../../build/interbotix_xs_modules build --build-base /home/jeff/interbotix_ws/build/interbotix_xs_modules/build install --record /home/jeff/interbotix_ws/build/interbotix_xs_modules/install.log --single-version-externally-managed install_data
