[0mmoveit_visual_tools: You did not request a specific build type: Choosing 'Release' for maximum performance[0m
[33mCMake Warning at CMakeLists.txt:39 (add_library):
  Cannot generate a safe runtime search path for target moveit_visual_tools
  because files in some directories may conflict with libraries in implicit
  directories:

    runtime library [liboctomap.so.1.9] in /usr/lib/x86_64-linux-gnu may be hidden by files in:
      /opt/ros/humble/lib/x86_64-linux-gnu
    runtime library [liboctomath.so.1.9] in /usr/lib/x86_64-linux-gnu may be hidden by files in:
      /opt/ros/humble/lib/x86_64-linux-gnu

  Some of these libraries may not be found correctly.

[0m
[33mCMake Warning at CMakeLists.txt:52 (add_executable):
  Cannot generate a safe runtime search path for target
  moveit_visual_tools_demo because files in some directories may conflict
  with libraries in implicit directories:

    runtime library [liboctomap.so.1.9] in /usr/lib/x86_64-linux-gnu may be hidden by files in:
      /opt/ros/humble/lib/x86_64-linux-gnu
    runtime library [liboctomath.so.1.9] in /usr/lib/x86_64-linux-gnu may be hidden by files in:
      /opt/ros/humble/lib/x86_64-linux-gnu

  Some of these libraries may not be found correctly.

[0m
