[0.032s] Invoking command in '/home/jeff/interbotix_ws/build/moveit_visual_tools': CMAKE_PREFIX_PATH=${CMAKE_PREFIX_PATH}:/home/jeff/ws_moveit/install/moveit_configs_utils:/home/jeff/ws_moveit/install/launch_param_builder:/home/jeff/turtlebot3_ws/install/turtlebot3_teleop:/home/jeff/turtlebot3_ws/install/turtlebot3_example:/opt/ros/humble /usr/bin/cmake /home/jeff/interbotix_ws/src/moveit_visual_tools -DCMAKE_INSTALL_PREFIX=/home/jeff/interbotix_ws/install/moveit_visual_tools
[0.150s] -- The C compiler identification is GNU 11.4.0
[0.244s] -- The CXX compiler identification is GNU 11.4.0
[0.254s] -- Detecting C compiler ABI info
[0.388s] -- Detecting C compiler ABI info - done
[0.394s] -- Check for working C compiler: /usr/bin/cc - skipped
[0.394s] -- Detecting C compile features
[0.395s] -- Detecting C compile features - done
[0.401s] -- Detecting CXX compiler ABI info
[0.543s] -- Detecting CXX compiler ABI info - done
[0.552s] -- Check for working CXX compiler: /usr/bin/c++ - skipped
[0.552s] -- Detecting CXX compile features
[0.552s] -- Detecting CXX compile features - done
[0.560s] -- Found moveit_common: 2.5.9 (/home/jeff/ws_moveit/install/moveit_common/share/moveit_common/cmake)
[0.575s] -- Found ament_cmake: 1.3.11 (/opt/ros/humble/share/ament_cmake/cmake)
[0.810s] -- Found Python3: /usr/bin/python3 (found version "3.10.12") found components: Interpreter 
[1.096s] [0mmoveit_visual_tools: You did not request a specific build type: Choosing 'Release' for maximum performance[0m
[1.140s] -- Found Boost: /usr/lib/x86_64-linux-gnu/cmake/Boost-1.74.0/BoostConfig.cmake (found version "1.74.0") found components: system 
[1.166s] -- Found geometry_msgs: 4.8.0 (/opt/ros/humble/share/geometry_msgs/cmake)
[1.264s] -- Found rosidl_generator_c: 3.1.6 (/opt/ros/humble/share/rosidl_generator_c/cmake)
[1.284s] -- Found rosidl_adapter: 3.1.6 (/opt/ros/humble/share/rosidl_adapter/cmake)
[1.317s] -- Found rosidl_generator_cpp: 3.1.6 (/opt/ros/humble/share/rosidl_generator_cpp/cmake)
[1.355s] -- Using all available rosidl_typesupport_c: rosidl_typesupport_fastrtps_c;rosidl_typesupport_introspection_c
[1.375s] -- Using all available rosidl_typesupport_cpp: rosidl_typesupport_fastrtps_cpp;rosidl_typesupport_introspection_cpp
[1.419s] -- Found graph_msgs: 0.2.0 (/opt/ros/humble/share/graph_msgs/cmake)
[1.435s] -- Found moveit_core: 2.5.9 (/home/jeff/ws_moveit/install/moveit_core/share/moveit_core/cmake)
[1.851s] -- Found Boost: /usr/lib/x86_64-linux-gnu/cmake/Boost-1.74.0/BoostConfig.cmake (found version "1.74.0") found components: chrono date_time filesystem iostreams program_options regex serialization system thread 
[2.042s] -- Found parameter_traits: 0.4.0 (/opt/ros/humble/share/parameter_traits/cmake)
[2.220s] -- Found rmw_implementation_cmake: 6.1.2 (/opt/ros/humble/share/rmw_implementation_cmake/cmake)
[2.232s] -- Found rmw_fastrtps_cpp: 6.2.7 (/opt/ros/humble/share/rmw_fastrtps_cpp/cmake)
[2.480s] -- Found OpenSSL: /usr/lib/x86_64-linux-gnu/libcrypto.so (found version "3.0.2")  
[2.506s] -- Found FastRTPS: /opt/ros/humble/include  
[2.584s] -- Using RMW implementation 'rmw_fastrtps_cpp' as default
[2.628s] -- Found Threads: TRUE  
[2.728s] -- Found Eigen3: TRUE (found version "3.4.0") 
[2.744s] -- Found rclcpp_lifecycle: 16.0.12 (/opt/ros/humble/share/rclcpp_lifecycle/cmake)
[2.799s] -- Found Boost: /usr/lib/x86_64-linux-gnu/cmake/Boost-1.74.0/BoostConfig.cmake (found version "1.74.0") found components: filesystem 
[3.008s] -- library: /usr/lib/x86_64-linux-gnu/libcurl.so
[3.130s] -- Ensuring Eigen3 include directory is part of orocos-kdl CMake target
[3.617s] -- Found moveit_ros_planning: 2.5.9 (/home/jeff/ws_moveit/install/moveit_ros_planning/share/moveit_ros_planning/cmake)
[3.623s] -- Found Boost: /usr/lib/x86_64-linux-gnu/cmake/Boost-1.74.0/BoostConfig.cmake (found version "1.74.0") found components: system filesystem date_time program_options thread chrono 
[3.660s] -- Found rviz_visual_tools: 4.1.4 (/opt/ros/humble/share/rviz_visual_tools/cmake)
[3.740s] -- Setting assimp_DIR to: '/opt/ros/humble/share/rviz_assimp_vendor/cmake/../../../opt/rviz_assimp_vendor/lib/cmake/assimp-4.1'
[3.773s] -- Setting OGRE_DIR to: '/opt/ros/humble/share/rviz_ogre_vendor/cmake/../../../opt/rviz_ogre_vendor/lib/OGRE/cmake'
[3.775s] -- Found OGRE
[3.775s] --   static     : OFF
[3.775s] --   components : HLMS;MeshLodGenerator;Overlay;Paging;Property;RTShaderSystem;Terrain;Volume
[3.775s] --   plugins    : Plugin_BSPSceneManager;Plugin_OctreeSceneManager;Plugin_PCZSceneManager;Plugin_ParticleFX;RenderSystem_GL;RenderSystem_GL3Plus;Codec_STBI
[3.775s] --   media      : /opt/ros/humble/opt/rviz_ogre_vendor/share/OGRE/Media
[3.775s] -- OGRE_LIBRARIES: OgreHLMS;OgreMeshLodGenerator;OgreOverlay;OgrePaging;OgreProperty;OgreRTShaderSystem;OgreTerrain;OgreVolume;OgreMain
[3.775s] -- OGRE_LIBRARY_DIRS: /opt/ros/humble/opt/rviz_ogre_vendor/lib
[3.775s] -- OGRE_PLUGINS: Plugin_BSPSceneManager;Plugin_OctreeSceneManager;Plugin_PCZSceneManager;Plugin_ParticleFX;RenderSystem_GL;RenderSystem_GL3Plus;Codec_STBI
[3.775s] -- OGRE_PLUGIN_DIR: /opt/ros/humble/opt/rviz_ogre_vendor/lib/OGRE
[3.775s] -- rviz_ogre_vendor::OgreOverlay for IMPORTED_LOCATION_RELEASE: /opt/ros/humble/opt/rviz_ogre_vendor/lib/libOgreOverlay.so
[3.775s] -- rviz_ogre_vendor::OgreOverlay for IMPORTED_LOCATION_DEBUG: /opt/ros/humble/opt/rviz_ogre_vendor/lib/libOgreOverlay.so
[3.775s] -- rviz_ogre_vendor::OgreMain for IMPORTED_LOCATION_RELEASE: /opt/ros/humble/opt/rviz_ogre_vendor/lib/libOgreMain.so
[3.775s] -- rviz_ogre_vendor::OgreMain for IMPORTED_LOCATION_DEBUG: /opt/ros/humble/opt/rviz_ogre_vendor/lib/libOgreMain.so
[3.817s] -- Found ZLIB: /usr/lib/x86_64-linux-gnu/libz.so (found version "1.2.11") 
[3.831s] -- Found OpenGL: /usr/lib/x86_64-linux-gnu/libOpenGL.so   
[4.057s] -- Found X11: /usr/include   
[4.057s] -- Looking for XOpenDisplay in /usr/lib/x86_64-linux-gnu/libX11.so;/usr/lib/x86_64-linux-gnu/libXext.so
[4.231s] -- Looking for XOpenDisplay in /usr/lib/x86_64-linux-gnu/libX11.so;/usr/lib/x86_64-linux-gnu/libXext.so - found
[4.231s] -- Looking for gethostbyname
[4.399s] -- Looking for gethostbyname - found
[4.400s] -- Looking for connect
[4.563s] -- Looking for connect - found
[4.563s] -- Looking for remove
[4.721s] -- Looking for remove - found
[4.721s] -- Looking for shmat
[4.888s] -- Looking for shmat - found
[4.888s] -- Looking for IceConnectionNumber in ICE
[5.061s] -- Looking for IceConnectionNumber in ICE - found
[5.325s] -- Found ament_lint_auto: 0.12.12 (/opt/ros/humble/share/ament_lint_auto/cmake)
[5.399s] -- Added test 'copyright' to check source files copyright and LICENSE
[5.406s] -- Added test 'flake8' to check Python code syntax and style conventions
[5.407s] -- Added test 'lint_cmake' to check CMake code style
[5.412s] -- Added test 'pep257' to check Python code against some of the docstring style conventions in PEP 257
[5.414s] -- Added test 'xmllint' to check XML markup files
[5.423s] -- Configuring done
[5.496s] [33mCMake Warning at CMakeLists.txt:39 (add_library):
[5.496s]   Cannot generate a safe runtime search path for target moveit_visual_tools
[5.496s]   because files in some directories may conflict with libraries in implicit
[5.496s]   directories:
[5.496s] 
[5.496s]     runtime library [liboctomap.so.1.9] in /usr/lib/x86_64-linux-gnu may be hidden by files in:
[5.496s]       /opt/ros/humble/lib/x86_64-linux-gnu
[5.496s]     runtime library [liboctomath.so.1.9] in /usr/lib/x86_64-linux-gnu may be hidden by files in:
[5.496s]       /opt/ros/humble/lib/x86_64-linux-gnu
[5.496s] 
[5.496s]   Some of these libraries may not be found correctly.
[5.496s] 
[5.496s] [0m
[5.527s] [33mCMake Warning at CMakeLists.txt:52 (add_executable):
[5.528s]   Cannot generate a safe runtime search path for target
[5.528s]   moveit_visual_tools_demo because files in some directories may conflict
[5.528s]   with libraries in implicit directories:
[5.528s] 
[5.528s]     runtime library [liboctomap.so.1.9] in /usr/lib/x86_64-linux-gnu may be hidden by files in:
[5.528s]       /opt/ros/humble/lib/x86_64-linux-gnu
[5.528s]     runtime library [liboctomath.so.1.9] in /usr/lib/x86_64-linux-gnu may be hidden by files in:
[5.528s]       /opt/ros/humble/lib/x86_64-linux-gnu
[5.528s] 
[5.528s]   Some of these libraries may not be found correctly.
[5.528s] 
[5.528s] [0m
[5.533s] -- Generating done
[5.549s] -- Build files have been written to: /home/jeff/interbotix_ws/build/moveit_visual_tools
[5.565s] Invoked command in '/home/jeff/interbotix_ws/build/moveit_visual_tools' returned '0': CMAKE_PREFIX_PATH=${CMAKE_PREFIX_PATH}:/home/jeff/ws_moveit/install/moveit_configs_utils:/home/jeff/ws_moveit/install/launch_param_builder:/home/jeff/turtlebot3_ws/install/turtlebot3_teleop:/home/jeff/turtlebot3_ws/install/turtlebot3_example:/opt/ros/humble /usr/bin/cmake /home/jeff/interbotix_ws/src/moveit_visual_tools -DCMAKE_INSTALL_PREFIX=/home/jeff/interbotix_ws/install/moveit_visual_tools
[5.570s] Invoking command in '/home/jeff/interbotix_ws/build/moveit_visual_tools': CMAKE_PREFIX_PATH=${CMAKE_PREFIX_PATH}:/home/jeff/ws_moveit/install/moveit_configs_utils:/home/jeff/ws_moveit/install/launch_param_builder:/home/jeff/turtlebot3_ws/install/turtlebot3_teleop:/home/jeff/turtlebot3_ws/install/turtlebot3_example:/opt/ros/humble /usr/bin/cmake --build /home/jeff/interbotix_ws/build/moveit_visual_tools -- -j4 -l4
[5.682s] [ 16%] [32mBuilding CXX object CMakeFiles/moveit_visual_tools.dir/src/imarker_end_effector.cpp.o[0m
[5.684s] [ 33%] [32mBuilding CXX object CMakeFiles/moveit_visual_tools.dir/src/moveit_visual_tools.cpp.o[0m
[5.684s] [ 50%] [32mBuilding CXX object CMakeFiles/moveit_visual_tools.dir/src/imarker_robot_state.cpp.o[0m
[22.808s] [ 66%] [32m[1mLinking CXX shared library libmoveit_visual_tools.so[0m
[23.118s] [ 66%] Built target moveit_visual_tools
[23.143s] [ 83%] [32mBuilding CXX object CMakeFiles/moveit_visual_tools_demo.dir/src/moveit_visual_tools_demo.cpp.o[0m
[30.094s] [100%] [32m[1mLinking CXX executable moveit_visual_tools_demo[0m
[30.334s] [100%] Built target moveit_visual_tools_demo
[30.386s] Invoked command in '/home/jeff/interbotix_ws/build/moveit_visual_tools' returned '0': CMAKE_PREFIX_PATH=${CMAKE_PREFIX_PATH}:/home/jeff/ws_moveit/install/moveit_configs_utils:/home/jeff/ws_moveit/install/launch_param_builder:/home/jeff/turtlebot3_ws/install/turtlebot3_teleop:/home/jeff/turtlebot3_ws/install/turtlebot3_example:/opt/ros/humble /usr/bin/cmake --build /home/jeff/interbotix_ws/build/moveit_visual_tools -- -j4 -l4
[30.386s] Invoking command in '/home/jeff/interbotix_ws/build/moveit_visual_tools': CMAKE_PREFIX_PATH=${CMAKE_PREFIX_PATH}:/home/jeff/ws_moveit/install/moveit_configs_utils:/home/jeff/ws_moveit/install/launch_param_builder:/home/jeff/turtlebot3_ws/install/turtlebot3_teleop:/home/jeff/turtlebot3_ws/install/turtlebot3_example:/opt/ros/humble /usr/bin/cmake --install /home/jeff/interbotix_ws/build/moveit_visual_tools
[30.394s] -- Install configuration: "Release"
[30.394s] -- Installing: /home/jeff/interbotix_ws/install/moveit_visual_tools/share/moveit_visual_tools/environment/library_path.sh
[30.394s] -- Installing: /home/jeff/interbotix_ws/install/moveit_visual_tools/share/moveit_visual_tools/environment/library_path.dsv
[30.394s] -- Installing: /home/jeff/interbotix_ws/install/moveit_visual_tools/lib/libmoveit_visual_tools.so
[30.396s] -- Set runtime path of "/home/jeff/interbotix_ws/install/moveit_visual_tools/lib/libmoveit_visual_tools.so" to ""
[30.396s] -- Installing: /home/jeff/interbotix_ws/install/moveit_visual_tools/lib/moveit_visual_tools/moveit_visual_tools_demo
[30.396s] -- Set runtime path of "/home/jeff/interbotix_ws/install/moveit_visual_tools/lib/moveit_visual_tools/moveit_visual_tools_demo" to ""
[30.396s] -- Installing: /home/jeff/interbotix_ws/install/moveit_visual_tools/include
[30.396s] -- Installing: /home/jeff/interbotix_ws/install/moveit_visual_tools/include/moveit_visual_tools
[30.396s] -- Installing: /home/jeff/interbotix_ws/install/moveit_visual_tools/include/moveit_visual_tools/moveit_visual_tools.h
[30.396s] -- Installing: /home/jeff/interbotix_ws/install/moveit_visual_tools/include/moveit_visual_tools/imarker_end_effector.h
[30.396s] -- Installing: /home/jeff/interbotix_ws/install/moveit_visual_tools/include/moveit_visual_tools/imarker_robot_state.h
[30.396s] -- Installing: /home/jeff/interbotix_ws/install/moveit_visual_tools/share/moveit_visual_tools/launch
[30.396s] -- Installing: /home/jeff/interbotix_ws/install/moveit_visual_tools/share/moveit_visual_tools/launch/demo.rviz
[30.396s] -- Installing: /home/jeff/interbotix_ws/install/moveit_visual_tools/share/moveit_visual_tools/launch/demo_rviz.launch.py
[30.396s] -- Installing: /home/jeff/interbotix_ws/install/moveit_visual_tools/share/moveit_visual_tools/resources
[30.396s] -- Installing: /home/jeff/interbotix_ws/install/moveit_visual_tools/share/moveit_visual_tools/resources/rrbot.srdf
[30.396s] -- Installing: /home/jeff/interbotix_ws/install/moveit_visual_tools/share/moveit_visual_tools/resources/rrbot.urdf
[30.396s] -- Installing: /home/jeff/interbotix_ws/install/moveit_visual_tools/share/moveit_visual_tools/resources/demo_mesh.stl
[30.396s] -- Installing: /home/jeff/interbotix_ws/install/moveit_visual_tools/share/moveit_visual_tools/resources/screenshot.png
[30.396s] -- Installing: /home/jeff/interbotix_ws/install/moveit_visual_tools/share/moveit_visual_tools/resources/demo.png
[30.397s] -- Installing: /home/jeff/interbotix_ws/install/moveit_visual_tools/share/ament_index/resource_index/package_run_dependencies/moveit_visual_tools
[30.397s] -- Installing: /home/jeff/interbotix_ws/install/moveit_visual_tools/share/ament_index/resource_index/parent_prefix_path/moveit_visual_tools
[30.397s] -- Installing: /home/jeff/interbotix_ws/install/moveit_visual_tools/share/moveit_visual_tools/environment/ament_prefix_path.sh
[30.397s] -- Installing: /home/jeff/interbotix_ws/install/moveit_visual_tools/share/moveit_visual_tools/environment/ament_prefix_path.dsv
[30.397s] -- Installing: /home/jeff/interbotix_ws/install/moveit_visual_tools/share/moveit_visual_tools/environment/path.sh
[30.397s] -- Installing: /home/jeff/interbotix_ws/install/moveit_visual_tools/share/moveit_visual_tools/environment/path.dsv
[30.397s] -- Installing: /home/jeff/interbotix_ws/install/moveit_visual_tools/share/moveit_visual_tools/local_setup.bash
[30.397s] -- Installing: /home/jeff/interbotix_ws/install/moveit_visual_tools/share/moveit_visual_tools/local_setup.sh
[30.397s] -- Installing: /home/jeff/interbotix_ws/install/moveit_visual_tools/share/moveit_visual_tools/local_setup.zsh
[30.397s] -- Installing: /home/jeff/interbotix_ws/install/moveit_visual_tools/share/moveit_visual_tools/local_setup.dsv
[30.397s] -- Installing: /home/jeff/interbotix_ws/install/moveit_visual_tools/share/moveit_visual_tools/package.dsv
[30.397s] -- Installing: /home/jeff/interbotix_ws/install/moveit_visual_tools/share/ament_index/resource_index/packages/moveit_visual_tools
[30.398s] -- Installing: /home/jeff/interbotix_ws/install/moveit_visual_tools/share/moveit_visual_tools/cmake/export_moveit_visual_toolsExport.cmake
[30.400s] -- Installing: /home/jeff/interbotix_ws/install/moveit_visual_tools/share/moveit_visual_tools/cmake/export_moveit_visual_toolsExport-release.cmake
[30.402s] -- Installing: /home/jeff/interbotix_ws/install/moveit_visual_tools/share/moveit_visual_tools/cmake/ament_cmake_export_targets-extras.cmake
[30.402s] -- Installing: /home/jeff/interbotix_ws/install/moveit_visual_tools/share/moveit_visual_tools/cmake/ament_cmake_export_dependencies-extras.cmake
[30.402s] -- Installing: /home/jeff/interbotix_ws/install/moveit_visual_tools/share/moveit_visual_tools/cmake/moveit_visual_toolsConfig.cmake
[30.402s] -- Installing: /home/jeff/interbotix_ws/install/moveit_visual_tools/share/moveit_visual_tools/cmake/moveit_visual_toolsConfig-version.cmake
[30.402s] -- Installing: /home/jeff/interbotix_ws/install/moveit_visual_tools/share/moveit_visual_tools/package.xml
[30.405s] Invoked command in '/home/jeff/interbotix_ws/build/moveit_visual_tools' returned '0': CMAKE_PREFIX_PATH=${CMAKE_PREFIX_PATH}:/home/jeff/ws_moveit/install/moveit_configs_utils:/home/jeff/ws_moveit/install/launch_param_builder:/home/jeff/turtlebot3_ws/install/turtlebot3_teleop:/home/jeff/turtlebot3_ws/install/turtlebot3_example:/opt/ros/humble /usr/bin/cmake --install /home/jeff/interbotix_ws/build/moveit_visual_tools
