[0.021s] Invoking command in '/home/jeff/interbotix_ws/build/interbotix_tf_tools': CMAKE_PREFIX_PATH=${CMAKE_PREFIX_PATH}:/home/jeff/ws_moveit/install/moveit_configs_utils:/home/jeff/ws_moveit/install/launch_param_builder:/home/jeff/turtlebot3_ws/install/turtlebot3_teleop:/home/jeff/turtlebot3_ws/install/turtlebot3_example:/opt/ros/humble /usr/bin/cmake /home/jeff/interbotix_ws/src/interbotix_ros_toolboxes/interbotix_common_toolbox/interbotix_tf_tools -DCMAKE_INSTALL_PREFIX=/home/jeff/interbotix_ws/install/interbotix_tf_tools
[0.119s] -- The C compiler identification is GNU 11.4.0
[0.195s] -- The CXX compiler identification is GNU 11.4.0
[0.208s] -- Detecting C compiler ABI info
[0.322s] -- Detecting C compiler ABI info - done
[0.326s] -- Check for working C compiler: /usr/bin/cc - skipped
[0.326s] -- Detecting C compile features
[0.327s] -- Detecting C compile features - done
[0.331s] -- Detecting CXX compiler ABI info
[0.475s] -- Detecting CXX compiler ABI info - done
[0.481s] -- Check for working CXX compiler: /usr/bin/c++ - skipped
[0.481s] -- Detecting CXX compile features
[0.482s] -- Detecting CXX compile features - done
[0.493s] -- Found ament_cmake: 1.3.11 (/opt/ros/humble/share/ament_cmake/cmake)
[0.744s] -- Found Python3: /usr/bin/python3 (found version "3.10.12") found components: Interpreter 
[0.971s] -- Found geometry_msgs: 4.8.0 (/opt/ros/humble/share/geometry_msgs/cmake)
[1.106s] -- Found rosidl_generator_c: 3.1.6 (/opt/ros/humble/share/rosidl_generator_c/cmake)
[1.120s] -- Found rosidl_adapter: 3.1.6 (/opt/ros/humble/share/rosidl_adapter/cmake)
[1.134s] -- Found rosidl_generator_cpp: 3.1.6 (/opt/ros/humble/share/rosidl_generator_cpp/cmake)
[1.164s] -- Using all available rosidl_typesupport_c: rosidl_typesupport_fastrtps_c;rosidl_typesupport_introspection_c
[1.211s] -- Using all available rosidl_typesupport_cpp: rosidl_typesupport_fastrtps_cpp;rosidl_typesupport_introspection_cpp
[1.292s] -- Found rclcpp: 16.0.12 (/opt/ros/humble/share/rclcpp/cmake)
[1.436s] -- Found rmw_implementation_cmake: 6.1.2 (/opt/ros/humble/share/rmw_implementation_cmake/cmake)
[1.453s] -- Found rmw_fastrtps_cpp: 6.2.7 (/opt/ros/humble/share/rmw_fastrtps_cpp/cmake)
[1.660s] -- Found OpenSSL: /usr/lib/x86_64-linux-gnu/libcrypto.so (found version "3.0.2")  
[1.709s] -- Found FastRTPS: /opt/ros/humble/include  
[1.754s] -- Using RMW implementation 'rmw_fastrtps_cpp' as default
[1.776s] -- Looking for pthread.h
[1.845s] -- Looking for pthread.h - found
[1.845s] -- Performing Test CMAKE_HAVE_LIBC_PTHREAD
[1.959s] -- Performing Test CMAKE_HAVE_LIBC_PTHREAD - Success
[1.962s] -- Found Threads: TRUE  
[2.041s] -- Found rclcpp_components: 16.0.12 (/opt/ros/humble/share/rclcpp_components/cmake)
[2.089s] -- Found tf2_msgs: 0.25.12 (/opt/ros/humble/share/tf2_msgs/cmake)
[2.131s] -- Found tf2_ros: 0.25.12 (/opt/ros/humble/share/tf2_ros/cmake)
[2.234s] -- Found ament_lint_auto: 0.12.12 (/opt/ros/humble/share/ament_lint_auto/cmake)
[2.418s] -- Added test 'copyright' to check source files copyright and LICENSE
[2.419s] -- Added test 'cppcheck' to perform static code analysis on C / C++ code
[2.420s] -- Configured cppcheck include dirs: /home/jeff/interbotix_ws/src/interbotix_ros_toolboxes/interbotix_common_toolbox/interbotix_tf_tools/include
[2.420s] -- Configured cppcheck exclude dirs and/or files: 
[2.424s] -- Added test 'cpplint' to check C / C++ code against the Google style
[2.424s] -- Configured cpplint exclude dirs and/or files: 
[2.425s] -- Added test 'flake8' to check Python code syntax and style conventions
[2.429s] -- Added test 'lint_cmake' to check CMake code style
[2.430s] -- Added test 'pep257' to check Python code against some of the docstring style conventions in PEP 257
[2.432s] -- Added test 'uncrustify' to check C / C++ code style
[2.432s] -- Configured uncrustify additional arguments: 
[2.435s] -- Added test 'xmllint' to check XML markup files
[2.440s] -- Configuring done
[2.454s] -- Generating done
[2.460s] -- Build files have been written to: /home/jeff/interbotix_ws/build/interbotix_tf_tools
[2.472s] Invoked command in '/home/jeff/interbotix_ws/build/interbotix_tf_tools' returned '0': CMAKE_PREFIX_PATH=${CMAKE_PREFIX_PATH}:/home/jeff/ws_moveit/install/moveit_configs_utils:/home/jeff/ws_moveit/install/launch_param_builder:/home/jeff/turtlebot3_ws/install/turtlebot3_teleop:/home/jeff/turtlebot3_ws/install/turtlebot3_example:/opt/ros/humble /usr/bin/cmake /home/jeff/interbotix_ws/src/interbotix_ros_toolboxes/interbotix_common_toolbox/interbotix_tf_tools -DCMAKE_INSTALL_PREFIX=/home/jeff/interbotix_ws/install/interbotix_tf_tools
[2.477s] Invoking command in '/home/jeff/interbotix_ws/build/interbotix_tf_tools': CMAKE_PREFIX_PATH=${CMAKE_PREFIX_PATH}:/home/jeff/ws_moveit/install/moveit_configs_utils:/home/jeff/ws_moveit/install/launch_param_builder:/home/jeff/turtlebot3_ws/install/turtlebot3_teleop:/home/jeff/turtlebot3_ws/install/turtlebot3_example:/opt/ros/humble /usr/bin/cmake --build /home/jeff/interbotix_ws/build/interbotix_tf_tools -- -j4 -l4
[2.581s] [ 50%] [32mBuilding CXX object CMakeFiles/tf_rebroadcaster.dir/src/tf_rebroadcaster.cpp.o[0m
[11.383s] [100%] [32m[1mLinking CXX shared library libtf_rebroadcaster.so[0m
[12.030s] [100%] Built target tf_rebroadcaster
[12.044s] Invoked command in '/home/jeff/interbotix_ws/build/interbotix_tf_tools' returned '0': CMAKE_PREFIX_PATH=${CMAKE_PREFIX_PATH}:/home/jeff/ws_moveit/install/moveit_configs_utils:/home/jeff/ws_moveit/install/launch_param_builder:/home/jeff/turtlebot3_ws/install/turtlebot3_teleop:/home/jeff/turtlebot3_ws/install/turtlebot3_example:/opt/ros/humble /usr/bin/cmake --build /home/jeff/interbotix_ws/build/interbotix_tf_tools -- -j4 -l4
[12.044s] Invoking command in '/home/jeff/interbotix_ws/build/interbotix_tf_tools': CMAKE_PREFIX_PATH=${CMAKE_PREFIX_PATH}:/home/jeff/ws_moveit/install/moveit_configs_utils:/home/jeff/ws_moveit/install/launch_param_builder:/home/jeff/turtlebot3_ws/install/turtlebot3_teleop:/home/jeff/turtlebot3_ws/install/turtlebot3_example:/opt/ros/humble /usr/bin/cmake --install /home/jeff/interbotix_ws/build/interbotix_tf_tools
[12.049s] -- Install configuration: ""
[12.049s] -- Installing: /home/jeff/interbotix_ws/install/interbotix_tf_tools/lib/libtf_rebroadcaster.so
[12.053s] -- Set runtime path of "/home/jeff/interbotix_ws/install/interbotix_tf_tools/lib/libtf_rebroadcaster.so" to ""
[12.053s] -- Installing: /home/jeff/interbotix_ws/install/interbotix_tf_tools/lib/interbotix_tf_tools/static_trans_pub.py
[12.053s] -- Installing: /home/jeff/interbotix_ws/install/interbotix_tf_tools/share/interbotix_tf_tools//config
[12.053s] -- Installing: /home/jeff/interbotix_ws/install/interbotix_tf_tools/share/interbotix_tf_tools//config/tf_rebroadcaster.yaml
[12.053s] -- Installing: /home/jeff/interbotix_ws/install/interbotix_tf_tools/share/interbotix_tf_tools//launch
[12.053s] -- Installing: /home/jeff/interbotix_ws/install/interbotix_tf_tools/share/interbotix_tf_tools//launch/tf_rebroadcaster.launch.py
[12.053s] -- Installing: /home/jeff/interbotix_ws/install/interbotix_tf_tools/share/interbotix_tf_tools//launch/static_transform_pub.launch.py
[12.053s] -- Installing: /home/jeff/interbotix_ws/install/interbotix_tf_tools/share/ament_index/resource_index/package_run_dependencies/interbotix_tf_tools
[12.054s] -- Installing: /home/jeff/interbotix_ws/install/interbotix_tf_tools/share/ament_index/resource_index/parent_prefix_path/interbotix_tf_tools
[12.054s] -- Installing: /home/jeff/interbotix_ws/install/interbotix_tf_tools/share/interbotix_tf_tools/environment/ament_prefix_path.sh
[12.054s] -- Installing: /home/jeff/interbotix_ws/install/interbotix_tf_tools/share/interbotix_tf_tools/environment/ament_prefix_path.dsv
[12.054s] -- Installing: /home/jeff/interbotix_ws/install/interbotix_tf_tools/share/interbotix_tf_tools/environment/path.sh
[12.054s] -- Installing: /home/jeff/interbotix_ws/install/interbotix_tf_tools/share/interbotix_tf_tools/environment/path.dsv
[12.054s] -- Installing: /home/jeff/interbotix_ws/install/interbotix_tf_tools/share/interbotix_tf_tools/local_setup.bash
[12.054s] -- Installing: /home/jeff/interbotix_ws/install/interbotix_tf_tools/share/interbotix_tf_tools/local_setup.sh
[12.054s] -- Installing: /home/jeff/interbotix_ws/install/interbotix_tf_tools/share/interbotix_tf_tools/local_setup.zsh
[12.054s] -- Installing: /home/jeff/interbotix_ws/install/interbotix_tf_tools/share/interbotix_tf_tools/local_setup.dsv
[12.054s] -- Installing: /home/jeff/interbotix_ws/install/interbotix_tf_tools/share/interbotix_tf_tools/package.dsv
[12.055s] -- Installing: /home/jeff/interbotix_ws/install/interbotix_tf_tools/share/ament_index/resource_index/packages/interbotix_tf_tools
[12.055s] -- Installing: /home/jeff/interbotix_ws/install/interbotix_tf_tools/share/ament_index/resource_index/rclcpp_components/interbotix_tf_tools
[12.055s] -- Installing: /home/jeff/interbotix_ws/install/interbotix_tf_tools/share/interbotix_tf_tools/cmake/interbotix_tf_toolsConfig.cmake
[12.055s] -- Installing: /home/jeff/interbotix_ws/install/interbotix_tf_tools/share/interbotix_tf_tools/cmake/interbotix_tf_toolsConfig-version.cmake
[12.055s] -- Installing: /home/jeff/interbotix_ws/install/interbotix_tf_tools/share/interbotix_tf_tools/package.xml
[12.059s] Invoked command in '/home/jeff/interbotix_ws/build/interbotix_tf_tools' returned '0': CMAKE_PREFIX_PATH=${CMAKE_PREFIX_PATH}:/home/jeff/ws_moveit/install/moveit_configs_utils:/home/jeff/ws_moveit/install/launch_param_builder:/home/jeff/turtlebot3_ws/install/turtlebot3_teleop:/home/jeff/turtlebot3_ws/install/turtlebot3_example:/opt/ros/humble /usr/bin/cmake --install /home/jeff/interbotix_ws/build/interbotix_tf_tools
