[0.031s] Invoking command in '/home/jeff/interbotix_ws/build/interbotix_perception_msgs': CMAKE_PREFIX_PATH=${CMAKE_PREFIX_PATH}:/home/jeff/interbotix_ws/install/px100_test:/home/jeff/interbotix_ws/install/interbotix_xs_modules:/home/jeff/interbotix_ws/install/interbotix_perception_modules:/home/jeff/interbotix_ws/install/interbotix_common_modules:/home/jeff/ws_moveit/install/moveit_configs_utils:/home/jeff/ws_moveit/install/launch_param_builder:/home/jeff/turtlebot3_ws/install/turtlebot3_teleop:/home/jeff/turtlebot3_ws/install/turtlebot3_example:/opt/ros/humble /usr/bin/cmake --build /home/jeff/interbotix_ws/build/interbotix_perception_msgs -- -j4 -l4
[0.247s] [ 10%] Built target interbotix_perception_msgs__rosidl_generator_c
[0.254s] [ 12%] Built target interbotix_perception_msgs__cpp
[0.319s] [ 12%] Built target ament_cmake_python_copy_interbotix_perception_msgs
[0.332s] [ 23%] Built target interbotix_perception_msgs__rosidl_typesupport_fastrtps_c
[0.349s] [ 40%] Built target interbotix_perception_msgs__rosidl_typesupport_c
[0.349s] [ 45%] Built target interbotix_perception_msgs__rosidl_typesupport_introspection_c
[0.385s] [ 56%] Built target interbotix_perception_msgs__rosidl_typesupport_fastrtps_cpp
[0.416s] [ 67%] Built target interbotix_perception_msgs__rosidl_typesupport_introspection_cpp
[0.431s] [ 78%] Built target interbotix_perception_msgs__rosidl_typesupport_cpp
[0.555s] [ 78%] Built target interbotix_perception_msgs
[0.653s] [ 80%] Built target interbotix_perception_msgs__py
[0.739s] [ 89%] Built target interbotix_perception_msgs__rosidl_generator_py
[0.844s] [ 92%] Built target interbotix_perception_msgs__rosidl_typesupport_introspection_c__pyext
[0.845s] [ 96%] Built target interbotix_perception_msgs__rosidl_typesupport_fastrtps_c__pyext
[0.861s] [100%] Built target interbotix_perception_msgs__rosidl_typesupport_c__pyext
[0.961s] running egg_info
[0.961s] writing interbotix_perception_msgs.egg-info/PKG-INFO
[0.961s] writing dependency_links to interbotix_perception_msgs.egg-info/dependency_links.txt
[0.961s] writing top-level names to interbotix_perception_msgs.egg-info/top_level.txt
[0.970s] reading manifest file 'interbotix_perception_msgs.egg-info/SOURCES.txt'
[0.970s] writing manifest file 'interbotix_perception_msgs.egg-info/SOURCES.txt'
[1.059s] [100%] Built target ament_cmake_python_build_interbotix_perception_msgs_egg
[1.129s] Invoked command in '/home/jeff/interbotix_ws/build/interbotix_perception_msgs' returned '0': CMAKE_PREFIX_PATH=${CMAKE_PREFIX_PATH}:/home/jeff/interbotix_ws/install/px100_test:/home/jeff/interbotix_ws/install/interbotix_xs_modules:/home/jeff/interbotix_ws/install/interbotix_perception_modules:/home/jeff/interbotix_ws/install/interbotix_common_modules:/home/jeff/ws_moveit/install/moveit_configs_utils:/home/jeff/ws_moveit/install/launch_param_builder:/home/jeff/turtlebot3_ws/install/turtlebot3_teleop:/home/jeff/turtlebot3_ws/install/turtlebot3_example:/opt/ros/humble /usr/bin/cmake --build /home/jeff/interbotix_ws/build/interbotix_perception_msgs -- -j4 -l4
[1.129s] Invoking command in '/home/jeff/interbotix_ws/build/interbotix_perception_msgs': CMAKE_PREFIX_PATH=${CMAKE_PREFIX_PATH}:/home/jeff/interbotix_ws/install/px100_test:/home/jeff/interbotix_ws/install/interbotix_xs_modules:/home/jeff/interbotix_ws/install/interbotix_perception_modules:/home/jeff/interbotix_ws/install/interbotix_common_modules:/home/jeff/ws_moveit/install/moveit_configs_utils:/home/jeff/ws_moveit/install/launch_param_builder:/home/jeff/turtlebot3_ws/install/turtlebot3_teleop:/home/jeff/turtlebot3_ws/install/turtlebot3_example:/opt/ros/humble /usr/bin/cmake --install /home/jeff/interbotix_ws/build/interbotix_perception_msgs
[1.216s] -- Install configuration: ""
[1.216s] -- Up-to-date: /home/jeff/interbotix_ws/install/interbotix_perception_msgs/share/ament_index/resource_index/rosidl_interfaces/interbotix_perception_msgs
[1.216s] -- Up-to-date: /home/jeff/interbotix_ws/install/interbotix_perception_msgs/include/interbotix_perception_msgs/interbotix_perception_msgs
[1.216s] -- Up-to-date: /home/jeff/interbotix_ws/install/interbotix_perception_msgs/include/interbotix_perception_msgs/interbotix_perception_msgs/msg
[1.216s] -- Up-to-date: /home/jeff/interbotix_ws/install/interbotix_perception_msgs/include/interbotix_perception_msgs/interbotix_perception_msgs/msg/rosidl_generator_c__visibility_control.h
[1.216s] -- Up-to-date: /home/jeff/interbotix_ws/install/interbotix_perception_msgs/include/interbotix_perception_msgs/interbotix_perception_msgs/msg/cluster_info.h
[1.216s] -- Up-to-date: /home/jeff/interbotix_ws/install/interbotix_perception_msgs/include/interbotix_perception_msgs/interbotix_perception_msgs/msg/detail
[1.216s] -- Up-to-date: /home/jeff/interbotix_ws/install/interbotix_perception_msgs/include/interbotix_perception_msgs/interbotix_perception_msgs/msg/detail/cluster_info__type_support.h
[1.216s] -- Up-to-date: /home/jeff/interbotix_ws/install/interbotix_perception_msgs/include/interbotix_perception_msgs/interbotix_perception_msgs/msg/detail/cluster_info__struct.h
[1.216s] -- Up-to-date: /home/jeff/interbotix_ws/install/interbotix_perception_msgs/include/interbotix_perception_msgs/interbotix_perception_msgs/msg/detail/cluster_info__functions.h
[1.217s] -- Up-to-date: /home/jeff/interbotix_ws/install/interbotix_perception_msgs/include/interbotix_perception_msgs/interbotix_perception_msgs/msg/detail/cluster_info__functions.c
[1.228s] -- Up-to-date: /home/jeff/interbotix_ws/install/interbotix_perception_msgs/include/interbotix_perception_msgs/interbotix_perception_msgs/srv
[1.228s] -- Up-to-date: /home/jeff/interbotix_ws/install/interbotix_perception_msgs/include/interbotix_perception_msgs/interbotix_perception_msgs/srv/filter_params.h
[1.229s] -- Up-to-date: /home/jeff/interbotix_ws/install/interbotix_perception_msgs/include/interbotix_perception_msgs/interbotix_perception_msgs/srv/snap_picture.h
[1.229s] -- Up-to-date: /home/jeff/interbotix_ws/install/interbotix_perception_msgs/include/interbotix_perception_msgs/interbotix_perception_msgs/srv/cluster_info_array.h
[1.229s] -- Up-to-date: /home/jeff/interbotix_ws/install/interbotix_perception_msgs/include/interbotix_perception_msgs/interbotix_perception_msgs/srv/detail
[1.229s] -- Up-to-date: /home/jeff/interbotix_ws/install/interbotix_perception_msgs/include/interbotix_perception_msgs/interbotix_perception_msgs/srv/detail/snap_picture__functions.c
[1.229s] -- Up-to-date: /home/jeff/interbotix_ws/install/interbotix_perception_msgs/include/interbotix_perception_msgs/interbotix_perception_msgs/srv/detail/filter_params__struct.h
[1.229s] -- Up-to-date: /home/jeff/interbotix_ws/install/interbotix_perception_msgs/include/interbotix_perception_msgs/interbotix_perception_msgs/srv/detail/cluster_info_array__struct.h
[1.229s] -- Up-to-date: /home/jeff/interbotix_ws/install/interbotix_perception_msgs/include/interbotix_perception_msgs/interbotix_perception_msgs/srv/detail/filter_params__functions.c
[1.229s] -- Up-to-date: /home/jeff/interbotix_ws/install/interbotix_perception_msgs/include/interbotix_perception_msgs/interbotix_perception_msgs/srv/detail/cluster_info_array__functions.c
[1.229s] -- Up-to-date: /home/jeff/interbotix_ws/install/interbotix_perception_msgs/include/interbotix_perception_msgs/interbotix_perception_msgs/srv/detail/filter_params__functions.h
[1.229s] -- Up-to-date: /home/jeff/interbotix_ws/install/interbotix_perception_msgs/include/interbotix_perception_msgs/interbotix_perception_msgs/srv/detail/cluster_info_array__type_support.h
[1.229s] -- Up-to-date: /home/jeff/interbotix_ws/install/interbotix_perception_msgs/include/interbotix_perception_msgs/interbotix_perception_msgs/srv/detail/filter_params__type_support.h
[1.229s] -- Up-to-date: /home/jeff/interbotix_ws/install/interbotix_perception_msgs/include/interbotix_perception_msgs/interbotix_perception_msgs/srv/detail/cluster_info_array__functions.h
[1.229s] -- Up-to-date: /home/jeff/interbotix_ws/install/interbotix_perception_msgs/include/interbotix_perception_msgs/interbotix_perception_msgs/srv/detail/snap_picture__struct.h
[1.229s] -- Up-to-date: /home/jeff/interbotix_ws/install/interbotix_perception_msgs/include/interbotix_perception_msgs/interbotix_perception_msgs/srv/detail/snap_picture__functions.h
[1.229s] -- Up-to-date: /home/jeff/interbotix_ws/install/interbotix_perception_msgs/include/interbotix_perception_msgs/interbotix_perception_msgs/srv/detail/snap_picture__type_support.h
[1.229s] -- Up-to-date: /home/jeff/interbotix_ws/install/interbotix_perception_msgs/share/interbotix_perception_msgs/environment/library_path.sh
[1.229s] -- Up-to-date: /home/jeff/interbotix_ws/install/interbotix_perception_msgs/share/interbotix_perception_msgs/environment/library_path.dsv
[1.229s] -- Up-to-date: /home/jeff/interbotix_ws/install/interbotix_perception_msgs/lib/libinterbotix_perception_msgs__rosidl_generator_c.so
[1.229s] -- Up-to-date: /home/jeff/interbotix_ws/install/interbotix_perception_msgs/include/interbotix_perception_msgs/interbotix_perception_msgs
[1.229s] -- Up-to-date: /home/jeff/interbotix_ws/install/interbotix_perception_msgs/include/interbotix_perception_msgs/interbotix_perception_msgs/msg
[1.229s] -- Up-to-date: /home/jeff/interbotix_ws/install/interbotix_perception_msgs/include/interbotix_perception_msgs/interbotix_perception_msgs/msg/rosidl_typesupport_fastrtps_c__visibility_control.h
[1.229s] -- Up-to-date: /home/jeff/interbotix_ws/install/interbotix_perception_msgs/include/interbotix_perception_msgs/interbotix_perception_msgs/msg/detail
[1.229s] -- Up-to-date: /home/jeff/interbotix_ws/install/interbotix_perception_msgs/include/interbotix_perception_msgs/interbotix_perception_msgs/msg/detail/cluster_info__rosidl_typesupport_fastrtps_c.h
[1.229s] -- Up-to-date: /home/jeff/interbotix_ws/install/interbotix_perception_msgs/include/interbotix_perception_msgs/interbotix_perception_msgs/srv
[1.229s] -- Up-to-date: /home/jeff/interbotix_ws/install/interbotix_perception_msgs/include/interbotix_perception_msgs/interbotix_perception_msgs/srv/detail
[1.229s] -- Up-to-date: /home/jeff/interbotix_ws/install/interbotix_perception_msgs/include/interbotix_perception_msgs/interbotix_perception_msgs/srv/detail/cluster_info_array__rosidl_typesupport_fastrtps_c.h
[1.229s] -- Up-to-date: /home/jeff/interbotix_ws/install/interbotix_perception_msgs/include/interbotix_perception_msgs/interbotix_perception_msgs/srv/detail/filter_params__rosidl_typesupport_fastrtps_c.h
[1.229s] -- Up-to-date: /home/jeff/interbotix_ws/install/interbotix_perception_msgs/include/interbotix_perception_msgs/interbotix_perception_msgs/srv/detail/snap_picture__rosidl_typesupport_fastrtps_c.h
[1.229s] -- Up-to-date: /home/jeff/interbotix_ws/install/interbotix_perception_msgs/lib/libinterbotix_perception_msgs__rosidl_typesupport_fastrtps_c.so
[1.230s] -- Up-to-date: /home/jeff/interbotix_ws/install/interbotix_perception_msgs/include/interbotix_perception_msgs/interbotix_perception_msgs
[1.230s] -- Up-to-date: /home/jeff/interbotix_ws/install/interbotix_perception_msgs/include/interbotix_perception_msgs/interbotix_perception_msgs/msg
[1.230s] -- Up-to-date: /home/jeff/interbotix_ws/install/interbotix_perception_msgs/include/interbotix_perception_msgs/interbotix_perception_msgs/msg/rosidl_typesupport_introspection_c__visibility_control.h
[1.230s] -- Up-to-date: /home/jeff/interbotix_ws/install/interbotix_perception_msgs/include/interbotix_perception_msgs/interbotix_perception_msgs/msg/detail
[1.230s] -- Up-to-date: /home/jeff/interbotix_ws/install/interbotix_perception_msgs/include/interbotix_perception_msgs/interbotix_perception_msgs/msg/detail/cluster_info__rosidl_typesupport_introspection_c.h
[1.230s] -- Up-to-date: /home/jeff/interbotix_ws/install/interbotix_perception_msgs/include/interbotix_perception_msgs/interbotix_perception_msgs/msg/detail/cluster_info__type_support.c
[1.230s] -- Up-to-date: /home/jeff/interbotix_ws/install/interbotix_perception_msgs/include/interbotix_perception_msgs/interbotix_perception_msgs/srv
[1.230s] -- Up-to-date: /home/jeff/interbotix_ws/install/interbotix_perception_msgs/include/interbotix_perception_msgs/interbotix_perception_msgs/srv/detail
[1.230s] -- Up-to-date: /home/jeff/interbotix_ws/install/interbotix_perception_msgs/include/interbotix_perception_msgs/interbotix_perception_msgs/srv/detail/filter_params__rosidl_typesupport_introspection_c.h
[1.230s] -- Up-to-date: /home/jeff/interbotix_ws/install/interbotix_perception_msgs/include/interbotix_perception_msgs/interbotix_perception_msgs/srv/detail/cluster_info_array__type_support.c
[1.232s] -- Up-to-date: /home/jeff/interbotix_ws/install/interbotix_perception_msgs/include/interbotix_perception_msgs/interbotix_perception_msgs/srv/detail/snap_picture__type_support.c
[1.232s] -- Up-to-date: /home/jeff/interbotix_ws/install/interbotix_perception_msgs/include/interbotix_perception_msgs/interbotix_perception_msgs/srv/detail/cluster_info_array__rosidl_typesupport_introspection_c.h
[1.232s] -- Up-to-date: /home/jeff/interbotix_ws/install/interbotix_perception_msgs/include/interbotix_perception_msgs/interbotix_perception_msgs/srv/detail/snap_picture__rosidl_typesupport_introspection_c.h
[1.232s] -- Up-to-date: /home/jeff/interbotix_ws/install/interbotix_perception_msgs/include/interbotix_perception_msgs/interbotix_perception_msgs/srv/detail/filter_params__type_support.c
[1.232s] -- Up-to-date: /home/jeff/interbotix_ws/install/interbotix_perception_msgs/lib/libinterbotix_perception_msgs__rosidl_typesupport_introspection_c.so
[1.236s] -- Up-to-date: /home/jeff/interbotix_ws/install/interbotix_perception_msgs/lib/libinterbotix_perception_msgs__rosidl_typesupport_c.so
[1.236s] -- Up-to-date: /home/jeff/interbotix_ws/install/interbotix_perception_msgs/include/interbotix_perception_msgs/interbotix_perception_msgs
[1.236s] -- Up-to-date: /home/jeff/interbotix_ws/install/interbotix_perception_msgs/include/interbotix_perception_msgs/interbotix_perception_msgs/msg
[1.236s] -- Up-to-date: /home/jeff/interbotix_ws/install/interbotix_perception_msgs/include/interbotix_perception_msgs/interbotix_perception_msgs/msg/cluster_info.hpp
[1.236s] -- Up-to-date: /home/jeff/interbotix_ws/install/interbotix_perception_msgs/include/interbotix_perception_msgs/interbotix_perception_msgs/msg/rosidl_generator_cpp__visibility_control.hpp
[1.240s] -- Up-to-date: /home/jeff/interbotix_ws/install/interbotix_perception_msgs/include/interbotix_perception_msgs/interbotix_perception_msgs/msg/detail
[1.242s] -- Up-to-date: /home/jeff/interbotix_ws/install/interbotix_perception_msgs/include/interbotix_perception_msgs/interbotix_perception_msgs/msg/detail/cluster_info__struct.hpp
[1.242s] -- Up-to-date: /home/jeff/interbotix_ws/install/interbotix_perception_msgs/include/interbotix_perception_msgs/interbotix_perception_msgs/msg/detail/cluster_info__builder.hpp
[1.242s] -- Up-to-date: /home/jeff/interbotix_ws/install/interbotix_perception_msgs/include/interbotix_perception_msgs/interbotix_perception_msgs/msg/detail/cluster_info__type_support.hpp
[1.243s] -- Up-to-date: /home/jeff/interbotix_ws/install/interbotix_perception_msgs/include/interbotix_perception_msgs/interbotix_perception_msgs/msg/detail/cluster_info__traits.hpp
[1.243s] -- Up-to-date: /home/jeff/interbotix_ws/install/interbotix_perception_msgs/include/interbotix_perception_msgs/interbotix_perception_msgs/srv
[1.243s] -- Up-to-date: /home/jeff/interbotix_ws/install/interbotix_perception_msgs/include/interbotix_perception_msgs/interbotix_perception_msgs/srv/filter_params.hpp
[1.243s] -- Up-to-date: /home/jeff/interbotix_ws/install/interbotix_perception_msgs/include/interbotix_perception_msgs/interbotix_perception_msgs/srv/cluster_info_array.hpp
[1.243s] -- Up-to-date: /home/jeff/interbotix_ws/install/interbotix_perception_msgs/include/interbotix_perception_msgs/interbotix_perception_msgs/srv/snap_picture.hpp
[1.243s] -- Up-to-date: /home/jeff/interbotix_ws/install/interbotix_perception_msgs/include/interbotix_perception_msgs/interbotix_perception_msgs/srv/detail
[1.243s] -- Up-to-date: /home/jeff/interbotix_ws/install/interbotix_perception_msgs/include/interbotix_perception_msgs/interbotix_perception_msgs/srv/detail/filter_params__builder.hpp
[1.243s] -- Up-to-date: /home/jeff/interbotix_ws/install/interbotix_perception_msgs/include/interbotix_perception_msgs/interbotix_perception_msgs/srv/detail/cluster_info_array__traits.hpp
[1.243s] -- Up-to-date: /home/jeff/interbotix_ws/install/interbotix_perception_msgs/include/interbotix_perception_msgs/interbotix_perception_msgs/srv/detail/cluster_info_array__builder.hpp
[1.243s] -- Up-to-date: /home/jeff/interbotix_ws/install/interbotix_perception_msgs/include/interbotix_perception_msgs/interbotix_perception_msgs/srv/detail/cluster_info_array__type_support.hpp
[1.243s] -- Up-to-date: /home/jeff/interbotix_ws/install/interbotix_perception_msgs/include/interbotix_perception_msgs/interbotix_perception_msgs/srv/detail/cluster_info_array__struct.hpp
[1.243s] -- Up-to-date: /home/jeff/interbotix_ws/install/interbotix_perception_msgs/include/interbotix_perception_msgs/interbotix_perception_msgs/srv/detail/filter_params__type_support.hpp
[1.243s] -- Up-to-date: /home/jeff/interbotix_ws/install/interbotix_perception_msgs/include/interbotix_perception_msgs/interbotix_perception_msgs/srv/detail/snap_picture__builder.hpp
[1.243s] -- Up-to-date: /home/jeff/interbotix_ws/install/interbotix_perception_msgs/include/interbotix_perception_msgs/interbotix_perception_msgs/srv/detail/snap_picture__struct.hpp
[1.245s] -- Up-to-date: /home/jeff/interbotix_ws/install/interbotix_perception_msgs/include/interbotix_perception_msgs/interbotix_perception_msgs/srv/detail/snap_picture__traits.hpp
[1.245s] -- Up-to-date: /home/jeff/interbotix_ws/install/interbotix_perception_msgs/include/interbotix_perception_msgs/interbotix_perception_msgs/srv/detail/snap_picture__type_support.hpp
[1.245s] -- Up-to-date: /home/jeff/interbotix_ws/install/interbotix_perception_msgs/include/interbotix_perception_msgs/interbotix_perception_msgs/srv/detail/filter_params__traits.hpp
[1.245s] -- Up-to-date: /home/jeff/interbotix_ws/install/interbotix_perception_msgs/include/interbotix_perception_msgs/interbotix_perception_msgs/srv/detail/filter_params__struct.hpp
[1.245s] -- Up-to-date: /home/jeff/interbotix_ws/install/interbotix_perception_msgs/include/interbotix_perception_msgs/interbotix_perception_msgs
[1.245s] -- Up-to-date: /home/jeff/interbotix_ws/install/interbotix_perception_msgs/include/interbotix_perception_msgs/interbotix_perception_msgs/msg
[1.245s] -- Up-to-date: /home/jeff/interbotix_ws/install/interbotix_perception_msgs/include/interbotix_perception_msgs/interbotix_perception_msgs/msg/rosidl_typesupport_fastrtps_cpp__visibility_control.h
[1.245s] -- Up-to-date: /home/jeff/interbotix_ws/install/interbotix_perception_msgs/include/interbotix_perception_msgs/interbotix_perception_msgs/msg/detail
[1.245s] -- Up-to-date: /home/jeff/interbotix_ws/install/interbotix_perception_msgs/include/interbotix_perception_msgs/interbotix_perception_msgs/msg/detail/cluster_info__rosidl_typesupport_fastrtps_cpp.hpp
[1.245s] -- Up-to-date: /home/jeff/interbotix_ws/install/interbotix_perception_msgs/include/interbotix_perception_msgs/interbotix_perception_msgs/msg/detail/dds_fastrtps
[1.245s] -- Up-to-date: /home/jeff/interbotix_ws/install/interbotix_perception_msgs/include/interbotix_perception_msgs/interbotix_perception_msgs/srv
[1.246s] -- Up-to-date: /home/jeff/interbotix_ws/install/interbotix_perception_msgs/include/interbotix_perception_msgs/interbotix_perception_msgs/srv/detail
[1.246s] -- Up-to-date: /home/jeff/interbotix_ws/install/interbotix_perception_msgs/include/interbotix_perception_msgs/interbotix_perception_msgs/srv/detail/cluster_info_array__rosidl_typesupport_fastrtps_cpp.hpp
[1.246s] -- Up-to-date: /home/jeff/interbotix_ws/install/interbotix_perception_msgs/include/interbotix_perception_msgs/interbotix_perception_msgs/srv/detail/filter_params__rosidl_typesupport_fastrtps_cpp.hpp
[1.246s] -- Up-to-date: /home/jeff/interbotix_ws/install/interbotix_perception_msgs/include/interbotix_perception_msgs/interbotix_perception_msgs/srv/detail/dds_fastrtps
[1.248s] -- Up-to-date: /home/jeff/interbotix_ws/install/interbotix_perception_msgs/include/interbotix_perception_msgs/interbotix_perception_msgs/srv/detail/snap_picture__rosidl_typesupport_fastrtps_cpp.hpp
[1.252s] -- Up-to-date: /home/jeff/interbotix_ws/install/interbotix_perception_msgs/lib/libinterbotix_perception_msgs__rosidl_typesupport_fastrtps_cpp.so
[1.252s] -- Up-to-date: /home/jeff/interbotix_ws/install/interbotix_perception_msgs/include/interbotix_perception_msgs/interbotix_perception_msgs
[1.252s] -- Up-to-date: /home/jeff/interbotix_ws/install/interbotix_perception_msgs/include/interbotix_perception_msgs/interbotix_perception_msgs/msg
[1.252s] -- Up-to-date: /home/jeff/interbotix_ws/install/interbotix_perception_msgs/include/interbotix_perception_msgs/interbotix_perception_msgs/msg/detail
[1.253s] -- Up-to-date: /home/jeff/interbotix_ws/install/interbotix_perception_msgs/include/interbotix_perception_msgs/interbotix_perception_msgs/msg/detail/cluster_info__type_support.cpp
[1.253s] -- Up-to-date: /home/jeff/interbotix_ws/install/interbotix_perception_msgs/include/interbotix_perception_msgs/interbotix_perception_msgs/msg/detail/cluster_info__rosidl_typesupport_introspection_cpp.hpp
[1.253s] -- Up-to-date: /home/jeff/interbotix_ws/install/interbotix_perception_msgs/include/interbotix_perception_msgs/interbotix_perception_msgs/srv
[1.253s] -- Up-to-date: /home/jeff/interbotix_ws/install/interbotix_perception_msgs/include/interbotix_perception_msgs/interbotix_perception_msgs/srv/detail
[1.253s] -- Up-to-date: /home/jeff/interbotix_ws/install/interbotix_perception_msgs/include/interbotix_perception_msgs/interbotix_perception_msgs/srv/detail/filter_params__type_support.cpp
[1.253s] -- Up-to-date: /home/jeff/interbotix_ws/install/interbotix_perception_msgs/include/interbotix_perception_msgs/interbotix_perception_msgs/srv/detail/cluster_info_array__type_support.cpp
[1.253s] -- Up-to-date: /home/jeff/interbotix_ws/install/interbotix_perception_msgs/include/interbotix_perception_msgs/interbotix_perception_msgs/srv/detail/snap_picture__type_support.cpp
[1.253s] -- Up-to-date: /home/jeff/interbotix_ws/install/interbotix_perception_msgs/include/interbotix_perception_msgs/interbotix_perception_msgs/srv/detail/snap_picture__rosidl_typesupport_introspection_cpp.hpp
[1.253s] -- Up-to-date: /home/jeff/interbotix_ws/install/interbotix_perception_msgs/include/interbotix_perception_msgs/interbotix_perception_msgs/srv/detail/filter_params__rosidl_typesupport_introspection_cpp.hpp
[1.253s] -- Up-to-date: /home/jeff/interbotix_ws/install/interbotix_perception_msgs/include/interbotix_perception_msgs/interbotix_perception_msgs/srv/detail/cluster_info_array__rosidl_typesupport_introspection_cpp.hpp
[1.253s] -- Up-to-date: /home/jeff/interbotix_ws/install/interbotix_perception_msgs/lib/libinterbotix_perception_msgs__rosidl_typesupport_introspection_cpp.so
[1.253s] -- Up-to-date: /home/jeff/interbotix_ws/install/interbotix_perception_msgs/lib/libinterbotix_perception_msgs__rosidl_typesupport_cpp.so
[1.253s] -- Up-to-date: /home/jeff/interbotix_ws/install/interbotix_perception_msgs/share/interbotix_perception_msgs/environment/pythonpath.sh
[1.253s] -- Up-to-date: /home/jeff/interbotix_ws/install/interbotix_perception_msgs/share/interbotix_perception_msgs/environment/pythonpath.dsv
[1.253s] -- Up-to-date: /home/jeff/interbotix_ws/install/interbotix_perception_msgs/local/lib/python3.10/dist-packages/interbotix_perception_msgs-0.0.0-py3.10.egg-info
[1.253s] -- Installing: /home/jeff/interbotix_ws/install/interbotix_perception_msgs/local/lib/python3.10/dist-packages/interbotix_perception_msgs-0.0.0-py3.10.egg-info/top_level.txt
[1.253s] -- Installing: /home/jeff/interbotix_ws/install/interbotix_perception_msgs/local/lib/python3.10/dist-packages/interbotix_perception_msgs-0.0.0-py3.10.egg-info/SOURCES.txt
[1.253s] -- Installing: /home/jeff/interbotix_ws/install/interbotix_perception_msgs/local/lib/python3.10/dist-packages/interbotix_perception_msgs-0.0.0-py3.10.egg-info/dependency_links.txt
[1.253s] -- Installing: /home/jeff/interbotix_ws/install/interbotix_perception_msgs/local/lib/python3.10/dist-packages/interbotix_perception_msgs-0.0.0-py3.10.egg-info/PKG-INFO
[1.253s] -- Up-to-date: /home/jeff/interbotix_ws/install/interbotix_perception_msgs/local/lib/python3.10/dist-packages/interbotix_perception_msgs
[1.253s] -- Up-to-date: /home/jeff/interbotix_ws/install/interbotix_perception_msgs/local/lib/python3.10/dist-packages/interbotix_perception_msgs/_interbotix_perception_msgs_s.ep.rosidl_typesupport_fastrtps_c.c
[1.253s] -- Up-to-date: /home/jeff/interbotix_ws/install/interbotix_perception_msgs/local/lib/python3.10/dist-packages/interbotix_perception_msgs/_interbotix_perception_msgs_s.ep.rosidl_typesupport_introspection_c.c
[1.253s] -- Up-to-date: /home/jeff/interbotix_ws/install/interbotix_perception_msgs/local/lib/python3.10/dist-packages/interbotix_perception_msgs/interbotix_perception_msgs_s__rosidl_typesupport_introspection_c.cpython-310-x86_64-linux-gnu.so
[1.253s] -- Up-to-date: /home/jeff/interbotix_ws/install/interbotix_perception_msgs/local/lib/python3.10/dist-packages/interbotix_perception_msgs/msg
[1.253s] -- Up-to-date: /home/jeff/interbotix_ws/install/interbotix_perception_msgs/local/lib/python3.10/dist-packages/interbotix_perception_msgs/msg/_cluster_info_s.c
[1.253s] -- Up-to-date: /home/jeff/interbotix_ws/install/interbotix_perception_msgs/local/lib/python3.10/dist-packages/interbotix_perception_msgs/msg/__init__.py
[1.253s] -- Up-to-date: /home/jeff/interbotix_ws/install/interbotix_perception_msgs/local/lib/python3.10/dist-packages/interbotix_perception_msgs/msg/_cluster_info.py
[1.253s] -- Up-to-date: /home/jeff/interbotix_ws/install/interbotix_perception_msgs/local/lib/python3.10/dist-packages/interbotix_perception_msgs/interbotix_perception_msgs_s__rosidl_typesupport_c.cpython-310-x86_64-linux-gnu.so
[1.253s] -- Up-to-date: /home/jeff/interbotix_ws/install/interbotix_perception_msgs/local/lib/python3.10/dist-packages/interbotix_perception_msgs/interbotix_perception_msgs_s__rosidl_typesupport_fastrtps_c.cpython-310-x86_64-linux-gnu.so
[1.253s] -- Up-to-date: /home/jeff/interbotix_ws/install/interbotix_perception_msgs/local/lib/python3.10/dist-packages/interbotix_perception_msgs/srv
[1.253s] -- Up-to-date: /home/jeff/interbotix_ws/install/interbotix_perception_msgs/local/lib/python3.10/dist-packages/interbotix_perception_msgs/srv/_cluster_info_array_s.c
[1.254s] -- Up-to-date: /home/jeff/interbotix_ws/install/interbotix_perception_msgs/local/lib/python3.10/dist-packages/interbotix_perception_msgs/srv/_snap_picture.py
[1.254s] -- Up-to-date: /home/jeff/interbotix_ws/install/interbotix_perception_msgs/local/lib/python3.10/dist-packages/interbotix_perception_msgs/srv/_snap_picture_s.c
[1.254s] -- Up-to-date: /home/jeff/interbotix_ws/install/interbotix_perception_msgs/local/lib/python3.10/dist-packages/interbotix_perception_msgs/srv/_cluster_info_array.py
[1.254s] -- Up-to-date: /home/jeff/interbotix_ws/install/interbotix_perception_msgs/local/lib/python3.10/dist-packages/interbotix_perception_msgs/srv/_filter_params.py
[1.254s] -- Up-to-date: /home/jeff/interbotix_ws/install/interbotix_perception_msgs/local/lib/python3.10/dist-packages/interbotix_perception_msgs/srv/__init__.py
[1.254s] -- Up-to-date: /home/jeff/interbotix_ws/install/interbotix_perception_msgs/local/lib/python3.10/dist-packages/interbotix_perception_msgs/srv/_filter_params_s.c
[1.261s] -- Up-to-date: /home/jeff/interbotix_ws/install/interbotix_perception_msgs/local/lib/python3.10/dist-packages/interbotix_perception_msgs/__init__.py
[1.261s] -- Up-to-date: /home/jeff/interbotix_ws/install/interbotix_perception_msgs/local/lib/python3.10/dist-packages/interbotix_perception_msgs/libinterbotix_perception_msgs__rosidl_generator_py.so
[1.261s] -- Up-to-date: /home/jeff/interbotix_ws/install/interbotix_perception_msgs/local/lib/python3.10/dist-packages/interbotix_perception_msgs/_interbotix_perception_msgs_s.ep.rosidl_typesupport_c.c
[1.395s] Listing '/home/jeff/interbotix_ws/install/interbotix_perception_msgs/local/lib/python3.10/dist-packages/interbotix_perception_msgs'...
[1.398s] Listing '/home/jeff/interbotix_ws/install/interbotix_perception_msgs/local/lib/python3.10/dist-packages/interbotix_perception_msgs/msg'...
[1.398s] Listing '/home/jeff/interbotix_ws/install/interbotix_perception_msgs/local/lib/python3.10/dist-packages/interbotix_perception_msgs/srv'...
[1.418s] -- Up-to-date: /home/jeff/interbotix_ws/install/interbotix_perception_msgs/local/lib/python3.10/dist-packages/interbotix_perception_msgs/interbotix_perception_msgs_s__rosidl_typesupport_fastrtps_c.cpython-310-x86_64-linux-gnu.so
[1.419s] -- Up-to-date: /home/jeff/interbotix_ws/install/interbotix_perception_msgs/local/lib/python3.10/dist-packages/interbotix_perception_msgs/interbotix_perception_msgs_s__rosidl_typesupport_introspection_c.cpython-310-x86_64-linux-gnu.so
[1.419s] -- Up-to-date: /home/jeff/interbotix_ws/install/interbotix_perception_msgs/local/lib/python3.10/dist-packages/interbotix_perception_msgs/interbotix_perception_msgs_s__rosidl_typesupport_c.cpython-310-x86_64-linux-gnu.so
[1.419s] -- Up-to-date: /home/jeff/interbotix_ws/install/interbotix_perception_msgs/lib/libinterbotix_perception_msgs__rosidl_generator_py.so
[1.419s] -- Up-to-date: /home/jeff/interbotix_ws/install/interbotix_perception_msgs/share/interbotix_perception_msgs/msg/ClusterInfo.idl
[1.419s] -- Up-to-date: /home/jeff/interbotix_ws/install/interbotix_perception_msgs/share/interbotix_perception_msgs/srv/ClusterInfoArray.idl
[1.419s] -- Up-to-date: /home/jeff/interbotix_ws/install/interbotix_perception_msgs/share/interbotix_perception_msgs/srv/FilterParams.idl
[1.419s] -- Up-to-date: /home/jeff/interbotix_ws/install/interbotix_perception_msgs/share/interbotix_perception_msgs/srv/SnapPicture.idl
[1.419s] -- Up-to-date: /home/jeff/interbotix_ws/install/interbotix_perception_msgs/share/interbotix_perception_msgs/msg/ClusterInfo.msg
[1.419s] -- Up-to-date: /home/jeff/interbotix_ws/install/interbotix_perception_msgs/share/interbotix_perception_msgs/srv/ClusterInfoArray.srv
[1.419s] -- Up-to-date: /home/jeff/interbotix_ws/install/interbotix_perception_msgs/share/interbotix_perception_msgs/srv/ClusterInfoArray_Request.msg
[1.419s] -- Up-to-date: /home/jeff/interbotix_ws/install/interbotix_perception_msgs/share/interbotix_perception_msgs/srv/ClusterInfoArray_Response.msg
[1.419s] -- Up-to-date: /home/jeff/interbotix_ws/install/interbotix_perception_msgs/share/interbotix_perception_msgs/srv/FilterParams.srv
[1.419s] -- Up-to-date: /home/jeff/interbotix_ws/install/interbotix_perception_msgs/share/interbotix_perception_msgs/srv/FilterParams_Request.msg
[1.419s] -- Up-to-date: /home/jeff/interbotix_ws/install/interbotix_perception_msgs/share/interbotix_perception_msgs/srv/FilterParams_Response.msg
[1.419s] -- Up-to-date: /home/jeff/interbotix_ws/install/interbotix_perception_msgs/share/interbotix_perception_msgs/srv/SnapPicture.srv
[1.419s] -- Up-to-date: /home/jeff/interbotix_ws/install/interbotix_perception_msgs/share/interbotix_perception_msgs/srv/SnapPicture_Request.msg
[1.419s] -- Up-to-date: /home/jeff/interbotix_ws/install/interbotix_perception_msgs/share/interbotix_perception_msgs/srv/SnapPicture_Response.msg
[1.419s] -- Up-to-date: /home/jeff/interbotix_ws/install/interbotix_perception_msgs/share/ament_index/resource_index/package_run_dependencies/interbotix_perception_msgs
[1.419s] -- Up-to-date: /home/jeff/interbotix_ws/install/interbotix_perception_msgs/share/ament_index/resource_index/parent_prefix_path/interbotix_perception_msgs
[1.419s] -- Up-to-date: /home/jeff/interbotix_ws/install/interbotix_perception_msgs/share/interbotix_perception_msgs/environment/ament_prefix_path.sh
[1.420s] -- Up-to-date: /home/jeff/interbotix_ws/install/interbotix_perception_msgs/share/interbotix_perception_msgs/environment/ament_prefix_path.dsv
[1.420s] -- Up-to-date: /home/jeff/interbotix_ws/install/interbotix_perception_msgs/share/interbotix_perception_msgs/environment/path.sh
[1.420s] -- Up-to-date: /home/jeff/interbotix_ws/install/interbotix_perception_msgs/share/interbotix_perception_msgs/environment/path.dsv
[1.420s] -- Up-to-date: /home/jeff/interbotix_ws/install/interbotix_perception_msgs/share/interbotix_perception_msgs/local_setup.bash
[1.420s] -- Up-to-date: /home/jeff/interbotix_ws/install/interbotix_perception_msgs/share/interbotix_perception_msgs/local_setup.sh
[1.420s] -- Up-to-date: /home/jeff/interbotix_ws/install/interbotix_perception_msgs/share/interbotix_perception_msgs/local_setup.zsh
[1.420s] -- Up-to-date: /home/jeff/interbotix_ws/install/interbotix_perception_msgs/share/interbotix_perception_msgs/local_setup.dsv
[1.420s] -- Installing: /home/jeff/interbotix_ws/install/interbotix_perception_msgs/share/interbotix_perception_msgs/package.dsv
[1.420s] -- Up-to-date: /home/jeff/interbotix_ws/install/interbotix_perception_msgs/share/ament_index/resource_index/packages/interbotix_perception_msgs
[1.420s] -- Up-to-date: /home/jeff/interbotix_ws/install/interbotix_perception_msgs/share/interbotix_perception_msgs/cmake/export_interbotix_perception_msgs__rosidl_generator_cExport.cmake
[1.420s] -- Up-to-date: /home/jeff/interbotix_ws/install/interbotix_perception_msgs/share/interbotix_perception_msgs/cmake/export_interbotix_perception_msgs__rosidl_generator_cExport-noconfig.cmake
[1.420s] -- Up-to-date: /home/jeff/interbotix_ws/install/interbotix_perception_msgs/share/interbotix_perception_msgs/cmake/export_interbotix_perception_msgs__rosidl_typesupport_fastrtps_cExport.cmake
[1.421s] -- Up-to-date: /home/jeff/interbotix_ws/install/interbotix_perception_msgs/share/interbotix_perception_msgs/cmake/export_interbotix_perception_msgs__rosidl_typesupport_fastrtps_cExport-noconfig.cmake
[1.421s] -- Up-to-date: /home/jeff/interbotix_ws/install/interbotix_perception_msgs/share/interbotix_perception_msgs/cmake/interbotix_perception_msgs__rosidl_typesupport_introspection_cExport.cmake
[1.425s] -- Up-to-date: /home/jeff/interbotix_ws/install/interbotix_perception_msgs/share/interbotix_perception_msgs/cmake/interbotix_perception_msgs__rosidl_typesupport_introspection_cExport-noconfig.cmake
[1.425s] -- Up-to-date: /home/jeff/interbotix_ws/install/interbotix_perception_msgs/share/interbotix_perception_msgs/cmake/interbotix_perception_msgs__rosidl_typesupport_cExport.cmake
[1.426s] -- Up-to-date: /home/jeff/interbotix_ws/install/interbotix_perception_msgs/share/interbotix_perception_msgs/cmake/interbotix_perception_msgs__rosidl_typesupport_cExport-noconfig.cmake
[1.426s] -- Up-to-date: /home/jeff/interbotix_ws/install/interbotix_perception_msgs/share/interbotix_perception_msgs/cmake/export_interbotix_perception_msgs__rosidl_generator_cppExport.cmake
[1.429s] -- Up-to-date: /home/jeff/interbotix_ws/install/interbotix_perception_msgs/share/interbotix_perception_msgs/cmake/export_interbotix_perception_msgs__rosidl_typesupport_fastrtps_cppExport.cmake
[1.430s] -- Up-to-date: /home/jeff/interbotix_ws/install/interbotix_perception_msgs/share/interbotix_perception_msgs/cmake/export_interbotix_perception_msgs__rosidl_typesupport_fastrtps_cppExport-noconfig.cmake
[1.430s] -- Up-to-date: /home/jeff/interbotix_ws/install/interbotix_perception_msgs/share/interbotix_perception_msgs/cmake/interbotix_perception_msgs__rosidl_typesupport_introspection_cppExport.cmake
[1.430s] -- Up-to-date: /home/jeff/interbotix_ws/install/interbotix_perception_msgs/share/interbotix_perception_msgs/cmake/interbotix_perception_msgs__rosidl_typesupport_introspection_cppExport-noconfig.cmake
[1.430s] -- Up-to-date: /home/jeff/interbotix_ws/install/interbotix_perception_msgs/share/interbotix_perception_msgs/cmake/interbotix_perception_msgs__rosidl_typesupport_cppExport.cmake
[1.430s] -- Up-to-date: /home/jeff/interbotix_ws/install/interbotix_perception_msgs/share/interbotix_perception_msgs/cmake/interbotix_perception_msgs__rosidl_typesupport_cppExport-noconfig.cmake
[1.430s] -- Up-to-date: /home/jeff/interbotix_ws/install/interbotix_perception_msgs/share/interbotix_perception_msgs/cmake/export_interbotix_perception_msgs__rosidl_generator_pyExport.cmake
[1.430s] -- Up-to-date: /home/jeff/interbotix_ws/install/interbotix_perception_msgs/share/interbotix_perception_msgs/cmake/export_interbotix_perception_msgs__rosidl_generator_pyExport-noconfig.cmake
[1.430s] -- Up-to-date: /home/jeff/interbotix_ws/install/interbotix_perception_msgs/share/interbotix_perception_msgs/cmake/rosidl_cmake-extras.cmake
[1.430s] -- Up-to-date: /home/jeff/interbotix_ws/install/interbotix_perception_msgs/share/interbotix_perception_msgs/cmake/ament_cmake_export_dependencies-extras.cmake
[1.430s] -- Up-to-date: /home/jeff/interbotix_ws/install/interbotix_perception_msgs/share/interbotix_perception_msgs/cmake/ament_cmake_export_include_directories-extras.cmake
[1.430s] -- Up-to-date: /home/jeff/interbotix_ws/install/interbotix_perception_msgs/share/interbotix_perception_msgs/cmake/ament_cmake_export_libraries-extras.cmake
[1.430s] -- Up-to-date: /home/jeff/interbotix_ws/install/interbotix_perception_msgs/share/interbotix_perception_msgs/cmake/ament_cmake_export_targets-extras.cmake
[1.430s] -- Up-to-date: /home/jeff/interbotix_ws/install/interbotix_perception_msgs/share/interbotix_perception_msgs/cmake/rosidl_cmake_export_typesupport_targets-extras.cmake
[1.430s] -- Up-to-date: /home/jeff/interbotix_ws/install/interbotix_perception_msgs/share/interbotix_perception_msgs/cmake/rosidl_cmake_export_typesupport_libraries-extras.cmake
[1.430s] -- Up-to-date: /home/jeff/interbotix_ws/install/interbotix_perception_msgs/share/interbotix_perception_msgs/cmake/interbotix_perception_msgsConfig.cmake
[1.430s] -- Up-to-date: /home/jeff/interbotix_ws/install/interbotix_perception_msgs/share/interbotix_perception_msgs/cmake/interbotix_perception_msgsConfig-version.cmake
[1.430s] -- Up-to-date: /home/jeff/interbotix_ws/install/interbotix_perception_msgs/share/interbotix_perception_msgs/package.xml
[1.448s] Invoked command in '/home/jeff/interbotix_ws/build/interbotix_perception_msgs' returned '0': CMAKE_PREFIX_PATH=${CMAKE_PREFIX_PATH}:/home/jeff/interbotix_ws/install/px100_test:/home/jeff/interbotix_ws/install/interbotix_xs_modules:/home/jeff/interbotix_ws/install/interbotix_perception_modules:/home/jeff/interbotix_ws/install/interbotix_common_modules:/home/jeff/ws_moveit/install/moveit_configs_utils:/home/jeff/ws_moveit/install/launch_param_builder:/home/jeff/turtlebot3_ws/install/turtlebot3_teleop:/home/jeff/turtlebot3_ws/install/turtlebot3_example:/opt/ros/humble /usr/bin/cmake --install /home/jeff/interbotix_ws/build/interbotix_perception_msgs
