[0.394s] Invoking command in '/home/jeff/interbotix_ws/build/interbotix_common_sim': CMAKE_PREFIX_PATH=${CMAKE_PREFIX_PATH}:/home/jeff/interbotix_ws/install/px100_test:/home/jeff/interbotix_ws/install/interbotix_xs_modules:/home/jeff/interbotix_ws/install/interbotix_perception_modules:/home/jeff/interbotix_ws/install/interbotix_common_modules:/home/jeff/ws_moveit/install/moveit_configs_utils:/home/jeff/ws_moveit/install/launch_param_builder:/home/jeff/turtlebot3_ws/install/turtlebot3_teleop:/home/jeff/turtlebot3_ws/install/turtlebot3_example:/opt/ros/humble /usr/bin/cmake --build /home/jeff/interbotix_ws/build/interbotix_common_sim -- -j4 -l4
[0.562s] Invoked command in '/home/jeff/interbotix_ws/build/interbotix_common_sim' returned '0': CMAKE_PREFIX_PATH=${CMAKE_PREFIX_PATH}:/home/jeff/interbotix_ws/install/px100_test:/home/jeff/interbotix_ws/install/interbotix_xs_modules:/home/jeff/interbotix_ws/install/interbotix_perception_modules:/home/jeff/interbotix_ws/install/interbotix_common_modules:/home/jeff/ws_moveit/install/moveit_configs_utils:/home/jeff/ws_moveit/install/launch_param_builder:/home/jeff/turtlebot3_ws/install/turtlebot3_teleop:/home/jeff/turtlebot3_ws/install/turtlebot3_example:/opt/ros/humble /usr/bin/cmake --build /home/jeff/interbotix_ws/build/interbotix_common_sim -- -j4 -l4
[0.566s] Invoking command in '/home/jeff/interbotix_ws/build/interbotix_common_sim': CMAKE_PREFIX_PATH=${CMAKE_PREFIX_PATH}:/home/jeff/interbotix_ws/install/px100_test:/home/jeff/interbotix_ws/install/interbotix_xs_modules:/home/jeff/interbotix_ws/install/interbotix_perception_modules:/home/jeff/interbotix_ws/install/interbotix_common_modules:/home/jeff/ws_moveit/install/moveit_configs_utils:/home/jeff/ws_moveit/install/launch_param_builder:/home/jeff/turtlebot3_ws/install/turtlebot3_teleop:/home/jeff/turtlebot3_ws/install/turtlebot3_example:/opt/ros/humble /usr/bin/cmake --install /home/jeff/interbotix_ws/build/interbotix_common_sim
[0.590s] -- Install configuration: ""
[0.590s] -- Up-to-date: /home/jeff/interbotix_ws/install/interbotix_common_sim/share/interbotix_common_sim/models
[0.590s] -- Up-to-date: /home/jeff/interbotix_ws/install/interbotix_common_sim/share/interbotix_common_sim/models/VisionKit
[0.590s] -- Up-to-date: /home/jeff/interbotix_ws/install/interbotix_common_sim/share/interbotix_common_sim/models/VisionKit/model.config
[0.590s] -- Up-to-date: /home/jeff/interbotix_ws/install/interbotix_common_sim/share/interbotix_common_sim/models/VisionKit/stand.stl
[0.590s] -- Up-to-date: /home/jeff/interbotix_ws/install/interbotix_common_sim/share/interbotix_common_sim/models/VisionKit/VisionKit.sdf
[0.590s] -- Up-to-date: /home/jeff/interbotix_ws/install/interbotix_common_sim/share/interbotix_common_sim/models/TrossenRoboticsOfficeBuilding
[0.590s] -- Up-to-date: /home/jeff/interbotix_ws/install/interbotix_common_sim/share/interbotix_common_sim/models/TrossenRoboticsOfficeBuilding/TrossenRoboticsOfficeBuilding.sdf
[0.590s] -- Up-to-date: /home/jeff/interbotix_ws/install/interbotix_common_sim/share/interbotix_common_sim/models/TrossenRoboticsOfficeBuilding/model.config
[0.590s] -- Up-to-date: /home/jeff/interbotix_ws/install/interbotix_common_sim/share/interbotix_common_sim/models/RealSenseD415
[0.590s] -- Up-to-date: /home/jeff/interbotix_ws/install/interbotix_common_sim/share/interbotix_common_sim/models/RealSenseD415/model.config
[0.590s] -- Up-to-date: /home/jeff/interbotix_ws/install/interbotix_common_sim/share/interbotix_common_sim/models/RealSenseD415/camera.stl
[0.590s] -- Up-to-date: /home/jeff/interbotix_ws/install/interbotix_common_sim/share/interbotix_common_sim/models/RealSenseD415/RealSenseD415.sdf
[0.590s] -- Up-to-date: /home/jeff/interbotix_ws/install/interbotix_common_sim/share/interbotix_common_sim/worlds
[0.590s] -- Up-to-date: /home/jeff/interbotix_ws/install/interbotix_common_sim/share/interbotix_common_sim/worlds/interbotix.world
[0.590s] -- Up-to-date: /home/jeff/interbotix_ws/install/interbotix_common_sim/share/interbotix_common_sim/worlds/vision_kit.world
[0.590s] -- Up-to-date: /home/jeff/interbotix_ws/install/interbotix_common_sim/share/interbotix_common_sim/media
[0.590s] -- Up-to-date: /home/jeff/interbotix_ws/install/interbotix_common_sim/share/interbotix_common_sim/media/interbotix_black.png
[0.590s] -- Up-to-date: /home/jeff/interbotix_ws/install/interbotix_common_sim/share/interbotix_common_sim/media/materials
[0.590s] -- Up-to-date: /home/jeff/interbotix_ws/install/interbotix_common_sim/share/interbotix_common_sim/media/materials/scripts
[0.590s] -- Up-to-date: /home/jeff/interbotix_ws/install/interbotix_common_sim/share/interbotix_common_sim/media/materials/scripts/interbotix_texture.gazebo
[0.590s] -- Up-to-date: /home/jeff/interbotix_ws/install/interbotix_common_sim/share/interbotix_common_sim/media/materials/scripts/interbotix_black.material
[0.590s] -- Up-to-date: /home/jeff/interbotix_ws/install/interbotix_common_sim/share/interbotix_common_sim/media/materials/textures
[0.591s] -- Up-to-date: /home/jeff/interbotix_ws/install/interbotix_common_sim/share/interbotix_common_sim/media/materials/textures/interbotix_black.png
[0.591s] -- Up-to-date: /home/jeff/interbotix_ws/install/interbotix_common_sim/share/ament_index/resource_index/package_run_dependencies/interbotix_common_sim
[0.591s] -- Up-to-date: /home/jeff/interbotix_ws/install/interbotix_common_sim/share/ament_index/resource_index/parent_prefix_path/interbotix_common_sim
[0.591s] -- Up-to-date: /home/jeff/interbotix_ws/install/interbotix_common_sim/share/interbotix_common_sim/environment/ament_prefix_path.sh
[0.591s] -- Up-to-date: /home/jeff/interbotix_ws/install/interbotix_common_sim/share/interbotix_common_sim/environment/ament_prefix_path.dsv
[0.591s] -- Up-to-date: /home/jeff/interbotix_ws/install/interbotix_common_sim/share/interbotix_common_sim/environment/path.sh
[0.591s] -- Up-to-date: /home/jeff/interbotix_ws/install/interbotix_common_sim/share/interbotix_common_sim/environment/path.dsv
[0.591s] -- Up-to-date: /home/jeff/interbotix_ws/install/interbotix_common_sim/share/interbotix_common_sim/local_setup.bash
[0.591s] -- Up-to-date: /home/jeff/interbotix_ws/install/interbotix_common_sim/share/interbotix_common_sim/local_setup.sh
[0.591s] -- Up-to-date: /home/jeff/interbotix_ws/install/interbotix_common_sim/share/interbotix_common_sim/local_setup.zsh
[0.593s] -- Up-to-date: /home/jeff/interbotix_ws/install/interbotix_common_sim/share/interbotix_common_sim/local_setup.dsv
[0.593s] -- Installing: /home/jeff/interbotix_ws/install/interbotix_common_sim/share/interbotix_common_sim/package.dsv
[0.598s] -- Up-to-date: /home/jeff/interbotix_ws/install/interbotix_common_sim/share/ament_index/resource_index/packages/interbotix_common_sim
[0.599s] -- Up-to-date: /home/jeff/interbotix_ws/install/interbotix_common_sim/share/interbotix_common_sim/cmake/interbotix_common_simConfig.cmake
[0.599s] -- Up-to-date: /home/jeff/interbotix_ws/install/interbotix_common_sim/share/interbotix_common_sim/cmake/interbotix_common_simConfig-version.cmake
[0.600s] -- Up-to-date: /home/jeff/interbotix_ws/install/interbotix_common_sim/share/interbotix_common_sim/package.xml
[0.604s] Invoked command in '/home/jeff/interbotix_ws/build/interbotix_common_sim' returned '0': CMAKE_PREFIX_PATH=${CMAKE_PREFIX_PATH}:/home/jeff/interbotix_ws/install/px100_test:/home/jeff/interbotix_ws/install/interbotix_xs_modules:/home/jeff/interbotix_ws/install/interbotix_perception_modules:/home/jeff/interbotix_ws/install/interbotix_common_modules:/home/jeff/ws_moveit/install/moveit_configs_utils:/home/jeff/ws_moveit/install/launch_param_builder:/home/jeff/turtlebot3_ws/install/turtlebot3_teleop:/home/jeff/turtlebot3_ws/install/turtlebot3_example:/opt/ros/humble /usr/bin/cmake --install /home/jeff/interbotix_ws/build/interbotix_common_sim
