[0.507s] Invoking command in '/home/jeff/interbotix_ws/src/interbotix_ros_toolboxes/interbotix_perception_toolbox/interbotix_perception_modules': AMENT_PREFIX_PATH=/home/jeff/interbotix_ws/install/interbotix_perception_pipelines:/home/jeff/interbotix_ws/install/interbotix_xs_msgs:/home/jeff/interbotix_ws/install/interbotix_perception_msgs:/home/jeff/interbotix_ws/install/interbotix_common_modules:${AMENT_PREFIX_PATH} CMAKE_PREFIX_PATH=/home/jeff/interbotix_ws/install/interbotix_perception_pipelines:/home/jeff/interbotix_ws/install/interbotix_xs_msgs:/home/jeff/interbotix_ws/install/interbotix_perception_msgs:${CMAKE_PREFIX_PATH} LD_LIBRARY_PATH=/home/jeff/interbotix_ws/install/interbotix_xs_msgs/lib:/home/jeff/interbotix_ws/install/interbotix_perception_msgs/lib:/home/jeff/apriltag_ws/install/apriltag_ros/lib:/home/jeff/ws_moveit/install/pilz_industrial_motion_planner_testutils/lib:/home/jeff/ws_moveit/install/pilz_industrial_motion_planner/lib:/home/jeff/ws_moveit/install/moveit_visual_tools/lib:/home/jeff/ws_moveit/install/moveit_task_constructor_visualization/lib:/home/jeff/ws_moveit/install/moveit_task_constructor_demo/lib:/home/jeff/ws_moveit/install/moveit_task_constructor_capabilities/lib:/home/jeff/ws_moveit/install/moveit_task_constructor_core/lib:/home/jeff/ws_moveit/install/moveit_ros_control_interface/lib:/home/jeff/ws_moveit/install/moveit_simple_controller_manager/lib:/home/jeff/ws_moveit/install/moveit_setup_assistant/lib:/home/jeff/ws_moveit/install/moveit_setup_srdf_plugins/lib:/home/jeff/ws_moveit/install/moveit_setup_core_plugins/lib:/home/jeff/ws_moveit/install/moveit_setup_controllers/lib:/home/jeff/ws_moveit/install/moveit_setup_app_plugins/lib:/home/jeff/ws_moveit/install/moveit_setup_framework/lib:/home/jeff/ws_moveit/install/moveit_servo/lib:/home/jeff/ws_moveit/install/moveit_ros_visualization/lib:/home/jeff/ws_moveit/install/moveit_hybrid_planning/lib:/home/jeff/ws_moveit/install/moveit_ros_planning_interface/lib:/home/jeff/ws_moveit/install/moveit_ros_benchmarks/lib:/home/jeff/ws_moveit/install/moveit_ros_warehouse/lib:/home/jeff/ws_moveit/install/moveit_ros_robot_interaction/lib:/home/jeff/ws_moveit/install/moveit_ros_perception/lib:/home/jeff/ws_moveit/install/moveit_ros_move_group/lib:/home/jeff/ws_moveit/install/moveit_planners_ompl/lib:/home/jeff/ws_moveit/install/moveit_ros_planning/lib:/home/jeff/ws_moveit/install/moveit_ros_occupancy_map_monitor/lib:/home/jeff/ws_moveit/install/moveit_resources_prbt_ikfast_manipulator_plugin/lib:/home/jeff/ws_moveit/install/moveit_planners_chomp/lib:/home/jeff/ws_moveit/install/moveit_kinematics/lib:/home/jeff/ws_moveit/install/moveit_chomp_optimizer_adapter/lib:/home/jeff/ws_moveit/install/chomp_motion_planner/lib:/home/jeff/ws_moveit/install/moveit_core/lib:/home/jeff/ws_moveit/install/srdfdom/lib:/home/jeff/ws_moveit/install/rviz_marker_tools/lib:/home/jeff/ws_moveit/install/rosparam_shortcuts/lib:/home/jeff/ws_moveit/install/moveit_task_constructor_msgs/lib:/home/jeff/turtlebot3_ws/install/turtlebot3_msgs/lib:/home/jeff/turtlebot3_ws/install/dynamixel_sdk_custom_interfaces/lib:/home/jeff/turtlebot3_ws/install/dynamixel_sdk/lib:/usr/lib/x86_64-linux-gnu/gazebo-11/plugins:/opt/ros/humble/opt/rviz_ogre_vendor/lib:/opt/ros/humble/lib/x86_64-linux-gnu:/opt/ros/humble/lib:/usr/lib/x86_64-linux-gnu/gazebo-11/plugins PYTHONPATH=/home/jeff/interbotix_ws/build/interbotix_perception_modules/prefix_override:/usr/lib/python3/dist-packages/colcon_core/task/python/colcon_distutils_commands:/home/jeff/interbotix_ws/install/interbotix_perception_modules/lib/python3.10/site-packages:/home/jeff/interbotix_ws/install/interbotix_xs_msgs/local/lib/python3.10/dist-packages:/home/jeff/interbotix_ws/install/interbotix_perception_msgs/local/lib/python3.10/dist-packages:/home/jeff/interbotix_ws/install/interbotix_common_modules/lib/python3.10/site-packages:${PYTHONPATH} /usr/bin/python3 -W ignore:setup.py install is deprecated -W ignore:easy_install command is deprecated setup.py egg_info --egg-base ../../../../build/interbotix_perception_modules build --build-base /home/jeff/interbotix_ws/build/interbotix_perception_modules/build install --record /home/jeff/interbotix_ws/build/interbotix_perception_modules/install.log --single-version-externally-managed install_data
[0.654s] running egg_info
[0.654s] creating ../../../../build/interbotix_perception_modules/interbotix_perception_modules.egg-info
[0.654s] writing ../../../../build/interbotix_perception_modules/interbotix_perception_modules.egg-info/PKG-INFO
[0.654s] writing dependency_links to ../../../../build/interbotix_perception_modules/interbotix_perception_modules.egg-info/dependency_links.txt
[0.654s] writing entry points to ../../../../build/interbotix_perception_modules/interbotix_perception_modules.egg-info/entry_points.txt
[0.654s] writing requirements to ../../../../build/interbotix_perception_modules/interbotix_perception_modules.egg-info/requires.txt
[0.654s] writing top-level names to ../../../../build/interbotix_perception_modules/interbotix_perception_modules.egg-info/top_level.txt
[0.655s] writing manifest file '../../../../build/interbotix_perception_modules/interbotix_perception_modules.egg-info/SOURCES.txt'
[0.655s] reading manifest file '../../../../build/interbotix_perception_modules/interbotix_perception_modules.egg-info/SOURCES.txt'
[0.656s] writing manifest file '../../../../build/interbotix_perception_modules/interbotix_perception_modules.egg-info/SOURCES.txt'
[0.656s] running build
[0.658s] running build_py
[0.658s] creating /home/jeff/interbotix_ws/build/interbotix_perception_modules/build
[0.658s] creating /home/jeff/interbotix_ws/build/interbotix_perception_modules/build/lib
[0.658s] creating /home/jeff/interbotix_ws/build/interbotix_perception_modules/build/lib/interbotix_perception_modules
[0.658s] copying interbotix_perception_modules/apriltag.py -> /home/jeff/interbotix_ws/build/interbotix_perception_modules/build/lib/interbotix_perception_modules
[0.658s] copying interbotix_perception_modules/pointcloud_tuner_gui.py -> /home/jeff/interbotix_ws/build/interbotix_perception_modules/build/lib/interbotix_perception_modules
[0.658s] copying interbotix_perception_modules/pointcloud.py -> /home/jeff/interbotix_ws/build/interbotix_perception_modules/build/lib/interbotix_perception_modules
[0.658s] copying interbotix_perception_modules/armtag.py -> /home/jeff/interbotix_ws/build/interbotix_perception_modules/build/lib/interbotix_perception_modules
[0.658s] copying interbotix_perception_modules/armtag_tuner_gui.py -> /home/jeff/interbotix_ws/build/interbotix_perception_modules/build/lib/interbotix_perception_modules
[0.658s] copying interbotix_perception_modules/__init__.py -> /home/jeff/interbotix_ws/build/interbotix_perception_modules/build/lib/interbotix_perception_modules
[0.658s] copying interbotix_perception_modules/picture_snapper.py -> /home/jeff/interbotix_ws/build/interbotix_perception_modules/build/lib/interbotix_perception_modules
[0.658s] running install
[0.658s] running install_lib
[0.658s] creating /home/jeff/interbotix_ws/install/interbotix_perception_modules/lib/python3.10/site-packages/interbotix_perception_modules
[0.658s] copying /home/jeff/interbotix_ws/build/interbotix_perception_modules/build/lib/interbotix_perception_modules/apriltag.py -> /home/jeff/interbotix_ws/install/interbotix_perception_modules/lib/python3.10/site-packages/interbotix_perception_modules
[0.658s] copying /home/jeff/interbotix_ws/build/interbotix_perception_modules/build/lib/interbotix_perception_modules/pointcloud_tuner_gui.py -> /home/jeff/interbotix_ws/install/interbotix_perception_modules/lib/python3.10/site-packages/interbotix_perception_modules
[0.658s] copying /home/jeff/interbotix_ws/build/interbotix_perception_modules/build/lib/interbotix_perception_modules/pointcloud.py -> /home/jeff/interbotix_ws/install/interbotix_perception_modules/lib/python3.10/site-packages/interbotix_perception_modules
[0.658s] copying /home/jeff/interbotix_ws/build/interbotix_perception_modules/build/lib/interbotix_perception_modules/armtag.py -> /home/jeff/interbotix_ws/install/interbotix_perception_modules/lib/python3.10/site-packages/interbotix_perception_modules
[0.658s] copying /home/jeff/interbotix_ws/build/interbotix_perception_modules/build/lib/interbotix_perception_modules/armtag_tuner_gui.py -> /home/jeff/interbotix_ws/install/interbotix_perception_modules/lib/python3.10/site-packages/interbotix_perception_modules
[0.658s] copying /home/jeff/interbotix_ws/build/interbotix_perception_modules/build/lib/interbotix_perception_modules/__init__.py -> /home/jeff/interbotix_ws/install/interbotix_perception_modules/lib/python3.10/site-packages/interbotix_perception_modules
[0.658s] copying /home/jeff/interbotix_ws/build/interbotix_perception_modules/build/lib/interbotix_perception_modules/picture_snapper.py -> /home/jeff/interbotix_ws/install/interbotix_perception_modules/lib/python3.10/site-packages/interbotix_perception_modules
[0.658s] byte-compiling /home/jeff/interbotix_ws/install/interbotix_perception_modules/lib/python3.10/site-packages/interbotix_perception_modules/apriltag.py to apriltag.cpython-310.pyc
[0.659s] byte-compiling /home/jeff/interbotix_ws/install/interbotix_perception_modules/lib/python3.10/site-packages/interbotix_perception_modules/pointcloud_tuner_gui.py to pointcloud_tuner_gui.cpython-310.pyc
[0.660s] byte-compiling /home/jeff/interbotix_ws/install/interbotix_perception_modules/lib/python3.10/site-packages/interbotix_perception_modules/pointcloud.py to pointcloud.cpython-310.pyc
[0.662s] byte-compiling /home/jeff/interbotix_ws/install/interbotix_perception_modules/lib/python3.10/site-packages/interbotix_perception_modules/armtag.py to armtag.cpython-310.pyc
[0.662s] byte-compiling /home/jeff/interbotix_ws/install/interbotix_perception_modules/lib/python3.10/site-packages/interbotix_perception_modules/armtag_tuner_gui.py to armtag_tuner_gui.cpython-310.pyc
[0.663s] byte-compiling /home/jeff/interbotix_ws/install/interbotix_perception_modules/lib/python3.10/site-packages/interbotix_perception_modules/__init__.py to __init__.cpython-310.pyc
[0.663s] byte-compiling /home/jeff/interbotix_ws/install/interbotix_perception_modules/lib/python3.10/site-packages/interbotix_perception_modules/picture_snapper.py to picture_snapper.cpython-310.pyc
[0.663s] running install_data
[0.663s] creating /home/jeff/interbotix_ws/install/interbotix_perception_modules/share/ament_index
[0.663s] creating /home/jeff/interbotix_ws/install/interbotix_perception_modules/share/ament_index/resource_index
[0.663s] creating /home/jeff/interbotix_ws/install/interbotix_perception_modules/share/ament_index/resource_index/packages
[0.663s] copying resource/interbotix_perception_modules -> /home/jeff/interbotix_ws/install/interbotix_perception_modules/share/ament_index/resource_index/packages
[0.663s] copying package.xml -> /home/jeff/interbotix_ws/install/interbotix_perception_modules/share/interbotix_perception_modules
[0.664s] creating /home/jeff/interbotix_ws/install/interbotix_perception_modules/share/interbotix_perception_modules/launch
[0.664s] copying launch/picture_snapper.launch.py -> /home/jeff/interbotix_ws/install/interbotix_perception_modules/share/interbotix_perception_modules/launch
[0.664s] copying launch/armtag.launch.py -> /home/jeff/interbotix_ws/install/interbotix_perception_modules/share/interbotix_perception_modules/launch
[0.664s] copying launch/pc_filter.launch.py -> /home/jeff/interbotix_ws/install/interbotix_perception_modules/share/interbotix_perception_modules/launch
[0.664s] copying launch/apriltag.launch.py -> /home/jeff/interbotix_ws/install/interbotix_perception_modules/share/interbotix_perception_modules/launch
[0.665s] creating /home/jeff/interbotix_ws/install/interbotix_perception_modules/share/interbotix_perception_modules/config
[0.665s] copying config/tags.yaml -> /home/jeff/interbotix_ws/install/interbotix_perception_modules/share/interbotix_perception_modules/config
[0.665s] copying config/filter_params.yaml -> /home/jeff/interbotix_ws/install/interbotix_perception_modules/share/interbotix_perception_modules/config
[0.665s] creating /home/jeff/interbotix_ws/install/interbotix_perception_modules/share/interbotix_perception_modules/ui
[0.665s] copying src/ui/pointcloudtunergui.ui -> /home/jeff/interbotix_ws/install/interbotix_perception_modules/share/interbotix_perception_modules/ui
[0.665s] copying src/ui/armtagtunergui.ui -> /home/jeff/interbotix_ws/install/interbotix_perception_modules/share/interbotix_perception_modules/ui
[0.665s] running install_egg_info
[0.665s] Copying ../../../../build/interbotix_perception_modules/interbotix_perception_modules.egg-info to /home/jeff/interbotix_ws/install/interbotix_perception_modules/lib/python3.10/site-packages/interbotix_perception_modules-0.0.0-py3.10.egg-info
[0.665s] running install_scripts
[0.678s] Installing armtag_tuner_gui script to /home/jeff/interbotix_ws/install/interbotix_perception_modules/lib/interbotix_perception_modules
[0.678s] Installing picture_snapper script to /home/jeff/interbotix_ws/install/interbotix_perception_modules/lib/interbotix_perception_modules
[0.678s] Installing pointcloud_tuner_gui script to /home/jeff/interbotix_ws/install/interbotix_perception_modules/lib/interbotix_perception_modules
[0.678s] writing list of installed files to '/home/jeff/interbotix_ws/build/interbotix_perception_modules/install.log'
[0.694s] Invoked command in '/home/jeff/interbotix_ws/src/interbotix_ros_toolboxes/interbotix_perception_toolbox/interbotix_perception_modules' returned '0': AMENT_PREFIX_PATH=/home/jeff/interbotix_ws/install/interbotix_perception_pipelines:/home/jeff/interbotix_ws/install/interbotix_xs_msgs:/home/jeff/interbotix_ws/install/interbotix_perception_msgs:/home/jeff/interbotix_ws/install/interbotix_common_modules:${AMENT_PREFIX_PATH} CMAKE_PREFIX_PATH=/home/jeff/interbotix_ws/install/interbotix_perception_pipelines:/home/jeff/interbotix_ws/install/interbotix_xs_msgs:/home/jeff/interbotix_ws/install/interbotix_perception_msgs:${CMAKE_PREFIX_PATH} LD_LIBRARY_PATH=/home/jeff/interbotix_ws/install/interbotix_xs_msgs/lib:/home/jeff/interbotix_ws/install/interbotix_perception_msgs/lib:/home/jeff/apriltag_ws/install/apriltag_ros/lib:/home/jeff/ws_moveit/install/pilz_industrial_motion_planner_testutils/lib:/home/jeff/ws_moveit/install/pilz_industrial_motion_planner/lib:/home/jeff/ws_moveit/install/moveit_visual_tools/lib:/home/jeff/ws_moveit/install/moveit_task_constructor_visualization/lib:/home/jeff/ws_moveit/install/moveit_task_constructor_demo/lib:/home/jeff/ws_moveit/install/moveit_task_constructor_capabilities/lib:/home/jeff/ws_moveit/install/moveit_task_constructor_core/lib:/home/jeff/ws_moveit/install/moveit_ros_control_interface/lib:/home/jeff/ws_moveit/install/moveit_simple_controller_manager/lib:/home/jeff/ws_moveit/install/moveit_setup_assistant/lib:/home/jeff/ws_moveit/install/moveit_setup_srdf_plugins/lib:/home/jeff/ws_moveit/install/moveit_setup_core_plugins/lib:/home/jeff/ws_moveit/install/moveit_setup_controllers/lib:/home/jeff/ws_moveit/install/moveit_setup_app_plugins/lib:/home/jeff/ws_moveit/install/moveit_setup_framework/lib:/home/jeff/ws_moveit/install/moveit_servo/lib:/home/jeff/ws_moveit/install/moveit_ros_visualization/lib:/home/jeff/ws_moveit/install/moveit_hybrid_planning/lib:/home/jeff/ws_moveit/install/moveit_ros_planning_interface/lib:/home/jeff/ws_moveit/install/moveit_ros_benchmarks/lib:/home/jeff/ws_moveit/install/moveit_ros_warehouse/lib:/home/jeff/ws_moveit/install/moveit_ros_robot_interaction/lib:/home/jeff/ws_moveit/install/moveit_ros_perception/lib:/home/jeff/ws_moveit/install/moveit_ros_move_group/lib:/home/jeff/ws_moveit/install/moveit_planners_ompl/lib:/home/jeff/ws_moveit/install/moveit_ros_planning/lib:/home/jeff/ws_moveit/install/moveit_ros_occupancy_map_monitor/lib:/home/jeff/ws_moveit/install/moveit_resources_prbt_ikfast_manipulator_plugin/lib:/home/jeff/ws_moveit/install/moveit_planners_chomp/lib:/home/jeff/ws_moveit/install/moveit_kinematics/lib:/home/jeff/ws_moveit/install/moveit_chomp_optimizer_adapter/lib:/home/jeff/ws_moveit/install/chomp_motion_planner/lib:/home/jeff/ws_moveit/install/moveit_core/lib:/home/jeff/ws_moveit/install/srdfdom/lib:/home/jeff/ws_moveit/install/rviz_marker_tools/lib:/home/jeff/ws_moveit/install/rosparam_shortcuts/lib:/home/jeff/ws_moveit/install/moveit_task_constructor_msgs/lib:/home/jeff/turtlebot3_ws/install/turtlebot3_msgs/lib:/home/jeff/turtlebot3_ws/install/dynamixel_sdk_custom_interfaces/lib:/home/jeff/turtlebot3_ws/install/dynamixel_sdk/lib:/usr/lib/x86_64-linux-gnu/gazebo-11/plugins:/opt/ros/humble/opt/rviz_ogre_vendor/lib:/opt/ros/humble/lib/x86_64-linux-gnu:/opt/ros/humble/lib:/usr/lib/x86_64-linux-gnu/gazebo-11/plugins PYTHONPATH=/home/jeff/interbotix_ws/build/interbotix_perception_modules/prefix_override:/usr/lib/python3/dist-packages/colcon_core/task/python/colcon_distutils_commands:/home/jeff/interbotix_ws/install/interbotix_perception_modules/lib/python3.10/site-packages:/home/jeff/interbotix_ws/install/interbotix_xs_msgs/local/lib/python3.10/dist-packages:/home/jeff/interbotix_ws/install/interbotix_perception_msgs/local/lib/python3.10/dist-packages:/home/jeff/interbotix_ws/install/interbotix_common_modules/lib/python3.10/site-packages:${PYTHONPATH} /usr/bin/python3 -W ignore:setup.py install is deprecated -W ignore:easy_install command is deprecated setup.py egg_info --egg-base ../../../../build/interbotix_perception_modules build --build-base /home/jeff/interbotix_ws/build/interbotix_perception_modules/build install --record /home/jeff/interbotix_ws/build/interbotix_perception_modules/install.log --single-version-externally-managed install_data
