[0.106s] Invoking command in '/home/jeff/interbotix_ws/build/moveit_visual_tools': CMAKE_PREFIX_PATH=${CMAKE_PREFIX_PATH}:/home/jeff/interbotix_ws/install/px100_test:/home/jeff/interbotix_ws/install/interbotix_xs_modules:/home/jeff/interbotix_ws/install/interbotix_perception_modules:/home/jeff/interbotix_ws/install/interbotix_common_modules:/home/jeff/ws_moveit/install/moveit_configs_utils:/home/jeff/ws_moveit/install/launch_param_builder:/home/jeff/turtlebot3_ws/install/turtlebot3_teleop:/home/jeff/turtlebot3_ws/install/turtlebot3_example:/opt/ros/humble /usr/bin/cmake --build /home/jeff/interbotix_ws/build/moveit_visual_tools -- -j4 -l4
[0.304s] [35m[1mConsolidate compiler generated dependencies of target moveit_visual_tools[0m
[0.453s] [ 66%] Built target moveit_visual_tools
[0.478s] [35m[1mConsolidate compiler generated dependencies of target moveit_visual_tools_demo[0m
[0.557s] [100%] Built target moveit_visual_tools_demo
[0.922s] Invoked command in '/home/jeff/interbotix_ws/build/moveit_visual_tools' returned '0': CMAKE_PREFIX_PATH=${CMAKE_PREFIX_PATH}:/home/jeff/interbotix_ws/install/px100_test:/home/jeff/interbotix_ws/install/interbotix_xs_modules:/home/jeff/interbotix_ws/install/interbotix_perception_modules:/home/jeff/interbotix_ws/install/interbotix_common_modules:/home/jeff/ws_moveit/install/moveit_configs_utils:/home/jeff/ws_moveit/install/launch_param_builder:/home/jeff/turtlebot3_ws/install/turtlebot3_teleop:/home/jeff/turtlebot3_ws/install/turtlebot3_example:/opt/ros/humble /usr/bin/cmake --build /home/jeff/interbotix_ws/build/moveit_visual_tools -- -j4 -l4
[0.936s] Invoking command in '/home/jeff/interbotix_ws/build/moveit_visual_tools': CMAKE_PREFIX_PATH=${CMAKE_PREFIX_PATH}:/home/jeff/interbotix_ws/install/px100_test:/home/jeff/interbotix_ws/install/interbotix_xs_modules:/home/jeff/interbotix_ws/install/interbotix_perception_modules:/home/jeff/interbotix_ws/install/interbotix_common_modules:/home/jeff/ws_moveit/install/moveit_configs_utils:/home/jeff/ws_moveit/install/launch_param_builder:/home/jeff/turtlebot3_ws/install/turtlebot3_teleop:/home/jeff/turtlebot3_ws/install/turtlebot3_example:/opt/ros/humble /usr/bin/cmake --install /home/jeff/interbotix_ws/build/moveit_visual_tools
[0.991s] -- Install configuration: "Release"
[1.002s] -- Up-to-date: /home/jeff/interbotix_ws/install/moveit_visual_tools/share/moveit_visual_tools/environment/library_path.sh
[1.002s] -- Up-to-date: /home/jeff/interbotix_ws/install/moveit_visual_tools/share/moveit_visual_tools/environment/library_path.dsv
[1.003s] -- Up-to-date: /home/jeff/interbotix_ws/install/moveit_visual_tools/lib/libmoveit_visual_tools.so
[1.003s] -- Up-to-date: /home/jeff/interbotix_ws/install/moveit_visual_tools/lib/moveit_visual_tools/moveit_visual_tools_demo
[1.003s] -- Up-to-date: /home/jeff/interbotix_ws/install/moveit_visual_tools/include
[1.003s] -- Up-to-date: /home/jeff/interbotix_ws/install/moveit_visual_tools/include/moveit_visual_tools
[1.003s] -- Up-to-date: /home/jeff/interbotix_ws/install/moveit_visual_tools/include/moveit_visual_tools/moveit_visual_tools.h
[1.003s] -- Up-to-date: /home/jeff/interbotix_ws/install/moveit_visual_tools/include/moveit_visual_tools/imarker_end_effector.h
[1.003s] -- Up-to-date: /home/jeff/interbotix_ws/install/moveit_visual_tools/include/moveit_visual_tools/imarker_robot_state.h
[1.003s] -- Up-to-date: /home/jeff/interbotix_ws/install/moveit_visual_tools/share/moveit_visual_tools/launch
[1.003s] -- Up-to-date: /home/jeff/interbotix_ws/install/moveit_visual_tools/share/moveit_visual_tools/launch/demo.rviz
[1.003s] -- Up-to-date: /home/jeff/interbotix_ws/install/moveit_visual_tools/share/moveit_visual_tools/launch/demo_rviz.launch.py
[1.003s] -- Up-to-date: /home/jeff/interbotix_ws/install/moveit_visual_tools/share/moveit_visual_tools/resources
[1.003s] -- Up-to-date: /home/jeff/interbotix_ws/install/moveit_visual_tools/share/moveit_visual_tools/resources/rrbot.srdf
[1.003s] -- Up-to-date: /home/jeff/interbotix_ws/install/moveit_visual_tools/share/moveit_visual_tools/resources/rrbot.urdf
[1.003s] -- Up-to-date: /home/jeff/interbotix_ws/install/moveit_visual_tools/share/moveit_visual_tools/resources/demo_mesh.stl
[1.003s] -- Up-to-date: /home/jeff/interbotix_ws/install/moveit_visual_tools/share/moveit_visual_tools/resources/screenshot.png
[1.003s] -- Up-to-date: /home/jeff/interbotix_ws/install/moveit_visual_tools/share/moveit_visual_tools/resources/demo.png
[1.003s] -- Up-to-date: /home/jeff/interbotix_ws/install/moveit_visual_tools/share/ament_index/resource_index/package_run_dependencies/moveit_visual_tools
[1.003s] -- Up-to-date: /home/jeff/interbotix_ws/install/moveit_visual_tools/share/ament_index/resource_index/parent_prefix_path/moveit_visual_tools
[1.003s] -- Up-to-date: /home/jeff/interbotix_ws/install/moveit_visual_tools/share/moveit_visual_tools/environment/ament_prefix_path.sh
[1.003s] -- Up-to-date: /home/jeff/interbotix_ws/install/moveit_visual_tools/share/moveit_visual_tools/environment/ament_prefix_path.dsv
[1.003s] -- Up-to-date: /home/jeff/interbotix_ws/install/moveit_visual_tools/share/moveit_visual_tools/environment/path.sh
[1.003s] -- Up-to-date: /home/jeff/interbotix_ws/install/moveit_visual_tools/share/moveit_visual_tools/environment/path.dsv
[1.003s] -- Up-to-date: /home/jeff/interbotix_ws/install/moveit_visual_tools/share/moveit_visual_tools/local_setup.bash
[1.003s] -- Up-to-date: /home/jeff/interbotix_ws/install/moveit_visual_tools/share/moveit_visual_tools/local_setup.sh
[1.004s] -- Up-to-date: /home/jeff/interbotix_ws/install/moveit_visual_tools/share/moveit_visual_tools/local_setup.zsh
[1.004s] -- Up-to-date: /home/jeff/interbotix_ws/install/moveit_visual_tools/share/moveit_visual_tools/local_setup.dsv
[1.004s] -- Installing: /home/jeff/interbotix_ws/install/moveit_visual_tools/share/moveit_visual_tools/package.dsv
[1.004s] -- Up-to-date: /home/jeff/interbotix_ws/install/moveit_visual_tools/share/ament_index/resource_index/packages/moveit_visual_tools
[1.004s] -- Up-to-date: /home/jeff/interbotix_ws/install/moveit_visual_tools/share/moveit_visual_tools/cmake/export_moveit_visual_toolsExport.cmake
[1.004s] -- Up-to-date: /home/jeff/interbotix_ws/install/moveit_visual_tools/share/moveit_visual_tools/cmake/export_moveit_visual_toolsExport-release.cmake
[1.004s] -- Up-to-date: /home/jeff/interbotix_ws/install/moveit_visual_tools/share/moveit_visual_tools/cmake/ament_cmake_export_targets-extras.cmake
[1.004s] -- Up-to-date: /home/jeff/interbotix_ws/install/moveit_visual_tools/share/moveit_visual_tools/cmake/ament_cmake_export_dependencies-extras.cmake
[1.004s] -- Up-to-date: /home/jeff/interbotix_ws/install/moveit_visual_tools/share/moveit_visual_tools/cmake/moveit_visual_toolsConfig.cmake
[1.004s] -- Up-to-date: /home/jeff/interbotix_ws/install/moveit_visual_tools/share/moveit_visual_tools/cmake/moveit_visual_toolsConfig-version.cmake
[1.004s] -- Up-to-date: /home/jeff/interbotix_ws/install/moveit_visual_tools/share/moveit_visual_tools/package.xml
[1.010s] Invoked command in '/home/jeff/interbotix_ws/build/moveit_visual_tools' returned '0': CMAKE_PREFIX_PATH=${CMAKE_PREFIX_PATH}:/home/jeff/interbotix_ws/install/px100_test:/home/jeff/interbotix_ws/install/interbotix_xs_modules:/home/jeff/interbotix_ws/install/interbotix_perception_modules:/home/jeff/interbotix_ws/install/interbotix_common_modules:/home/jeff/ws_moveit/install/moveit_configs_utils:/home/jeff/ws_moveit/install/launch_param_builder:/home/jeff/turtlebot3_ws/install/turtlebot3_teleop:/home/jeff/turtlebot3_ws/install/turtlebot3_example:/opt/ros/humble /usr/bin/cmake --install /home/jeff/interbotix_ws/build/moveit_visual_tools
